[35m[1mConsolidate compiler generated dependencies of target rm_serial_driver[0m
[35m[1mConsolidate compiler generated dependencies of target rm_serial_driver_node[0m
[ 20%] [32mBuilding CXX object CMakeFiles/rm_serial_driver.dir/src/rm_serial_driver.cpp.o[0m
[ 60%] Built target rm_serial_driver_node
[ 80%] [32m[1mLinking CXX shared library librm_serial_driver.so[0m
[100%] Built target rm_serial_driver
-- Install configuration: ""
-- Execute custom install script
-- Symlinking: /home/kyle/ros_ws/install/rm_serial_driver/lib/rm_serial_driver/rm_serial_driver_node
-- Symlinking: /home/kyle/ros_ws/install/rm_serial_driver/include/rm_serial_driver/crc.hpp
-- Symlinking: /home/kyle/ros_ws/install/rm_serial_driver/include/rm_serial_driver/packet.hpp
-- Symlinking: /home/kyle/ros_ws/install/rm_serial_driver/include/rm_serial_driver/rm_serial_driver.hpp
-- Symlinking: /home/kyle/ros_ws/install/rm_serial_driver/share/rm_serial_driver/environment/library_path.sh
-- Symlinking: /home/kyle/ros_ws/install/rm_serial_driver/share/rm_serial_driver/environment/library_path.dsv
-- Symlinking: /home/kyle/ros_ws/install/rm_serial_driver/lib/librm_serial_driver.so
-- Symlinking: /home/kyle/ros_ws/install/rm_serial_driver/share/rm_serial_driver/config/serial_driver.yaml
-- Symlinking: /home/kyle/ros_ws/install/rm_serial_driver/share/rm_serial_driver/launch/serial_driver.launch.py
-- Symlinking: /home/kyle/ros_ws/install/rm_serial_driver/share/ament_index/resource_index/package_run_dependencies/rm_serial_driver
-- Symlinking: /home/kyle/ros_ws/install/rm_serial_driver/share/ament_index/resource_index/parent_prefix_path/rm_serial_driver
-- Symlinking: /home/kyle/ros_ws/install/rm_serial_driver/share/rm_serial_driver/environment/ament_prefix_path.sh
-- Symlinking: /home/kyle/ros_ws/install/rm_serial_driver/share/rm_serial_driver/environment/ament_prefix_path.dsv
-- Symlinking: /home/kyle/ros_ws/install/rm_serial_driver/share/rm_serial_driver/environment/path.sh
-- Symlinking: /home/kyle/ros_ws/install/rm_serial_driver/share/rm_serial_driver/environment/path.dsv
-- Symlinking: /home/kyle/ros_ws/install/rm_serial_driver/share/rm_serial_driver/local_setup.bash
-- Symlinking: /home/kyle/ros_ws/install/rm_serial_driver/share/rm_serial_driver/local_setup.sh
-- Symlinking: /home/kyle/ros_ws/install/rm_serial_driver/share/rm_serial_driver/local_setup.zsh
-- Symlinking: /home/kyle/ros_ws/install/rm_serial_driver/share/rm_serial_driver/local_setup.dsv
-- Symlinking: /home/kyle/ros_ws/install/rm_serial_driver/share/rm_serial_driver/package.dsv
-- Symlinking: /home/kyle/ros_ws/install/rm_serial_driver/share/ament_index/resource_index/packages/rm_serial_driver
-- Symlinking: /home/kyle/ros_ws/install/rm_serial_driver/share/ament_index/resource_index/rclcpp_components/rm_serial_driver
-- Symlinking: /home/kyle/ros_ws/install/rm_serial_driver/share/rm_serial_driver/cmake/ament_cmake_export_dependencies-extras.cmake
-- Symlinking: /home/kyle/ros_ws/install/rm_serial_driver/share/rm_serial_driver/cmake/ament_cmake_export_include_directories-extras.cmake
-- Symlinking: /home/kyle/ros_ws/install/rm_serial_driver/share/rm_serial_driver/cmake/ament_cmake_export_libraries-extras.cmake
-- Symlinking: /home/kyle/ros_ws/install/rm_serial_driver/share/rm_serial_driver/cmake/rm_serial_driverConfig.cmake
-- Symlinking: /home/kyle/ros_ws/install/rm_serial_driver/share/rm_serial_driver/cmake/rm_serial_driverConfig-version.cmake
-- Symlinking: /home/kyle/ros_ws/install/rm_serial_driver/share/rm_serial_driver/package.xml
