[0.017s] Invoking command in '/home/kyle/ros_ws/build/rm_serial_driver': AMENT_PREFIX_PATH=/home/kyle/ros_ws/install/auto_aim_interfaces:${AMENT_PREFIX_PATH} CMAKE_PREFIX_PATH=/home/kyle/ros_ws/install/auto_aim_interfaces:/home/kyle/study/ROS/ws01_plumbing/install/cpp04_param:/home/kyle/study/ROS/ws01_plumbing/install/cpp03_action:/home/kyle/study/ROS/ws01_plumbing/install/cpp02_service:/home/kyle/study/ROS/ws01_plumbing/install/cpp01_topic:/home/kyle/study/ROS/ws01_plumbing/install/base_interfaces_demo:/home/kyle/study/ROS/ws01_plumbing/base_interfaces_demo/install/base_interfaces_demo:/home/kyle/study/ROS/ws00_helloworld/install/pkg01_helloworld_cpp:/home/kyle/study/ROS/ws00_helloworld/install/cpp01_topic:/opt/ros/humble LD_LIBRARY_PATH=/home/kyle/ros_ws/install/auto_aim_interfaces/lib:${LD_LIBRARY_PATH} PYTHONPATH=/home/kyle/ros_ws/install/auto_aim_interfaces/local/lib/python3.10/dist-packages:${PYTHONPATH} /usr/bin/cmake --build /home/kyle/ros_ws/build/rm_serial_driver -- -j32 -l32
[0.079s] [35m[1mConsolidate compiler generated dependencies of target rm_serial_driver[0m
[0.082s] [35m[1mConsolidate compiler generated dependencies of target rm_serial_driver_node[0m
[0.106s] [ 20%] [32mBuilding CXX object CMakeFiles/rm_serial_driver.dir/src/rm_serial_driver.cpp.o[0m
[0.110s] [ 60%] Built target rm_serial_driver_node
[11.758s] [ 80%] [32m[1mLinking CXX shared library librm_serial_driver.so[0m
[12.511s] [100%] Built target rm_serial_driver
[12.524s] Invoked command in '/home/kyle/ros_ws/build/rm_serial_driver' returned '0': AMENT_PREFIX_PATH=/home/kyle/ros_ws/install/auto_aim_interfaces:${AMENT_PREFIX_PATH} CMAKE_PREFIX_PATH=/home/kyle/ros_ws/install/auto_aim_interfaces:/home/kyle/study/ROS/ws01_plumbing/install/cpp04_param:/home/kyle/study/ROS/ws01_plumbing/install/cpp03_action:/home/kyle/study/ROS/ws01_plumbing/install/cpp02_service:/home/kyle/study/ROS/ws01_plumbing/install/cpp01_topic:/home/kyle/study/ROS/ws01_plumbing/install/base_interfaces_demo:/home/kyle/study/ROS/ws01_plumbing/base_interfaces_demo/install/base_interfaces_demo:/home/kyle/study/ROS/ws00_helloworld/install/pkg01_helloworld_cpp:/home/kyle/study/ROS/ws00_helloworld/install/cpp01_topic:/opt/ros/humble LD_LIBRARY_PATH=/home/kyle/ros_ws/install/auto_aim_interfaces/lib:${LD_LIBRARY_PATH} PYTHONPATH=/home/kyle/ros_ws/install/auto_aim_interfaces/local/lib/python3.10/dist-packages:${PYTHONPATH} /usr/bin/cmake --build /home/kyle/ros_ws/build/rm_serial_driver -- -j32 -l32
[12.527s] Invoking command in '/home/kyle/ros_ws/build/rm_serial_driver': AMENT_PREFIX_PATH=/home/kyle/ros_ws/install/auto_aim_interfaces:${AMENT_PREFIX_PATH} CMAKE_PREFIX_PATH=/home/kyle/ros_ws/install/auto_aim_interfaces:/home/kyle/study/ROS/ws01_plumbing/install/cpp04_param:/home/kyle/study/ROS/ws01_plumbing/install/cpp03_action:/home/kyle/study/ROS/ws01_plumbing/install/cpp02_service:/home/kyle/study/ROS/ws01_plumbing/install/cpp01_topic:/home/kyle/study/ROS/ws01_plumbing/install/base_interfaces_demo:/home/kyle/study/ROS/ws01_plumbing/base_interfaces_demo/install/base_interfaces_demo:/home/kyle/study/ROS/ws00_helloworld/install/pkg01_helloworld_cpp:/home/kyle/study/ROS/ws00_helloworld/install/cpp01_topic:/opt/ros/humble LD_LIBRARY_PATH=/home/kyle/ros_ws/install/auto_aim_interfaces/lib:${LD_LIBRARY_PATH} PYTHONPATH=/home/kyle/ros_ws/install/auto_aim_interfaces/local/lib/python3.10/dist-packages:${PYTHONPATH} /usr/bin/cmake --install /home/kyle/ros_ws/build/rm_serial_driver
[12.538s] -- Install configuration: ""
[12.538s] -- Execute custom install script
[12.539s] -- Symlinking: /home/kyle/ros_ws/install/rm_serial_driver/lib/rm_serial_driver/rm_serial_driver_node
[12.551s] -- Symlinking: /home/kyle/ros_ws/install/rm_serial_driver/include/rm_serial_driver/crc.hpp
[12.563s] -- Symlinking: /home/kyle/ros_ws/install/rm_serial_driver/include/rm_serial_driver/packet.hpp
[12.575s] -- Symlinking: /home/kyle/ros_ws/install/rm_serial_driver/include/rm_serial_driver/rm_serial_driver.hpp
[12.586s] -- Symlinking: /home/kyle/ros_ws/install/rm_serial_driver/share/rm_serial_driver/environment/library_path.sh
[12.596s] -- Symlinking: /home/kyle/ros_ws/install/rm_serial_driver/share/rm_serial_driver/environment/library_path.dsv
[12.607s] -- Symlinking: /home/kyle/ros_ws/install/rm_serial_driver/lib/librm_serial_driver.so
[12.618s] -- Symlinking: /home/kyle/ros_ws/install/rm_serial_driver/share/rm_serial_driver/config/serial_driver.yaml
[12.630s] -- Symlinking: /home/kyle/ros_ws/install/rm_serial_driver/share/rm_serial_driver/launch/serial_driver.launch.py
[12.640s] -- Symlinking: /home/kyle/ros_ws/install/rm_serial_driver/share/ament_index/resource_index/package_run_dependencies/rm_serial_driver
[12.652s] -- Symlinking: /home/kyle/ros_ws/install/rm_serial_driver/share/ament_index/resource_index/parent_prefix_path/rm_serial_driver
[12.664s] -- Symlinking: /home/kyle/ros_ws/install/rm_serial_driver/share/rm_serial_driver/environment/ament_prefix_path.sh
[12.679s] -- Symlinking: /home/kyle/ros_ws/install/rm_serial_driver/share/rm_serial_driver/environment/ament_prefix_path.dsv
[12.693s] -- Symlinking: /home/kyle/ros_ws/install/rm_serial_driver/share/rm_serial_driver/environment/path.sh
[12.704s] -- Symlinking: /home/kyle/ros_ws/install/rm_serial_driver/share/rm_serial_driver/environment/path.dsv
[12.714s] -- Symlinking: /home/kyle/ros_ws/install/rm_serial_driver/share/rm_serial_driver/local_setup.bash
[12.725s] -- Symlinking: /home/kyle/ros_ws/install/rm_serial_driver/share/rm_serial_driver/local_setup.sh
[12.736s] -- Symlinking: /home/kyle/ros_ws/install/rm_serial_driver/share/rm_serial_driver/local_setup.zsh
[12.746s] -- Symlinking: /home/kyle/ros_ws/install/rm_serial_driver/share/rm_serial_driver/local_setup.dsv
[12.757s] -- Symlinking: /home/kyle/ros_ws/install/rm_serial_driver/share/rm_serial_driver/package.dsv
[12.771s] -- Symlinking: /home/kyle/ros_ws/install/rm_serial_driver/share/ament_index/resource_index/packages/rm_serial_driver
[12.783s] -- Symlinking: /home/kyle/ros_ws/install/rm_serial_driver/share/ament_index/resource_index/rclcpp_components/rm_serial_driver
[12.795s] -- Symlinking: /home/kyle/ros_ws/install/rm_serial_driver/share/rm_serial_driver/cmake/ament_cmake_export_dependencies-extras.cmake
[12.807s] -- Symlinking: /home/kyle/ros_ws/install/rm_serial_driver/share/rm_serial_driver/cmake/ament_cmake_export_include_directories-extras.cmake
[12.819s] -- Symlinking: /home/kyle/ros_ws/install/rm_serial_driver/share/rm_serial_driver/cmake/ament_cmake_export_libraries-extras.cmake
[12.829s] -- Symlinking: /home/kyle/ros_ws/install/rm_serial_driver/share/rm_serial_driver/cmake/rm_serial_driverConfig.cmake
[12.842s] -- Symlinking: /home/kyle/ros_ws/install/rm_serial_driver/share/rm_serial_driver/cmake/rm_serial_driverConfig-version.cmake
[12.854s] -- Symlinking: /home/kyle/ros_ws/install/rm_serial_driver/share/rm_serial_driver/package.xml
[12.867s] Invoked command in '/home/kyle/ros_ws/build/rm_serial_driver' returned '0': AMENT_PREFIX_PATH=/home/kyle/ros_ws/install/auto_aim_interfaces:${AMENT_PREFIX_PATH} CMAKE_PREFIX_PATH=/home/kyle/ros_ws/install/auto_aim_interfaces:/home/kyle/study/ROS/ws01_plumbing/install/cpp04_param:/home/kyle/study/ROS/ws01_plumbing/install/cpp03_action:/home/kyle/study/ROS/ws01_plumbing/install/cpp02_service:/home/kyle/study/ROS/ws01_plumbing/install/cpp01_topic:/home/kyle/study/ROS/ws01_plumbing/install/base_interfaces_demo:/home/kyle/study/ROS/ws01_plumbing/base_interfaces_demo/install/base_interfaces_demo:/home/kyle/study/ROS/ws00_helloworld/install/pkg01_helloworld_cpp:/home/kyle/study/ROS/ws00_helloworld/install/cpp01_topic:/opt/ros/humble LD_LIBRARY_PATH=/home/kyle/ros_ws/install/auto_aim_interfaces/lib:${LD_LIBRARY_PATH} PYTHONPATH=/home/kyle/ros_ws/install/auto_aim_interfaces/local/lib/python3.10/dist-packages:${PYTHONPATH} /usr/bin/cmake --install /home/kyle/ros_ws/build/rm_serial_driver
