[0.014s] Invoking command in '/home/kyle/RM/tracker_2024/build/hik_camera': CMAKE_PREFIX_PATH=/opt/ros/humble /usr/bin/cmake /home/kyle/RM/tracker_2024/src/ros2_hik_camera -DCMAKE_INSTALL_PREFIX=/home/kyle/RM/tracker_2024/install/hik_camera
[0.071s] -- The C compiler identification is GNU 11.4.0
[0.118s] -- The CXX compiler identification is GNU 11.4.0
[0.124s] -- Detecting C compiler ABI info
[0.171s] -- Detecting C compiler ABI info - done
[0.175s] -- Check for working C compiler: /usr/bin/cc - skipped
[0.175s] -- Detecting C compile features
[0.176s] -- Detecting C compile features - done
[0.178s] -- Detecting CXX compiler ABI info
[0.229s] -- Detecting CXX compiler ABI info - done
[0.233s] -- Check for working CXX compiler: /usr/bin/c++ - skipped
[0.233s] -- Detecting CXX compile features
[0.233s] -- Detecting CXX compile features - done
[0.234s] -- Found ament_cmake_auto: 1.3.11 (/opt/ros/humble/share/ament_cmake_auto/cmake)
[0.614s] -- Found Python3: /usr/bin/python3 (found version "3.10.12") found components: Interpreter 
[0.721s] -- Found rosidl_generator_c: 3.1.6 (/opt/ros/humble/share/rosidl_generator_c/cmake)
[0.723s] -- Found rosidl_adapter: 3.1.6 (/opt/ros/humble/share/rosidl_adapter/cmake)
[0.727s] -- Found rosidl_generator_cpp: 3.1.6 (/opt/ros/humble/share/rosidl_generator_cpp/cmake)
[0.734s] -- Using all available rosidl_typesupport_c: rosidl_typesupport_fastrtps_c;rosidl_typesupport_introspection_c
[0.741s] -- Using all available rosidl_typesupport_cpp: rosidl_typesupport_fastrtps_cpp;rosidl_typesupport_introspection_cpp
[0.764s] -- Found rmw_implementation_cmake: 6.1.2 (/opt/ros/humble/share/rmw_implementation_cmake/cmake)
[0.767s] -- Found rmw_fastrtps_cpp: 6.2.7 (/opt/ros/humble/share/rmw_fastrtps_cpp/cmake)
[0.835s] -- Found OpenSSL: /usr/lib/x86_64-linux-gnu/libcrypto.so (found version "3.0.2")  
[0.855s] -- Found FastRTPS: /opt/ros/humble/include  
[0.879s] -- Using RMW implementation 'rmw_fastrtps_cpp' as default
[0.886s] -- Looking for pthread.h
[0.935s] -- Looking for pthread.h - found
[0.935s] -- Performing Test CMAKE_HAVE_LIBC_PTHREAD
[0.984s] -- Performing Test CMAKE_HAVE_LIBC_PTHREAD - Success
[0.985s] -- Found Threads: TRUE  
[1.079s] -- Found ament_lint_auto: 0.12.11 (/opt/ros/humble/share/ament_lint_auto/cmake)
[1.088s] -- Added test 'cppcheck' to perform static code analysis on C / C++ code
[1.088s] -- Configured cppcheck include dirs: /home/kyle/RM/tracker_2024/src/ros2_hik_camera/hikSDK/include
[1.088s] -- Configured cppcheck exclude dirs and/or files: 
[1.089s] -- Added test 'flake8' to check Python code syntax and style conventions
[1.089s] -- Added test 'lint_cmake' to check CMake code style
[1.089s] -- Added test 'pep257' to check Python code against some of the docstring style conventions in PEP 257
[1.089s] -- Added test 'xmllint' to check XML markup files
[1.090s] -- Configuring done
[1.096s] -- Generating done
[1.099s] -- Build files have been written to: /home/kyle/RM/tracker_2024/build/hik_camera
[1.105s] Invoked command in '/home/kyle/RM/tracker_2024/build/hik_camera' returned '0': CMAKE_PREFIX_PATH=/opt/ros/humble /usr/bin/cmake /home/kyle/RM/tracker_2024/src/ros2_hik_camera -DCMAKE_INSTALL_PREFIX=/home/kyle/RM/tracker_2024/install/hik_camera
[1.105s] Invoking command in '/home/kyle/RM/tracker_2024/build/hik_camera': CMAKE_PREFIX_PATH=/opt/ros/humble /usr/bin/cmake --build /home/kyle/RM/tracker_2024/build/hik_camera -- -j32 -l32
[1.139s] [ 50%] [32mBuilding CXX object CMakeFiles/hik_camera_node.dir/rclcpp_components/node_main_hik_camera_node.cpp.o[0m
[1.139s] [ 50%] [32mBuilding CXX object CMakeFiles/hik_camera.dir/src/hik_camera_node.cpp.o[0m
[3.498s] [ 75%] [32m[1mLinking CXX executable hik_camera_node[0m
[3.568s] [ 75%] Built target hik_camera_node
[3.717s] [100%] [32m[1mLinking CXX shared library libhik_camera.so[0m
[3.801s] [100%] Built target hik_camera
[3.808s] Invoked command in '/home/kyle/RM/tracker_2024/build/hik_camera' returned '0': CMAKE_PREFIX_PATH=/opt/ros/humble /usr/bin/cmake --build /home/kyle/RM/tracker_2024/build/hik_camera -- -j32 -l32
[3.810s] Invoking command in '/home/kyle/RM/tracker_2024/build/hik_camera': CMAKE_PREFIX_PATH=/opt/ros/humble /usr/bin/cmake --install /home/kyle/RM/tracker_2024/build/hik_camera
[3.814s] -- Install configuration: ""
[3.814s] -- Installing: /home/kyle/RM/tracker_2024/install/hik_camera/lib
[3.814s] -- Installing: /home/kyle/RM/tracker_2024/install/hik_camera/lib/libMvCameraControl.so
[3.817s] -- Installing: /home/kyle/RM/tracker_2024/install/hik_camera/lib/libMediaProcess.so
[3.819s] -- Installing: /home/kyle/RM/tracker_2024/install/hik_camera/lib/libMVRender.so
[3.819s] -- Installing: /home/kyle/RM/tracker_2024/install/hik_camera/lib/libFormatConversion.so
[3.819s] -- Installing: /home/kyle/RM/tracker_2024/install/hik_camera/lib/libMvUsb3vTL.so
[3.822s] -- Installing: /home/kyle/RM/tracker_2024/install/hik_camera/lib/hik_camera/hik_camera_node
[3.823s] -- Set runtime path of "/home/kyle/RM/tracker_2024/install/hik_camera/lib/hik_camera/hik_camera_node" to ""
[3.823s] -- Installing: /home/kyle/RM/tracker_2024/install/hik_camera/share/hik_camera/environment/library_path.sh
[3.823s] -- Installing: /home/kyle/RM/tracker_2024/install/hik_camera/share/hik_camera/environment/library_path.dsv
[3.823s] -- Installing: /home/kyle/RM/tracker_2024/install/hik_camera/lib/libhik_camera.so
[3.824s] -- Set runtime path of "/home/kyle/RM/tracker_2024/install/hik_camera/lib/libhik_camera.so" to ""
[3.824s] -- Installing: /home/kyle/RM/tracker_2024/install/hik_camera/share/hik_camera/config
[3.824s] -- Installing: /home/kyle/RM/tracker_2024/install/hik_camera/share/hik_camera/config/camera_params.yaml
[3.824s] -- Installing: /home/kyle/RM/tracker_2024/install/hik_camera/share/hik_camera/config/camera_info.yaml
[3.824s] -- Installing: /home/kyle/RM/tracker_2024/install/hik_camera/share/hik_camera/launch
[3.824s] -- Installing: /home/kyle/RM/tracker_2024/install/hik_camera/share/hik_camera/launch/hik_camera.launch.py
[3.824s] -- Installing: /home/kyle/RM/tracker_2024/install/hik_camera/share/ament_index/resource_index/package_run_dependencies/hik_camera
[3.824s] -- Installing: /home/kyle/RM/tracker_2024/install/hik_camera/share/ament_index/resource_index/parent_prefix_path/hik_camera
[3.824s] -- Installing: /home/kyle/RM/tracker_2024/install/hik_camera/share/hik_camera/environment/ament_prefix_path.sh
[3.825s] -- Installing: /home/kyle/RM/tracker_2024/install/hik_camera/share/hik_camera/environment/ament_prefix_path.dsv
[3.825s] -- Installing: /home/kyle/RM/tracker_2024/install/hik_camera/share/hik_camera/environment/path.sh
[3.825s] -- Installing: /home/kyle/RM/tracker_2024/install/hik_camera/share/hik_camera/environment/path.dsv
[3.825s] -- Installing: /home/kyle/RM/tracker_2024/install/hik_camera/share/hik_camera/local_setup.bash
[3.825s] -- Installing: /home/kyle/RM/tracker_2024/install/hik_camera/share/hik_camera/local_setup.sh
[3.825s] -- Installing: /home/kyle/RM/tracker_2024/install/hik_camera/share/hik_camera/local_setup.zsh
[3.825s] -- Installing: /home/kyle/RM/tracker_2024/install/hik_camera/share/hik_camera/local_setup.dsv
[3.825s] -- Installing: /home/kyle/RM/tracker_2024/install/hik_camera/share/hik_camera/package.dsv
[3.825s] -- Installing: /home/kyle/RM/tracker_2024/install/hik_camera/share/ament_index/resource_index/packages/hik_camera
[3.825s] -- Installing: /home/kyle/RM/tracker_2024/install/hik_camera/share/ament_index/resource_index/rclcpp_components/hik_camera
[3.825s] -- Installing: /home/kyle/RM/tracker_2024/install/hik_camera/share/hik_camera/cmake/ament_cmake_export_dependencies-extras.cmake
[3.825s] -- Installing: /home/kyle/RM/tracker_2024/install/hik_camera/share/hik_camera/cmake/ament_cmake_export_libraries-extras.cmake
[3.825s] -- Installing: /home/kyle/RM/tracker_2024/install/hik_camera/share/hik_camera/cmake/hik_cameraConfig.cmake
[3.825s] -- Installing: /home/kyle/RM/tracker_2024/install/hik_camera/share/hik_camera/cmake/hik_cameraConfig-version.cmake
[3.825s] -- Installing: /home/kyle/RM/tracker_2024/install/hik_camera/share/hik_camera/package.xml
[3.826s] Invoked command in '/home/kyle/RM/tracker_2024/build/hik_camera' returned '0': CMAKE_PREFIX_PATH=/opt/ros/humble /usr/bin/cmake --install /home/kyle/RM/tracker_2024/build/hik_camera
