[35m[1mConsolidate compiler generated dependencies of target armor_detector_node[0m
[35m[1mConsolidate compiler generated dependencies of target gtest[0m
[35m[1mConsolidate compiler generated dependencies of target armor_detector[0m
[35m[1mConsolidate compiler generated dependencies of target gtest_main[0m
[ 13%] Built target armor_detector_node
[ 26%] Built target gtest_main
[ 40%] Built target gtest
[ 73%] Built target armor_detector
[35m[1mConsolidate compiler generated dependencies of target test_number_cls[0m
[35m[1mConsolidate compiler generated dependencies of target test_node_startup[0m
[ 86%] Built target test_number_cls
[100%] Built target test_node_startup
-- Install configuration: ""
-- Execute custom install script
-- Symlinking: /home/kyle/ros_ws/install/armor_detector/lib/armor_detector/armor_detector_node
-- Symlinking: /home/kyle/ros_ws/install/armor_detector/include/armor_detector/armor.hpp
-- Symlinking: /home/kyle/ros_ws/install/armor_detector/include/armor_detector/detector.hpp
-- Symlinking: /home/kyle/ros_ws/install/armor_detector/include/armor_detector/detector_node.hpp
-- Symlinking: /home/kyle/ros_ws/install/armor_detector/include/armor_detector/number_classifier.hpp
-- Symlinking: /home/kyle/ros_ws/install/armor_detector/include/armor_detector/pnp_solver.hpp
-- Symlinking: /home/kyle/ros_ws/install/armor_detector/share/armor_detector/environment/library_path.sh
-- Symlinking: /home/kyle/ros_ws/install/armor_detector/share/armor_detector/environment/library_path.dsv
-- Symlinking: /home/kyle/ros_ws/install/armor_detector/lib/libarmor_detector.so
-- Symlinking: /home/kyle/ros_ws/install/armor_detector/share/armor_detector/model/label.txt
-- Symlinking: /home/kyle/ros_ws/install/armor_detector/share/armor_detector/model/mlp.onnx
-- Symlinking: /home/kyle/ros_ws/install/armor_detector/share/ament_index/resource_index/package_run_dependencies/armor_detector
-- Symlinking: /home/kyle/ros_ws/install/armor_detector/share/ament_index/resource_index/parent_prefix_path/armor_detector
-- Symlinking: /home/kyle/ros_ws/install/armor_detector/share/armor_detector/environment/ament_prefix_path.sh
-- Symlinking: /home/kyle/ros_ws/install/armor_detector/share/armor_detector/environment/ament_prefix_path.dsv
-- Symlinking: /home/kyle/ros_ws/install/armor_detector/share/armor_detector/environment/path.sh
-- Symlinking: /home/kyle/ros_ws/install/armor_detector/share/armor_detector/environment/path.dsv
-- Symlinking: /home/kyle/ros_ws/install/armor_detector/share/armor_detector/local_setup.bash
-- Symlinking: /home/kyle/ros_ws/install/armor_detector/share/armor_detector/local_setup.sh
-- Symlinking: /home/kyle/ros_ws/install/armor_detector/share/armor_detector/local_setup.zsh
-- Symlinking: /home/kyle/ros_ws/install/armor_detector/share/armor_detector/local_setup.dsv
-- Symlinking: /home/kyle/ros_ws/install/armor_detector/share/armor_detector/package.dsv
-- Symlinking: /home/kyle/ros_ws/install/armor_detector/share/ament_index/resource_index/packages/armor_detector
-- Symlinking: /home/kyle/ros_ws/install/armor_detector/share/ament_index/resource_index/rclcpp_components/armor_detector
-- Symlinking: /home/kyle/ros_ws/install/armor_detector/share/armor_detector/cmake/ament_cmake_export_dependencies-extras.cmake
-- Symlinking: /home/kyle/ros_ws/install/armor_detector/share/armor_detector/cmake/ament_cmake_export_include_directories-extras.cmake
-- Symlinking: /home/kyle/ros_ws/install/armor_detector/share/armor_detector/cmake/ament_cmake_export_libraries-extras.cmake
-- Symlinking: /home/kyle/ros_ws/install/armor_detector/share/armor_detector/cmake/armor_detectorConfig.cmake
-- Symlinking: /home/kyle/ros_ws/install/armor_detector/share/armor_detector/cmake/armor_detectorConfig-version.cmake
-- Symlinking: /home/kyle/ros_ws/install/armor_detector/share/armor_detector/package.xml
