[0.016s] Invoking command in '/home/kyle/ros_ws/build/armor_tracker': AMENT_PREFIX_PATH=/home/kyle/ros_ws/install/auto_aim_interfaces:${AMENT_PREFIX_PATH} CMAKE_PREFIX_PATH=/home/kyle/ros_ws/install/auto_aim_interfaces:/home/kyle/study/ROS/ws01_plumbing/install/cpp04_param:/home/kyle/study/ROS/ws01_plumbing/install/cpp03_action:/home/kyle/study/ROS/ws01_plumbing/install/cpp02_service:/home/kyle/study/ROS/ws01_plumbing/install/cpp01_topic:/home/kyle/study/ROS/ws01_plumbing/install/base_interfaces_demo:/home/kyle/study/ROS/ws01_plumbing/base_interfaces_demo/install/base_interfaces_demo:/home/kyle/study/ROS/ws00_helloworld/install/pkg01_helloworld_cpp:/home/kyle/study/ROS/ws00_helloworld/install/cpp01_topic:/opt/ros/humble LD_LIBRARY_PATH=/home/kyle/ros_ws/install/auto_aim_interfaces/lib:${LD_LIBRARY_PATH} PYTHONPATH=/home/kyle/ros_ws/install/auto_aim_interfaces/local/lib/python3.10/dist-packages:${PYTHONPATH} /usr/bin/cmake /home/kyle/ros_ws/rm_auto_aim/armor_tracker -DAMENT_CMAKE_SYMLINK_INSTALL=1 -DCMAKE_INSTALL_PREFIX=/home/kyle/ros_ws/install/armor_tracker
[0.075s] -- The C compiler identification is GNU 11.4.0
[0.140s] -- The CXX compiler identification is GNU 11.4.0
[0.149s] -- Detecting C compiler ABI info
[0.239s] -- Detecting C compiler ABI info - done
[0.247s] -- Check for working C compiler: /usr/bin/cc - skipped
[0.248s] -- Detecting C compile features
[0.248s] -- Detecting C compile features - done
[0.252s] -- Detecting CXX compiler ABI info
[0.346s] -- Detecting CXX compiler ABI info - done
[0.355s] -- Check for working CXX compiler: /usr/bin/c++ - skipped
[0.355s] -- Detecting CXX compile features
[0.356s] -- Detecting CXX compile features - done
[0.358s] -- Found ament_cmake_auto: 1.3.11 (/opt/ros/humble/share/ament_cmake_auto/cmake)
[0.553s] -- Found Python3: /usr/bin/python3 (found version "3.10.12") found components: Interpreter 
[0.624s] -- Override CMake install command with custom implementation using symlinks instead of copying resources
[0.782s] -- Found rosidl_generator_c: 3.1.6 (/opt/ros/humble/share/rosidl_generator_c/cmake)
[0.788s] -- Found rosidl_adapter: 3.1.6 (/opt/ros/humble/share/rosidl_adapter/cmake)
[0.797s] -- Found rosidl_generator_cpp: 3.1.6 (/opt/ros/humble/share/rosidl_generator_cpp/cmake)
[0.812s] -- Using all available rosidl_typesupport_c: rosidl_typesupport_fastrtps_c;rosidl_typesupport_introspection_c
[0.830s] -- Using all available rosidl_typesupport_cpp: rosidl_typesupport_fastrtps_cpp;rosidl_typesupport_introspection_cpp
[0.881s] -- Found rmw_implementation_cmake: 6.1.2 (/opt/ros/humble/share/rmw_implementation_cmake/cmake)
[0.885s] -- Found rmw_fastrtps_cpp: 6.2.7 (/opt/ros/humble/share/rmw_fastrtps_cpp/cmake)
[0.999s] -- Found OpenSSL: /usr/lib/x86_64-linux-gnu/libcrypto.so (found version "3.0.2")  
[1.033s] -- Found FastRTPS: /opt/ros/humble/include  
[1.082s] -- Using RMW implementation 'rmw_fastrtps_cpp' as default
[1.091s] -- Looking for pthread.h
[1.182s] -- Looking for pthread.h - found
[1.182s] -- Performing Test CMAKE_HAVE_LIBC_PTHREAD
[1.270s] -- Performing Test CMAKE_HAVE_LIBC_PTHREAD - Success
[1.271s] -- Found Threads: TRUE  
[1.479s] -- Found eigen3_cmake_module: 0.1.1 (/opt/ros/humble/share/eigen3_cmake_module/cmake)
[1.480s] -- Found Eigen3: TRUE (found version "3.4.0") 
[1.480s] -- Ensuring Eigen3 include directory is part of orocos-kdl CMake target
[1.586s] -- Found ament_lint_auto: 0.12.11 (/opt/ros/humble/share/ament_lint_auto/cmake)
[1.615s] -- Added test 'cppcheck' to perform static code analysis on C / C++ code
[1.615s] -- Configured cppcheck include dirs: /home/kyle/ros_ws/rm_auto_aim/armor_tracker/include
[1.615s] -- Configured cppcheck exclude dirs and/or files: 
[1.616s] -- Added test 'lint_cmake' to check CMake code style
[1.617s] -- Added test 'xmllint' to check XML markup files
[1.618s] -- Added test 'clang_format' to check C / C++ code style
[1.621s] -- Configuring done
[1.640s] -- Generating done
[1.646s] -- Build files have been written to: /home/kyle/ros_ws/build/armor_tracker
[1.658s] Invoked command in '/home/kyle/ros_ws/build/armor_tracker' returned '0': AMENT_PREFIX_PATH=/home/kyle/ros_ws/install/auto_aim_interfaces:${AMENT_PREFIX_PATH} CMAKE_PREFIX_PATH=/home/kyle/ros_ws/install/auto_aim_interfaces:/home/kyle/study/ROS/ws01_plumbing/install/cpp04_param:/home/kyle/study/ROS/ws01_plumbing/install/cpp03_action:/home/kyle/study/ROS/ws01_plumbing/install/cpp02_service:/home/kyle/study/ROS/ws01_plumbing/install/cpp01_topic:/home/kyle/study/ROS/ws01_plumbing/install/base_interfaces_demo:/home/kyle/study/ROS/ws01_plumbing/base_interfaces_demo/install/base_interfaces_demo:/home/kyle/study/ROS/ws00_helloworld/install/pkg01_helloworld_cpp:/home/kyle/study/ROS/ws00_helloworld/install/cpp01_topic:/opt/ros/humble LD_LIBRARY_PATH=/home/kyle/ros_ws/install/auto_aim_interfaces/lib:${LD_LIBRARY_PATH} PYTHONPATH=/home/kyle/ros_ws/install/auto_aim_interfaces/local/lib/python3.10/dist-packages:${PYTHONPATH} /usr/bin/cmake /home/kyle/ros_ws/rm_auto_aim/armor_tracker -DAMENT_CMAKE_SYMLINK_INSTALL=1 -DCMAKE_INSTALL_PREFIX=/home/kyle/ros_ws/install/armor_tracker
[1.660s] Invoking command in '/home/kyle/ros_ws/build/armor_tracker': AMENT_PREFIX_PATH=/home/kyle/ros_ws/install/auto_aim_interfaces:${AMENT_PREFIX_PATH} CMAKE_PREFIX_PATH=/home/kyle/ros_ws/install/auto_aim_interfaces:/home/kyle/study/ROS/ws01_plumbing/install/cpp04_param:/home/kyle/study/ROS/ws01_plumbing/install/cpp03_action:/home/kyle/study/ROS/ws01_plumbing/install/cpp02_service:/home/kyle/study/ROS/ws01_plumbing/install/cpp01_topic:/home/kyle/study/ROS/ws01_plumbing/install/base_interfaces_demo:/home/kyle/study/ROS/ws01_plumbing/base_interfaces_demo/install/base_interfaces_demo:/home/kyle/study/ROS/ws00_helloworld/install/pkg01_helloworld_cpp:/home/kyle/study/ROS/ws00_helloworld/install/cpp01_topic:/opt/ros/humble LD_LIBRARY_PATH=/home/kyle/ros_ws/install/auto_aim_interfaces/lib:${LD_LIBRARY_PATH} PYTHONPATH=/home/kyle/ros_ws/install/auto_aim_interfaces/local/lib/python3.10/dist-packages:${PYTHONPATH} /usr/bin/cmake --build /home/kyle/ros_ws/build/armor_tracker -- -j32 -l32
[1.729s] [ 16%] [32mBuilding CXX object CMakeFiles/armor_tracker.dir/src/extended_kalman_filter.cpp.o[0m
[1.732s] [ 33%] [32mBuilding CXX object CMakeFiles/armor_tracker.dir/src/tracker_node.cpp.o[0m
[1.732s] [ 50%] [32mBuilding CXX object CMakeFiles/armor_tracker_node.dir/rclcpp_components/node_main_armor_tracker_node.cpp.o[0m
[1.732s] [ 66%] [32mBuilding CXX object CMakeFiles/armor_tracker.dir/src/tracker.cpp.o[0m
[4.882s] [ 83%] [32m[1mLinking CXX executable armor_tracker_node[0m
[5.049s] [ 83%] Built target armor_tracker_node
[15.157s] [100%] [32m[1mLinking CXX shared library libarmor_tracker.so[0m
[16.131s] [100%] Built target armor_tracker
