[0.014s] Invoking command in '/home/kyle/RM/tracker_2024/build/rm_buff_bringup': AMENT_PREFIX_PATH=/home/kyle/RM/tracker_2024/install/rm_serial_driver:/home/kyle/RM/tracker_2024/install/buff_tracker:/home/kyle/RM/tracker_2024/install/buff_detector:/home/kyle/RM/tracker_2024/install/rm_gimbal_description:/home/kyle/RM/tracker_2024/install/buff_interfaces:/home/kyle/RM/tracker_2024/install/auto_aim_interfaces:${AMENT_PREFIX_PATH} CMAKE_PREFIX_PATH=/home/kyle/RM/tracker_2024/install/rm_serial_driver:/home/kyle/RM/tracker_2024/install/buff_tracker:/home/kyle/RM/tracker_2024/install/buff_detector:/home/kyle/RM/tracker_2024/install/rm_gimbal_description:/home/kyle/RM/tracker_2024/install/buff_interfaces:/home/kyle/RM/tracker_2024/install/auto_aim_interfaces:/opt/ros/humble LD_LIBRARY_PATH=/home/kyle/RM/tracker_2024/install/rm_serial_driver/lib:/home/kyle/RM/tracker_2024/install/buff_tracker/lib:/home/kyle/RM/tracker_2024/install/buff_detector/lib:/home/kyle/RM/tracker_2024/install/buff_interfaces/lib:/home/kyle/RM/tracker_2024/install/auto_aim_interfaces/lib:/usr/lib/x86_64-linux-gnu/gazebo-11/plugins:/opt/ros/humble/opt/rviz_ogre_vendor/lib:/opt/ros/humble/lib/x86_64-linux-gnu:/opt/ros/humble/opt/openvdb_vendor/lib:/opt/ros/humble/lib:/usr/share/gazebo/../../lib/x86_64-linux-gnu/gazebo-11/plugins PYTHONPATH=/home/kyle/RM/tracker_2024/install/buff_interfaces/local/lib/python3.10/dist-packages:/home/kyle/RM/tracker_2024/install/auto_aim_interfaces/local/lib/python3.10/dist-packages:${PYTHONPATH} /usr/bin/cmake /home/kyle/RM/tracker_2024/src/rm_buff-main/rm_buff_bringup -DCMAKE_INSTALL_PREFIX=/home/kyle/RM/tracker_2024/install/rm_buff_bringup
[0.051s] -- The C compiler identification is GNU 11.4.0
[0.089s] -- The CXX compiler identification is GNU 11.4.0
[0.093s] -- Detecting C compiler ABI info
[0.146s] -- Detecting C compiler ABI info - done
[0.150s] -- Check for working C compiler: /usr/bin/cc - skipped
[0.150s] -- Detecting C compile features
[0.150s] -- Detecting C compile features - done
[0.152s] -- Detecting CXX compiler ABI info
[0.207s] -- Detecting CXX compiler ABI info - done
[0.212s] -- Check for working CXX compiler: /usr/bin/c++ - skipped
[0.212s] -- Detecting CXX compile features
[0.212s] -- Detecting CXX compile features - done
[0.213s] -- Found ament_cmake_auto: 1.3.11 (/opt/ros/humble/share/ament_cmake_auto/cmake)
[0.573s] -- Found Python3: /usr/bin/python3 (found version "3.10.12") found components: Interpreter 
[0.634s] -- Found ament_lint_auto: 0.12.11 (/opt/ros/humble/share/ament_lint_auto/cmake)
[0.687s] -- Added test 'flake8' to check Python code syntax and style conventions
[0.687s] -- Added test 'lint_cmake' to check CMake code style
[0.688s] -- Added test 'pep257' to check Python code against some of the docstring style conventions in PEP 257
[0.688s] -- Added test 'xmllint' to check XML markup files
[0.689s] -- Configuring done
[0.690s] -- Generating done
[0.691s] -- Build files have been written to: /home/kyle/RM/tracker_2024/build/rm_buff_bringup
[0.694s] Invoked command in '/home/kyle/RM/tracker_2024/build/rm_buff_bringup' returned '0': AMENT_PREFIX_PATH=/home/kyle/RM/tracker_2024/install/rm_serial_driver:/home/kyle/RM/tracker_2024/install/buff_tracker:/home/kyle/RM/tracker_2024/install/buff_detector:/home/kyle/RM/tracker_2024/install/rm_gimbal_description:/home/kyle/RM/tracker_2024/install/buff_interfaces:/home/kyle/RM/tracker_2024/install/auto_aim_interfaces:${AMENT_PREFIX_PATH} CMAKE_PREFIX_PATH=/home/kyle/RM/tracker_2024/install/rm_serial_driver:/home/kyle/RM/tracker_2024/install/buff_tracker:/home/kyle/RM/tracker_2024/install/buff_detector:/home/kyle/RM/tracker_2024/install/rm_gimbal_description:/home/kyle/RM/tracker_2024/install/buff_interfaces:/home/kyle/RM/tracker_2024/install/auto_aim_interfaces:/opt/ros/humble LD_LIBRARY_PATH=/home/kyle/RM/tracker_2024/install/rm_serial_driver/lib:/home/kyle/RM/tracker_2024/install/buff_tracker/lib:/home/kyle/RM/tracker_2024/install/buff_detector/lib:/home/kyle/RM/tracker_2024/install/buff_interfaces/lib:/home/kyle/RM/tracker_2024/install/auto_aim_interfaces/lib:/usr/lib/x86_64-linux-gnu/gazebo-11/plugins:/opt/ros/humble/opt/rviz_ogre_vendor/lib:/opt/ros/humble/lib/x86_64-linux-gnu:/opt/ros/humble/opt/openvdb_vendor/lib:/opt/ros/humble/lib:/usr/share/gazebo/../../lib/x86_64-linux-gnu/gazebo-11/plugins PYTHONPATH=/home/kyle/RM/tracker_2024/install/buff_interfaces/local/lib/python3.10/dist-packages:/home/kyle/RM/tracker_2024/install/auto_aim_interfaces/local/lib/python3.10/dist-packages:${PYTHONPATH} /usr/bin/cmake /home/kyle/RM/tracker_2024/src/rm_buff-main/rm_buff_bringup -DCMAKE_INSTALL_PREFIX=/home/kyle/RM/tracker_2024/install/rm_buff_bringup
[0.695s] Invoking command in '/home/kyle/RM/tracker_2024/build/rm_buff_bringup': AMENT_PREFIX_PATH=/home/kyle/RM/tracker_2024/install/rm_serial_driver:/home/kyle/RM/tracker_2024/install/buff_tracker:/home/kyle/RM/tracker_2024/install/buff_detector:/home/kyle/RM/tracker_2024/install/rm_gimbal_description:/home/kyle/RM/tracker_2024/install/buff_interfaces:/home/kyle/RM/tracker_2024/install/auto_aim_interfaces:${AMENT_PREFIX_PATH} CMAKE_PREFIX_PATH=/home/kyle/RM/tracker_2024/install/rm_serial_driver:/home/kyle/RM/tracker_2024/install/buff_tracker:/home/kyle/RM/tracker_2024/install/buff_detector:/home/kyle/RM/tracker_2024/install/rm_gimbal_description:/home/kyle/RM/tracker_2024/install/buff_interfaces:/home/kyle/RM/tracker_2024/install/auto_aim_interfaces:/opt/ros/humble LD_LIBRARY_PATH=/home/kyle/RM/tracker_2024/install/rm_serial_driver/lib:/home/kyle/RM/tracker_2024/install/buff_tracker/lib:/home/kyle/RM/tracker_2024/install/buff_detector/lib:/home/kyle/RM/tracker_2024/install/buff_interfaces/lib:/home/kyle/RM/tracker_2024/install/auto_aim_interfaces/lib:/usr/lib/x86_64-linux-gnu/gazebo-11/plugins:/opt/ros/humble/opt/rviz_ogre_vendor/lib:/opt/ros/humble/lib/x86_64-linux-gnu:/opt/ros/humble/opt/openvdb_vendor/lib:/opt/ros/humble/lib:/usr/share/gazebo/../../lib/x86_64-linux-gnu/gazebo-11/plugins PYTHONPATH=/home/kyle/RM/tracker_2024/install/buff_interfaces/local/lib/python3.10/dist-packages:/home/kyle/RM/tracker_2024/install/auto_aim_interfaces/local/lib/python3.10/dist-packages:${PYTHONPATH} /usr/bin/cmake --build /home/kyle/RM/tracker_2024/build/rm_buff_bringup -- -j32 -l32
[0.730s] Invoked command in '/home/kyle/RM/tracker_2024/build/rm_buff_bringup' returned '0': AMENT_PREFIX_PATH=/home/kyle/RM/tracker_2024/install/rm_serial_driver:/home/kyle/RM/tracker_2024/install/buff_tracker:/home/kyle/RM/tracker_2024/install/buff_detector:/home/kyle/RM/tracker_2024/install/rm_gimbal_description:/home/kyle/RM/tracker_2024/install/buff_interfaces:/home/kyle/RM/tracker_2024/install/auto_aim_interfaces:${AMENT_PREFIX_PATH} CMAKE_PREFIX_PATH=/home/kyle/RM/tracker_2024/install/rm_serial_driver:/home/kyle/RM/tracker_2024/install/buff_tracker:/home/kyle/RM/tracker_2024/install/buff_detector:/home/kyle/RM/tracker_2024/install/rm_gimbal_description:/home/kyle/RM/tracker_2024/install/buff_interfaces:/home/kyle/RM/tracker_2024/install/auto_aim_interfaces:/opt/ros/humble LD_LIBRARY_PATH=/home/kyle/RM/tracker_2024/install/rm_serial_driver/lib:/home/kyle/RM/tracker_2024/install/buff_tracker/lib:/home/kyle/RM/tracker_2024/install/buff_detector/lib:/home/kyle/RM/tracker_2024/install/buff_interfaces/lib:/home/kyle/RM/tracker_2024/install/auto_aim_interfaces/lib:/usr/lib/x86_64-linux-gnu/gazebo-11/plugins:/opt/ros/humble/opt/rviz_ogre_vendor/lib:/opt/ros/humble/lib/x86_64-linux-gnu:/opt/ros/humble/opt/openvdb_vendor/lib:/opt/ros/humble/lib:/usr/share/gazebo/../../lib/x86_64-linux-gnu/gazebo-11/plugins PYTHONPATH=/home/kyle/RM/tracker_2024/install/buff_interfaces/local/lib/python3.10/dist-packages:/home/kyle/RM/tracker_2024/install/auto_aim_interfaces/local/lib/python3.10/dist-packages:${PYTHONPATH} /usr/bin/cmake --build /home/kyle/RM/tracker_2024/build/rm_buff_bringup -- -j32 -l32
[0.731s] Invoking command in '/home/kyle/RM/tracker_2024/build/rm_buff_bringup': AMENT_PREFIX_PATH=/home/kyle/RM/tracker_2024/install/rm_serial_driver:/home/kyle/RM/tracker_2024/install/buff_tracker:/home/kyle/RM/tracker_2024/install/buff_detector:/home/kyle/RM/tracker_2024/install/rm_gimbal_description:/home/kyle/RM/tracker_2024/install/buff_interfaces:/home/kyle/RM/tracker_2024/install/auto_aim_interfaces:${AMENT_PREFIX_PATH} CMAKE_PREFIX_PATH=/home/kyle/RM/tracker_2024/install/rm_serial_driver:/home/kyle/RM/tracker_2024/install/buff_tracker:/home/kyle/RM/tracker_2024/install/buff_detector:/home/kyle/RM/tracker_2024/install/rm_gimbal_description:/home/kyle/RM/tracker_2024/install/buff_interfaces:/home/kyle/RM/tracker_2024/install/auto_aim_interfaces:/opt/ros/humble LD_LIBRARY_PATH=/home/kyle/RM/tracker_2024/install/rm_serial_driver/lib:/home/kyle/RM/tracker_2024/install/buff_tracker/lib:/home/kyle/RM/tracker_2024/install/buff_detector/lib:/home/kyle/RM/tracker_2024/install/buff_interfaces/lib:/home/kyle/RM/tracker_2024/install/auto_aim_interfaces/lib:/usr/lib/x86_64-linux-gnu/gazebo-11/plugins:/opt/ros/humble/opt/rviz_ogre_vendor/lib:/opt/ros/humble/lib/x86_64-linux-gnu:/opt/ros/humble/opt/openvdb_vendor/lib:/opt/ros/humble/lib:/usr/share/gazebo/../../lib/x86_64-linux-gnu/gazebo-11/plugins PYTHONPATH=/home/kyle/RM/tracker_2024/install/buff_interfaces/local/lib/python3.10/dist-packages:/home/kyle/RM/tracker_2024/install/auto_aim_interfaces/local/lib/python3.10/dist-packages:${PYTHONPATH} /usr/bin/cmake --install /home/kyle/RM/tracker_2024/build/rm_buff_bringup
[0.737s] -- Install configuration: ""
[0.737s] -- Installing: /home/kyle/RM/tracker_2024/install/rm_buff_bringup/share/rm_buff_bringup/launch
[0.737s] -- Installing: /home/kyle/RM/tracker_2024/install/rm_buff_bringup/share/rm_buff_bringup/launch/rm_buff_bringup.launch.py
[0.737s] -- Installing: /home/kyle/RM/tracker_2024/install/rm_buff_bringup/share/rm_buff_bringup/config
[0.737s] -- Installing: /home/kyle/RM/tracker_2024/install/rm_buff_bringup/share/rm_buff_bringup/config/launch_params.yaml
[0.737s] -- Installing: /home/kyle/RM/tracker_2024/install/rm_buff_bringup/share/ament_index/resource_index/package_run_dependencies/rm_buff_bringup
[0.737s] -- Installing: /home/kyle/RM/tracker_2024/install/rm_buff_bringup/share/ament_index/resource_index/parent_prefix_path/rm_buff_bringup
[0.737s] -- Installing: /home/kyle/RM/tracker_2024/install/rm_buff_bringup/share/rm_buff_bringup/environment/ament_prefix_path.sh
[0.737s] -- Installing: /home/kyle/RM/tracker_2024/install/rm_buff_bringup/share/rm_buff_bringup/environment/ament_prefix_path.dsv
[0.737s] -- Installing: /home/kyle/RM/tracker_2024/install/rm_buff_bringup/share/rm_buff_bringup/environment/path.sh
[0.737s] -- Installing: /home/kyle/RM/tracker_2024/install/rm_buff_bringup/share/rm_buff_bringup/environment/path.dsv
[0.737s] -- Installing: /home/kyle/RM/tracker_2024/install/rm_buff_bringup/share/rm_buff_bringup/local_setup.bash
[0.737s] -- Installing: /home/kyle/RM/tracker_2024/install/rm_buff_bringup/share/rm_buff_bringup/local_setup.sh
[0.738s] -- Installing: /home/kyle/RM/tracker_2024/install/rm_buff_bringup/share/rm_buff_bringup/local_setup.zsh
[0.738s] -- Installing: /home/kyle/RM/tracker_2024/install/rm_buff_bringup/share/rm_buff_bringup/local_setup.dsv
[0.738s] -- Installing: /home/kyle/RM/tracker_2024/install/rm_buff_bringup/share/rm_buff_bringup/package.dsv
[0.738s] -- Installing: /home/kyle/RM/tracker_2024/install/rm_buff_bringup/share/ament_index/resource_index/packages/rm_buff_bringup
[0.738s] -- Installing: /home/kyle/RM/tracker_2024/install/rm_buff_bringup/share/rm_buff_bringup/cmake/rm_buff_bringupConfig.cmake
[0.738s] -- Installing: /home/kyle/RM/tracker_2024/install/rm_buff_bringup/share/rm_buff_bringup/cmake/rm_buff_bringupConfig-version.cmake
[0.738s] -- Installing: /home/kyle/RM/tracker_2024/install/rm_buff_bringup/share/rm_buff_bringup/package.xml
[0.740s] Invoked command in '/home/kyle/RM/tracker_2024/build/rm_buff_bringup' returned '0': AMENT_PREFIX_PATH=/home/kyle/RM/tracker_2024/install/rm_serial_driver:/home/kyle/RM/tracker_2024/install/buff_tracker:/home/kyle/RM/tracker_2024/install/buff_detector:/home/kyle/RM/tracker_2024/install/rm_gimbal_description:/home/kyle/RM/tracker_2024/install/buff_interfaces:/home/kyle/RM/tracker_2024/install/auto_aim_interfaces:${AMENT_PREFIX_PATH} CMAKE_PREFIX_PATH=/home/kyle/RM/tracker_2024/install/rm_serial_driver:/home/kyle/RM/tracker_2024/install/buff_tracker:/home/kyle/RM/tracker_2024/install/buff_detector:/home/kyle/RM/tracker_2024/install/rm_gimbal_description:/home/kyle/RM/tracker_2024/install/buff_interfaces:/home/kyle/RM/tracker_2024/install/auto_aim_interfaces:/opt/ros/humble LD_LIBRARY_PATH=/home/kyle/RM/tracker_2024/install/rm_serial_driver/lib:/home/kyle/RM/tracker_2024/install/buff_tracker/lib:/home/kyle/RM/tracker_2024/install/buff_detector/lib:/home/kyle/RM/tracker_2024/install/buff_interfaces/lib:/home/kyle/RM/tracker_2024/install/auto_aim_interfaces/lib:/usr/lib/x86_64-linux-gnu/gazebo-11/plugins:/opt/ros/humble/opt/rviz_ogre_vendor/lib:/opt/ros/humble/lib/x86_64-linux-gnu:/opt/ros/humble/opt/openvdb_vendor/lib:/opt/ros/humble/lib:/usr/share/gazebo/../../lib/x86_64-linux-gnu/gazebo-11/plugins PYTHONPATH=/home/kyle/RM/tracker_2024/install/buff_interfaces/local/lib/python3.10/dist-packages:/home/kyle/RM/tracker_2024/install/auto_aim_interfaces/local/lib/python3.10/dist-packages:${PYTHONPATH} /usr/bin/cmake --install /home/kyle/RM/tracker_2024/build/rm_buff_bringup
