[0.014s] Invoking command in '/home/kyle/RM/tracker_2024/build/rm_gimbal_description': CMAKE_PREFIX_PATH=/opt/ros/humble /usr/bin/cmake /home/kyle/RM/tracker_2024/src/rm_gimbal_description-main -DCMAKE_INSTALL_PREFIX=/home/kyle/RM/tracker_2024/install/rm_gimbal_description
[0.074s] -- The C compiler identification is GNU 11.4.0
[0.120s] -- The CXX compiler identification is GNU 11.4.0
[0.125s] -- Detecting C compiler ABI info
[0.175s] -- Detecting C compiler ABI info - done
[0.179s] -- Check for working C compiler: /usr/bin/cc - skipped
[0.179s] -- Detecting C compile features
[0.179s] -- Detecting C compile features - done
[0.183s] -- Detecting CXX compiler ABI info
[0.229s] -- Detecting CXX compiler ABI info - done
[0.233s] -- Check for working CXX compiler: /usr/bin/c++ - skipped
[0.233s] -- Detecting CXX compile features
[0.234s] -- Detecting CXX compile features - done
[0.239s] -- Found ament_cmake: 1.3.11 (/opt/ros/humble/share/ament_cmake/cmake)
[0.589s] -- Found Python3: /usr/bin/python3 (found version "3.10.12") found components: Interpreter 
[0.644s] -- Found ament_lint_auto: 0.12.11 (/opt/ros/humble/share/ament_lint_auto/cmake)
[0.693s] -- Added test 'lint_cmake' to check CMake code style
[0.694s] -- Added test 'xmllint' to check XML markup files
[0.694s] -- Configuring done
[0.696s] -- Generating done
[0.696s] -- Build files have been written to: /home/kyle/RM/tracker_2024/build/rm_gimbal_description
[0.699s] Invoked command in '/home/kyle/RM/tracker_2024/build/rm_gimbal_description' returned '0': CMAKE_PREFIX_PATH=/opt/ros/humble /usr/bin/cmake /home/kyle/RM/tracker_2024/src/rm_gimbal_description-main -DCMAKE_INSTALL_PREFIX=/home/kyle/RM/tracker_2024/install/rm_gimbal_description
[0.701s] Invoking command in '/home/kyle/RM/tracker_2024/build/rm_gimbal_description': CMAKE_PREFIX_PATH=/opt/ros/humble /usr/bin/cmake --build /home/kyle/RM/tracker_2024/build/rm_gimbal_description -- -j32 -l32
[0.727s] Invoked command in '/home/kyle/RM/tracker_2024/build/rm_gimbal_description' returned '0': CMAKE_PREFIX_PATH=/opt/ros/humble /usr/bin/cmake --build /home/kyle/RM/tracker_2024/build/rm_gimbal_description -- -j32 -l32
[0.734s] Invoking command in '/home/kyle/RM/tracker_2024/build/rm_gimbal_description': CMAKE_PREFIX_PATH=/opt/ros/humble /usr/bin/cmake --install /home/kyle/RM/tracker_2024/build/rm_gimbal_description
[0.739s] -- Install configuration: ""
[0.739s] -- Installing: /home/kyle/RM/tracker_2024/install/rm_gimbal_description/share/rm_gimbal_description/urdf
[0.739s] -- Installing: /home/kyle/RM/tracker_2024/install/rm_gimbal_description/share/rm_gimbal_description/urdf/rm_gimbal.urdf.xacro
[0.739s] -- Installing: /home/kyle/RM/tracker_2024/install/rm_gimbal_description/share/ament_index/resource_index/package_run_dependencies/rm_gimbal_description
[0.739s] -- Installing: /home/kyle/RM/tracker_2024/install/rm_gimbal_description/share/ament_index/resource_index/parent_prefix_path/rm_gimbal_description
[0.740s] -- Installing: /home/kyle/RM/tracker_2024/install/rm_gimbal_description/share/rm_gimbal_description/environment/ament_prefix_path.sh
[0.740s] -- Installing: /home/kyle/RM/tracker_2024/install/rm_gimbal_description/share/rm_gimbal_description/environment/ament_prefix_path.dsv
[0.740s] -- Installing: /home/kyle/RM/tracker_2024/install/rm_gimbal_description/share/rm_gimbal_description/environment/path.sh
[0.740s] -- Installing: /home/kyle/RM/tracker_2024/install/rm_gimbal_description/share/rm_gimbal_description/environment/path.dsv
[0.740s] -- Installing: /home/kyle/RM/tracker_2024/install/rm_gimbal_description/share/rm_gimbal_description/local_setup.bash
[0.740s] -- Installing: /home/kyle/RM/tracker_2024/install/rm_gimbal_description/share/rm_gimbal_description/local_setup.sh
[0.740s] -- Installing: /home/kyle/RM/tracker_2024/install/rm_gimbal_description/share/rm_gimbal_description/local_setup.zsh
[0.740s] -- Installing: /home/kyle/RM/tracker_2024/install/rm_gimbal_description/share/rm_gimbal_description/local_setup.dsv
[0.740s] -- Installing: /home/kyle/RM/tracker_2024/install/rm_gimbal_description/share/rm_gimbal_description/package.dsv
[0.740s] -- Installing: /home/kyle/RM/tracker_2024/install/rm_gimbal_description/share/ament_index/resource_index/packages/rm_gimbal_description
[0.740s] -- Installing: /home/kyle/RM/tracker_2024/install/rm_gimbal_description/share/rm_gimbal_description/cmake/rm_gimbal_descriptionConfig.cmake
[0.740s] -- Installing: /home/kyle/RM/tracker_2024/install/rm_gimbal_description/share/rm_gimbal_description/cmake/rm_gimbal_descriptionConfig-version.cmake
[0.740s] -- Installing: /home/kyle/RM/tracker_2024/install/rm_gimbal_description/share/rm_gimbal_description/package.xml
[0.741s] Invoked command in '/home/kyle/RM/tracker_2024/build/rm_gimbal_description' returned '0': CMAKE_PREFIX_PATH=/opt/ros/humble /usr/bin/cmake --install /home/kyle/RM/tracker_2024/build/rm_gimbal_description
