[0.017s] Invoking command in '/home/kyle/ros_ws/build/rm_gimbal_description': CMAKE_PREFIX_PATH=${CMAKE_PREFIX_PATH}:/opt/ros/humble /usr/bin/cmake /home/kyle/ros_ws/rm_gimbal_description -DAMENT_CMAKE_SYMLINK_INSTALL=1 -DCMAKE_INSTALL_PREFIX=/home/kyle/ros_ws/install/rm_gimbal_description
[0.115s] -- The C compiler identification is GNU 11.4.0
[0.206s] -- The CXX compiler identification is GNU 11.4.0
[0.219s] -- Detecting C compiler ABI info
[0.313s] -- Detecting C compiler ABI info - done
[0.321s] -- Check for working C compiler: /usr/bin/cc - skipped
[0.321s] -- Detecting C compile features
[0.322s] -- Detecting C compile features - done
[0.325s] -- Detecting CXX compiler ABI info
[0.426s] -- Detecting CXX compiler ABI info - done
[0.434s] -- Check for working CXX compiler: /usr/bin/c++ - skipped
[0.434s] -- Detecting CXX compile features
[0.435s] -- Detecting CXX compile features - done
[0.443s] -- Found ament_cmake: 1.3.11 (/opt/ros/humble/share/ament_cmake/cmake)
[0.640s] -- Found Python3: /usr/bin/python3 (found version "3.10.12") found components: Interpreter 
[0.711s] -- Override CMake install command with custom implementation using symlinks instead of copying resources
[0.751s] -- Found ament_lint_auto: 0.12.11 (/opt/ros/humble/share/ament_lint_auto/cmake)
[0.853s] -- Added test 'lint_cmake' to check CMake code style
[0.857s] -- Added test 'xmllint' to check XML markup files
[0.859s] -- Configuring done
[0.861s] -- Generating done
[0.862s] -- Build files have been written to: /home/kyle/ros_ws/build/rm_gimbal_description
[0.867s] Invoked command in '/home/kyle/ros_ws/build/rm_gimbal_description' returned '0': CMAKE_PREFIX_PATH=${CMAKE_PREFIX_PATH}:/opt/ros/humble /usr/bin/cmake /home/kyle/ros_ws/rm_gimbal_description -DAMENT_CMAKE_SYMLINK_INSTALL=1 -DCMAKE_INSTALL_PREFIX=/home/kyle/ros_ws/install/rm_gimbal_description
[0.870s] Invoking command in '/home/kyle/ros_ws/build/rm_gimbal_description': CMAKE_PREFIX_PATH=${CMAKE_PREFIX_PATH}:/opt/ros/humble /usr/bin/cmake --build /home/kyle/ros_ws/build/rm_gimbal_description -- -j32 -l32
[0.915s] Invoked command in '/home/kyle/ros_ws/build/rm_gimbal_description' returned '0': CMAKE_PREFIX_PATH=${CMAKE_PREFIX_PATH}:/opt/ros/humble /usr/bin/cmake --build /home/kyle/ros_ws/build/rm_gimbal_description -- -j32 -l32
[0.926s] Invoking command in '/home/kyle/ros_ws/build/rm_gimbal_description': CMAKE_PREFIX_PATH=${CMAKE_PREFIX_PATH}:/opt/ros/humble /usr/bin/cmake --install /home/kyle/ros_ws/build/rm_gimbal_description
[0.934s] -- Install configuration: ""
[0.934s] -- Execute custom install script
[0.935s] -- Symlinking: /home/kyle/ros_ws/install/rm_gimbal_description/share/rm_gimbal_description/urdf/rm_gimbal.urdf.xacro
[0.945s] -- Symlinking: /home/kyle/ros_ws/install/rm_gimbal_description/share/ament_index/resource_index/package_run_dependencies/rm_gimbal_description
[0.954s] -- Symlinking: /home/kyle/ros_ws/install/rm_gimbal_description/share/ament_index/resource_index/parent_prefix_path/rm_gimbal_description
[0.966s] -- Symlinking: /home/kyle/ros_ws/install/rm_gimbal_description/share/rm_gimbal_description/environment/ament_prefix_path.sh
[0.977s] -- Symlinking: /home/kyle/ros_ws/install/rm_gimbal_description/share/rm_gimbal_description/environment/ament_prefix_path.dsv
[0.986s] -- Symlinking: /home/kyle/ros_ws/install/rm_gimbal_description/share/rm_gimbal_description/environment/path.sh
[0.995s] -- Symlinking: /home/kyle/ros_ws/install/rm_gimbal_description/share/rm_gimbal_description/environment/path.dsv
[1.004s] -- Symlinking: /home/kyle/ros_ws/install/rm_gimbal_description/share/rm_gimbal_description/local_setup.bash
[1.015s] -- Symlinking: /home/kyle/ros_ws/install/rm_gimbal_description/share/rm_gimbal_description/local_setup.sh
[1.026s] -- Symlinking: /home/kyle/ros_ws/install/rm_gimbal_description/share/rm_gimbal_description/local_setup.zsh
[1.037s] -- Symlinking: /home/kyle/ros_ws/install/rm_gimbal_description/share/rm_gimbal_description/local_setup.dsv
[1.047s] -- Symlinking: /home/kyle/ros_ws/install/rm_gimbal_description/share/rm_gimbal_description/package.dsv
[1.058s] -- Symlinking: /home/kyle/ros_ws/install/rm_gimbal_description/share/ament_index/resource_index/packages/rm_gimbal_description
[1.068s] -- Symlinking: /home/kyle/ros_ws/install/rm_gimbal_description/share/rm_gimbal_description/cmake/rm_gimbal_descriptionConfig.cmake
[1.078s] -- Symlinking: /home/kyle/ros_ws/install/rm_gimbal_description/share/rm_gimbal_description/cmake/rm_gimbal_descriptionConfig-version.cmake
[1.087s] -- Symlinking: /home/kyle/ros_ws/install/rm_gimbal_description/share/rm_gimbal_description/package.xml
[1.101s] Invoked command in '/home/kyle/ros_ws/build/rm_gimbal_description' returned '0': CMAKE_PREFIX_PATH=${CMAKE_PREFIX_PATH}:/opt/ros/humble /usr/bin/cmake --install /home/kyle/ros_ws/build/rm_gimbal_description
