[0.014s] Invoking command in '/home/kyle/RM/tracker_2024/build/rm_auto_aim': AMENT_PREFIX_PATH=/home/kyle/RM/tracker_2024/install/armor_tracker:/home/kyle/RM/tracker_2024/install/armor_executor:/home/kyle/RM/tracker_2024/install/armor_detector:/home/kyle/RM/tracker_2024/install/auto_aim_interfaces:${AMENT_PREFIX_PATH} CMAKE_PREFIX_PATH=/home/kyle/RM/tracker_2024/install/armor_tracker:/home/kyle/RM/tracker_2024/install/armor_executor:/home/kyle/RM/tracker_2024/install/armor_detector:/home/kyle/RM/tracker_2024/install/auto_aim_interfaces:/opt/ros/humble LD_LIBRARY_PATH=/home/kyle/RM/tracker_2024/install/armor_tracker/lib:/home/kyle/RM/tracker_2024/install/armor_executor/lib:/home/kyle/RM/tracker_2024/install/armor_detector/lib:/home/kyle/RM/tracker_2024/install/auto_aim_interfaces/lib:/usr/lib/x86_64-linux-gnu/gazebo-11/plugins:/opt/ros/humble/opt/rviz_ogre_vendor/lib:/opt/ros/humble/lib/x86_64-linux-gnu:/opt/ros/humble/opt/openvdb_vendor/lib:/opt/ros/humble/lib:/usr/share/gazebo/../../lib/x86_64-linux-gnu/gazebo-11/plugins PYTHONPATH=/home/kyle/RM/tracker_2024/install/auto_aim_interfaces/local/lib/python3.10/dist-packages:${PYTHONPATH} /usr/bin/cmake /home/kyle/RM/tracker_2024/src/rm_auto_aim/rm_auto_aim -DCMAKE_INSTALL_PREFIX=/home/kyle/RM/tracker_2024/install/rm_auto_aim
[0.055s] -- The C compiler identification is GNU 11.4.0
[0.097s] -- The CXX compiler identification is GNU 11.4.0
[0.102s] -- Detecting C compiler ABI info
[0.148s] -- Detecting C compiler ABI info - done
[0.152s] -- Check for working C compiler: /usr/bin/cc - skipped
[0.153s] -- Detecting C compile features
[0.153s] -- Detecting C compile features - done
[0.155s] -- Detecting CXX compiler ABI info
[0.209s] -- Detecting CXX compiler ABI info - done
[0.213s] -- Check for working CXX compiler: /usr/bin/c++ - skipped
[0.213s] -- Detecting CXX compile features
[0.213s] -- Detecting CXX compile features - done
[0.215s] -- Found ament_cmake_auto: 1.3.11 (/opt/ros/humble/share/ament_cmake_auto/cmake)
[0.615s] -- Found Python3: /usr/bin/python3 (found version "3.10.12") found components: Interpreter 
[0.676s] -- Found ament_lint_auto: 0.12.11 (/opt/ros/humble/share/ament_lint_auto/cmake)
[0.730s] -- Added test 'lint_cmake' to check CMake code style
[0.730s] -- Added test 'xmllint' to check XML markup files
[0.731s] -- Configuring done
[0.732s] -- Generating done
[0.733s] -- Build files have been written to: /home/kyle/RM/tracker_2024/build/rm_auto_aim
[0.738s] Invoked command in '/home/kyle/RM/tracker_2024/build/rm_auto_aim' returned '0': AMENT_PREFIX_PATH=/home/kyle/RM/tracker_2024/install/armor_tracker:/home/kyle/RM/tracker_2024/install/armor_executor:/home/kyle/RM/tracker_2024/install/armor_detector:/home/kyle/RM/tracker_2024/install/auto_aim_interfaces:${AMENT_PREFIX_PATH} CMAKE_PREFIX_PATH=/home/kyle/RM/tracker_2024/install/armor_tracker:/home/kyle/RM/tracker_2024/install/armor_executor:/home/kyle/RM/tracker_2024/install/armor_detector:/home/kyle/RM/tracker_2024/install/auto_aim_interfaces:/opt/ros/humble LD_LIBRARY_PATH=/home/kyle/RM/tracker_2024/install/armor_tracker/lib:/home/kyle/RM/tracker_2024/install/armor_executor/lib:/home/kyle/RM/tracker_2024/install/armor_detector/lib:/home/kyle/RM/tracker_2024/install/auto_aim_interfaces/lib:/usr/lib/x86_64-linux-gnu/gazebo-11/plugins:/opt/ros/humble/opt/rviz_ogre_vendor/lib:/opt/ros/humble/lib/x86_64-linux-gnu:/opt/ros/humble/opt/openvdb_vendor/lib:/opt/ros/humble/lib:/usr/share/gazebo/../../lib/x86_64-linux-gnu/gazebo-11/plugins PYTHONPATH=/home/kyle/RM/tracker_2024/install/auto_aim_interfaces/local/lib/python3.10/dist-packages:${PYTHONPATH} /usr/bin/cmake /home/kyle/RM/tracker_2024/src/rm_auto_aim/rm_auto_aim -DCMAKE_INSTALL_PREFIX=/home/kyle/RM/tracker_2024/install/rm_auto_aim
[0.738s] Invoking command in '/home/kyle/RM/tracker_2024/build/rm_auto_aim': AMENT_PREFIX_PATH=/home/kyle/RM/tracker_2024/install/armor_tracker:/home/kyle/RM/tracker_2024/install/armor_executor:/home/kyle/RM/tracker_2024/install/armor_detector:/home/kyle/RM/tracker_2024/install/auto_aim_interfaces:${AMENT_PREFIX_PATH} CMAKE_PREFIX_PATH=/home/kyle/RM/tracker_2024/install/armor_tracker:/home/kyle/RM/tracker_2024/install/armor_executor:/home/kyle/RM/tracker_2024/install/armor_detector:/home/kyle/RM/tracker_2024/install/auto_aim_interfaces:/opt/ros/humble LD_LIBRARY_PATH=/home/kyle/RM/tracker_2024/install/armor_tracker/lib:/home/kyle/RM/tracker_2024/install/armor_executor/lib:/home/kyle/RM/tracker_2024/install/armor_detector/lib:/home/kyle/RM/tracker_2024/install/auto_aim_interfaces/lib:/usr/lib/x86_64-linux-gnu/gazebo-11/plugins:/opt/ros/humble/opt/rviz_ogre_vendor/lib:/opt/ros/humble/lib/x86_64-linux-gnu:/opt/ros/humble/opt/openvdb_vendor/lib:/opt/ros/humble/lib:/usr/share/gazebo/../../lib/x86_64-linux-gnu/gazebo-11/plugins PYTHONPATH=/home/kyle/RM/tracker_2024/install/auto_aim_interfaces/local/lib/python3.10/dist-packages:${PYTHONPATH} /usr/bin/cmake --build /home/kyle/RM/tracker_2024/build/rm_auto_aim -- -j32 -l32
[0.770s] Invoked command in '/home/kyle/RM/tracker_2024/build/rm_auto_aim' returned '0': AMENT_PREFIX_PATH=/home/kyle/RM/tracker_2024/install/armor_tracker:/home/kyle/RM/tracker_2024/install/armor_executor:/home/kyle/RM/tracker_2024/install/armor_detector:/home/kyle/RM/tracker_2024/install/auto_aim_interfaces:${AMENT_PREFIX_PATH} CMAKE_PREFIX_PATH=/home/kyle/RM/tracker_2024/install/armor_tracker:/home/kyle/RM/tracker_2024/install/armor_executor:/home/kyle/RM/tracker_2024/install/armor_detector:/home/kyle/RM/tracker_2024/install/auto_aim_interfaces:/opt/ros/humble LD_LIBRARY_PATH=/home/kyle/RM/tracker_2024/install/armor_tracker/lib:/home/kyle/RM/tracker_2024/install/armor_executor/lib:/home/kyle/RM/tracker_2024/install/armor_detector/lib:/home/kyle/RM/tracker_2024/install/auto_aim_interfaces/lib:/usr/lib/x86_64-linux-gnu/gazebo-11/plugins:/opt/ros/humble/opt/rviz_ogre_vendor/lib:/opt/ros/humble/lib/x86_64-linux-gnu:/opt/ros/humble/opt/openvdb_vendor/lib:/opt/ros/humble/lib:/usr/share/gazebo/../../lib/x86_64-linux-gnu/gazebo-11/plugins PYTHONPATH=/home/kyle/RM/tracker_2024/install/auto_aim_interfaces/local/lib/python3.10/dist-packages:${PYTHONPATH} /usr/bin/cmake --build /home/kyle/RM/tracker_2024/build/rm_auto_aim -- -j32 -l32
[0.770s] Invoking command in '/home/kyle/RM/tracker_2024/build/rm_auto_aim': AMENT_PREFIX_PATH=/home/kyle/RM/tracker_2024/install/armor_tracker:/home/kyle/RM/tracker_2024/install/armor_executor:/home/kyle/RM/tracker_2024/install/armor_detector:/home/kyle/RM/tracker_2024/install/auto_aim_interfaces:${AMENT_PREFIX_PATH} CMAKE_PREFIX_PATH=/home/kyle/RM/tracker_2024/install/armor_tracker:/home/kyle/RM/tracker_2024/install/armor_executor:/home/kyle/RM/tracker_2024/install/armor_detector:/home/kyle/RM/tracker_2024/install/auto_aim_interfaces:/opt/ros/humble LD_LIBRARY_PATH=/home/kyle/RM/tracker_2024/install/armor_tracker/lib:/home/kyle/RM/tracker_2024/install/armor_executor/lib:/home/kyle/RM/tracker_2024/install/armor_detector/lib:/home/kyle/RM/tracker_2024/install/auto_aim_interfaces/lib:/usr/lib/x86_64-linux-gnu/gazebo-11/plugins:/opt/ros/humble/opt/rviz_ogre_vendor/lib:/opt/ros/humble/lib/x86_64-linux-gnu:/opt/ros/humble/opt/openvdb_vendor/lib:/opt/ros/humble/lib:/usr/share/gazebo/../../lib/x86_64-linux-gnu/gazebo-11/plugins PYTHONPATH=/home/kyle/RM/tracker_2024/install/auto_aim_interfaces/local/lib/python3.10/dist-packages:${PYTHONPATH} /usr/bin/cmake --install /home/kyle/RM/tracker_2024/build/rm_auto_aim
[0.776s] -- Install configuration: ""
[0.776s] -- Installing: /home/kyle/RM/tracker_2024/install/rm_auto_aim/share/ament_index/resource_index/package_run_dependencies/rm_auto_aim
[0.776s] -- Installing: /home/kyle/RM/tracker_2024/install/rm_auto_aim/share/ament_index/resource_index/parent_prefix_path/rm_auto_aim
[0.776s] -- Installing: /home/kyle/RM/tracker_2024/install/rm_auto_aim/share/rm_auto_aim/environment/ament_prefix_path.sh
[0.776s] -- Installing: /home/kyle/RM/tracker_2024/install/rm_auto_aim/share/rm_auto_aim/environment/ament_prefix_path.dsv
[0.777s] -- Installing: /home/kyle/RM/tracker_2024/install/rm_auto_aim/share/rm_auto_aim/environment/path.sh
[0.777s] -- Installing: /home/kyle/RM/tracker_2024/install/rm_auto_aim/share/rm_auto_aim/environment/path.dsv
[0.777s] -- Installing: /home/kyle/RM/tracker_2024/install/rm_auto_aim/share/rm_auto_aim/local_setup.bash
[0.777s] -- Installing: /home/kyle/RM/tracker_2024/install/rm_auto_aim/share/rm_auto_aim/local_setup.sh
[0.777s] -- Installing: /home/kyle/RM/tracker_2024/install/rm_auto_aim/share/rm_auto_aim/local_setup.zsh
[0.777s] -- Installing: /home/kyle/RM/tracker_2024/install/rm_auto_aim/share/rm_auto_aim/local_setup.dsv
[0.777s] -- Installing: /home/kyle/RM/tracker_2024/install/rm_auto_aim/share/rm_auto_aim/package.dsv
[0.777s] -- Installing: /home/kyle/RM/tracker_2024/install/rm_auto_aim/share/ament_index/resource_index/packages/rm_auto_aim
[0.777s] -- Installing: /home/kyle/RM/tracker_2024/install/rm_auto_aim/share/rm_auto_aim/cmake/rm_auto_aimConfig.cmake
[0.777s] -- Installing: /home/kyle/RM/tracker_2024/install/rm_auto_aim/share/rm_auto_aim/cmake/rm_auto_aimConfig-version.cmake
[0.777s] -- Installing: /home/kyle/RM/tracker_2024/install/rm_auto_aim/share/rm_auto_aim/package.xml
[0.779s] Invoked command in '/home/kyle/RM/tracker_2024/build/rm_auto_aim' returned '0': AMENT_PREFIX_PATH=/home/kyle/RM/tracker_2024/install/armor_tracker:/home/kyle/RM/tracker_2024/install/armor_executor:/home/kyle/RM/tracker_2024/install/armor_detector:/home/kyle/RM/tracker_2024/install/auto_aim_interfaces:${AMENT_PREFIX_PATH} CMAKE_PREFIX_PATH=/home/kyle/RM/tracker_2024/install/armor_tracker:/home/kyle/RM/tracker_2024/install/armor_executor:/home/kyle/RM/tracker_2024/install/armor_detector:/home/kyle/RM/tracker_2024/install/auto_aim_interfaces:/opt/ros/humble LD_LIBRARY_PATH=/home/kyle/RM/tracker_2024/install/armor_tracker/lib:/home/kyle/RM/tracker_2024/install/armor_executor/lib:/home/kyle/RM/tracker_2024/install/armor_detector/lib:/home/kyle/RM/tracker_2024/install/auto_aim_interfaces/lib:/usr/lib/x86_64-linux-gnu/gazebo-11/plugins:/opt/ros/humble/opt/rviz_ogre_vendor/lib:/opt/ros/humble/lib/x86_64-linux-gnu:/opt/ros/humble/opt/openvdb_vendor/lib:/opt/ros/humble/lib:/usr/share/gazebo/../../lib/x86_64-linux-gnu/gazebo-11/plugins PYTHONPATH=/home/kyle/RM/tracker_2024/install/auto_aim_interfaces/local/lib/python3.10/dist-packages:${PYTHONPATH} /usr/bin/cmake --install /home/kyle/RM/tracker_2024/build/rm_auto_aim
