[0.010s] Invoking command in '/home/kyle/ros_ws/build/rm_gimbal_description': CMAKE_PREFIX_PATH=${CMAKE_PREFIX_PATH}:/opt/ros/humble /usr/bin/cmake /home/kyle/ros_ws/rm_gimbal_description -DAMENT_CMAKE_SYMLINK_INSTALL=1 -DCMAKE_INSTALL_PREFIX=/home/kyle/ros_ws/install/rm_gimbal_description
[0.041s] -- The C compiler identification is GNU 11.4.0
[0.079s] -- The CXX compiler identification is GNU 11.4.0
[0.084s] -- Detecting C compiler ABI info
[0.123s] -- Detecting C compiler ABI info - done
[0.127s] -- Check for working C compiler: /usr/bin/cc - skipped
[0.127s] -- Detecting C compile features
[0.127s] -- Detecting C compile features - done
[0.129s] -- Detecting CXX compiler ABI info
[0.178s] -- Detecting CXX compiler ABI info - done
[0.182s] -- Check for working CXX compiler: /usr/bin/c++ - skipped
[0.182s] -- Detecting CXX compile features
[0.182s] -- Detecting CXX compile features - done
[0.185s] -- Found ament_cmake: 1.3.11 (/opt/ros/humble/share/ament_cmake/cmake)
[0.276s] -- Found Python3: /usr/bin/python3 (found version "3.10.12") found components: Interpreter 
[0.309s] -- Override CMake install command with custom implementation using symlinks instead of copying resources
[0.330s] -- Found ament_lint_auto: 0.12.11 (/opt/ros/humble/share/ament_lint_auto/cmake)
[0.379s] -- Added test 'lint_cmake' to check CMake code style
[0.381s] -- Added test 'xmllint' to check XML markup files
[0.382s] -- Configuring done
[0.383s] -- Generating done
[0.383s] -- Build files have been written to: /home/kyle/ros_ws/build/rm_gimbal_description
[0.388s] Invoked command in '/home/kyle/ros_ws/build/rm_gimbal_description' returned '0': CMAKE_PREFIX_PATH=${CMAKE_PREFIX_PATH}:/opt/ros/humble /usr/bin/cmake /home/kyle/ros_ws/rm_gimbal_description -DAMENT_CMAKE_SYMLINK_INSTALL=1 -DCMAKE_INSTALL_PREFIX=/home/kyle/ros_ws/install/rm_gimbal_description
[0.389s] Invoking command in '/home/kyle/ros_ws/build/rm_gimbal_description': CMAKE_PREFIX_PATH=${CMAKE_PREFIX_PATH}:/opt/ros/humble /usr/bin/cmake --build /home/kyle/ros_ws/build/rm_gimbal_description -- -j32 -l32
[0.414s] Invoked command in '/home/kyle/ros_ws/build/rm_gimbal_description' returned '0': CMAKE_PREFIX_PATH=${CMAKE_PREFIX_PATH}:/opt/ros/humble /usr/bin/cmake --build /home/kyle/ros_ws/build/rm_gimbal_description -- -j32 -l32
[0.421s] Invoking command in '/home/kyle/ros_ws/build/rm_gimbal_description': CMAKE_PREFIX_PATH=${CMAKE_PREFIX_PATH}:/opt/ros/humble /usr/bin/cmake --install /home/kyle/ros_ws/build/rm_gimbal_description
[0.425s] -- Install configuration: ""
[0.425s] -- Execute custom install script
[0.425s] -- Symlinking: /home/kyle/ros_ws/install/rm_gimbal_description/share/rm_gimbal_description/urdf/rm_gimbal.urdf.xacro
[0.431s] -- Symlinking: /home/kyle/ros_ws/install/rm_gimbal_description/share/ament_index/resource_index/package_run_dependencies/rm_gimbal_description
[0.436s] -- Symlinking: /home/kyle/ros_ws/install/rm_gimbal_description/share/ament_index/resource_index/parent_prefix_path/rm_gimbal_description
[0.442s] -- Symlinking: /home/kyle/ros_ws/install/rm_gimbal_description/share/rm_gimbal_description/environment/ament_prefix_path.sh
[0.447s] -- Symlinking: /home/kyle/ros_ws/install/rm_gimbal_description/share/rm_gimbal_description/environment/ament_prefix_path.dsv
[0.451s] -- Symlinking: /home/kyle/ros_ws/install/rm_gimbal_description/share/rm_gimbal_description/environment/path.sh
[0.456s] -- Symlinking: /home/kyle/ros_ws/install/rm_gimbal_description/share/rm_gimbal_description/environment/path.dsv
[0.460s] -- Symlinking: /home/kyle/ros_ws/install/rm_gimbal_description/share/rm_gimbal_description/local_setup.bash
[0.464s] -- Symlinking: /home/kyle/ros_ws/install/rm_gimbal_description/share/rm_gimbal_description/local_setup.sh
[0.469s] -- Symlinking: /home/kyle/ros_ws/install/rm_gimbal_description/share/rm_gimbal_description/local_setup.zsh
[0.473s] -- Symlinking: /home/kyle/ros_ws/install/rm_gimbal_description/share/rm_gimbal_description/local_setup.dsv
[0.479s] -- Symlinking: /home/kyle/ros_ws/install/rm_gimbal_description/share/rm_gimbal_description/package.dsv
[0.485s] -- Symlinking: /home/kyle/ros_ws/install/rm_gimbal_description/share/ament_index/resource_index/packages/rm_gimbal_description
[0.490s] -- Symlinking: /home/kyle/ros_ws/install/rm_gimbal_description/share/rm_gimbal_description/cmake/rm_gimbal_descriptionConfig.cmake
[0.495s] -- Symlinking: /home/kyle/ros_ws/install/rm_gimbal_description/share/rm_gimbal_description/cmake/rm_gimbal_descriptionConfig-version.cmake
[0.501s] -- Symlinking: /home/kyle/ros_ws/install/rm_gimbal_description/share/rm_gimbal_description/package.xml
[0.508s] Invoked command in '/home/kyle/ros_ws/build/rm_gimbal_description' returned '0': CMAKE_PREFIX_PATH=${CMAKE_PREFIX_PATH}:/opt/ros/humble /usr/bin/cmake --install /home/kyle/ros_ws/build/rm_gimbal_description
