[0.008s] Invoking command in '/home/kyle/ros_ws/build/rm_serial_driver': AMENT_PREFIX_PATH=/home/kyle/ros_ws/install/auto_aim_interfaces:${AMENT_PREFIX_PATH} CMAKE_PREFIX_PATH=/home/kyle/ros_ws/install/auto_aim_interfaces:/home/kyle/study/ROS/ws01_plumbing/install/cpp04_param:/home/kyle/study/ROS/ws01_plumbing/install/cpp03_action:/home/kyle/study/ROS/ws01_plumbing/install/cpp02_service:/home/kyle/study/ROS/ws01_plumbing/install/cpp01_topic:/home/kyle/study/ROS/ws01_plumbing/install/base_interfaces_demo:/home/kyle/study/ROS/ws01_plumbing/base_interfaces_demo/install/base_interfaces_demo:/home/kyle/study/ROS/ws00_helloworld/install/pkg01_helloworld_cpp:/home/kyle/study/ROS/ws00_helloworld/install/cpp01_topic:/opt/ros/humble LD_LIBRARY_PATH=/home/kyle/ros_ws/install/auto_aim_interfaces/lib:${LD_LIBRARY_PATH} PYTHONPATH=/home/kyle/ros_ws/install/auto_aim_interfaces/local/lib/python3.10/dist-packages:${PYTHONPATH} /usr/bin/cmake /home/kyle/ros_ws/rm_serial_driver -DAMENT_CMAKE_SYMLINK_INSTALL=1 -DCMAKE_INSTALL_PREFIX=/home/kyle/ros_ws/install/rm_serial_driver
[0.046s] -- The C compiler identification is GNU 11.4.0
[0.081s] -- The CXX compiler identification is GNU 11.4.0
[0.086s] -- Detecting C compiler ABI info
[0.128s] -- Detecting C compiler ABI info - done
[0.132s] -- Check for working C compiler: /usr/bin/cc - skipped
[0.132s] -- Detecting C compile features
[0.133s] -- Detecting C compile features - done
[0.134s] -- Detecting CXX compiler ABI info
[0.185s] -- Detecting CXX compiler ABI info - done
[0.189s] -- Check for working CXX compiler: /usr/bin/c++ - skipped
[0.189s] -- Detecting CXX compile features
[0.189s] -- Detecting CXX compile features - done
[0.190s] -- Found ament_cmake_auto: 1.3.11 (/opt/ros/humble/share/ament_cmake_auto/cmake)
[0.280s] -- Found Python3: /usr/bin/python3 (found version "3.10.12") found components: Interpreter 
[0.314s] -- Override CMake install command with custom implementation using symlinks instead of copying resources
[0.396s] -- Found rosidl_generator_c: 3.1.6 (/opt/ros/humble/share/rosidl_generator_c/cmake)
[0.398s] -- Found rosidl_adapter: 3.1.6 (/opt/ros/humble/share/rosidl_adapter/cmake)
[0.403s] -- Found rosidl_generator_cpp: 3.1.6 (/opt/ros/humble/share/rosidl_generator_cpp/cmake)
[0.410s] -- Using all available rosidl_typesupport_c: rosidl_typesupport_fastrtps_c;rosidl_typesupport_introspection_c
[0.419s] -- Using all available rosidl_typesupport_cpp: rosidl_typesupport_fastrtps_cpp;rosidl_typesupport_introspection_cpp
[0.444s] -- Found rmw_implementation_cmake: 6.1.2 (/opt/ros/humble/share/rmw_implementation_cmake/cmake)
[0.445s] -- Found rmw_fastrtps_cpp: 6.2.7 (/opt/ros/humble/share/rmw_fastrtps_cpp/cmake)
[0.503s] -- Found OpenSSL: /usr/lib/x86_64-linux-gnu/libcrypto.so (found version "3.0.2")  
[0.524s] -- Found FastRTPS: /opt/ros/humble/include  
[0.551s] -- Using RMW implementation 'rmw_fastrtps_cpp' as default
[0.555s] -- Looking for pthread.h
[0.616s] -- Looking for pthread.h - found
[0.616s] -- Performing Test CMAKE_HAVE_LIBC_PTHREAD
[0.671s] -- Performing Test CMAKE_HAVE_LIBC_PTHREAD - Success
[0.672s] -- Found Threads: TRUE  
[0.729s] -- Found asio_cmake_module: 1.2.0 (/opt/ros/humble/share/asio_cmake_module/cmake)
[0.730s] -- Found ASIO: /usr/include  
[0.807s] -- Found eigen3_cmake_module: 0.1.1 (/opt/ros/humble/share/eigen3_cmake_module/cmake)
[0.807s] -- Found Eigen3: TRUE (found version "3.4.0") 
[0.807s] -- Ensuring Eigen3 include directory is part of orocos-kdl CMake target
[0.847s] -- Found ament_lint_auto: 0.12.11 (/opt/ros/humble/share/ament_lint_auto/cmake)
[0.862s] -- Added test 'cppcheck' to perform static code analysis on C / C++ code
[0.862s] -- Configured cppcheck include dirs: /home/kyle/ros_ws/rm_serial_driver/include
[0.862s] -- Configured cppcheck exclude dirs and/or files: 
[0.864s] -- Added test 'cpplint' to check C / C++ code against the Google style
[0.864s] -- Configured cpplint exclude dirs and/or files: 
[0.864s] -- Added test 'flake8' to check Python code syntax and style conventions
[0.864s] -- Added test 'lint_cmake' to check CMake code style
[0.865s] -- Added test 'pep257' to check Python code against some of the docstring style conventions in PEP 257
[0.865s] -- Added test 'xmllint' to check XML markup files
[0.867s] -- Added test 'clang_format' to check C / C++ code style
[0.868s] -- Configuring done
[0.890s] -- Generating done
[0.896s] -- Build files have been written to: /home/kyle/ros_ws/build/rm_serial_driver
[0.904s] Invoked command in '/home/kyle/ros_ws/build/rm_serial_driver' returned '0': AMENT_PREFIX_PATH=/home/kyle/ros_ws/install/auto_aim_interfaces:${AMENT_PREFIX_PATH} CMAKE_PREFIX_PATH=/home/kyle/ros_ws/install/auto_aim_interfaces:/home/kyle/study/ROS/ws01_plumbing/install/cpp04_param:/home/kyle/study/ROS/ws01_plumbing/install/cpp03_action:/home/kyle/study/ROS/ws01_plumbing/install/cpp02_service:/home/kyle/study/ROS/ws01_plumbing/install/cpp01_topic:/home/kyle/study/ROS/ws01_plumbing/install/base_interfaces_demo:/home/kyle/study/ROS/ws01_plumbing/base_interfaces_demo/install/base_interfaces_demo:/home/kyle/study/ROS/ws00_helloworld/install/pkg01_helloworld_cpp:/home/kyle/study/ROS/ws00_helloworld/install/cpp01_topic:/opt/ros/humble LD_LIBRARY_PATH=/home/kyle/ros_ws/install/auto_aim_interfaces/lib:${LD_LIBRARY_PATH} PYTHONPATH=/home/kyle/ros_ws/install/auto_aim_interfaces/local/lib/python3.10/dist-packages:${PYTHONPATH} /usr/bin/cmake /home/kyle/ros_ws/rm_serial_driver -DAMENT_CMAKE_SYMLINK_INSTALL=1 -DCMAKE_INSTALL_PREFIX=/home/kyle/ros_ws/install/rm_serial_driver
[0.906s] Invoking command in '/home/kyle/ros_ws/build/rm_serial_driver': AMENT_PREFIX_PATH=/home/kyle/ros_ws/install/auto_aim_interfaces:${AMENT_PREFIX_PATH} CMAKE_PREFIX_PATH=/home/kyle/ros_ws/install/auto_aim_interfaces:/home/kyle/study/ROS/ws01_plumbing/install/cpp04_param:/home/kyle/study/ROS/ws01_plumbing/install/cpp03_action:/home/kyle/study/ROS/ws01_plumbing/install/cpp02_service:/home/kyle/study/ROS/ws01_plumbing/install/cpp01_topic:/home/kyle/study/ROS/ws01_plumbing/install/base_interfaces_demo:/home/kyle/study/ROS/ws01_plumbing/base_interfaces_demo/install/base_interfaces_demo:/home/kyle/study/ROS/ws00_helloworld/install/pkg01_helloworld_cpp:/home/kyle/study/ROS/ws00_helloworld/install/cpp01_topic:/opt/ros/humble LD_LIBRARY_PATH=/home/kyle/ros_ws/install/auto_aim_interfaces/lib:${LD_LIBRARY_PATH} PYTHONPATH=/home/kyle/ros_ws/install/auto_aim_interfaces/local/lib/python3.10/dist-packages:${PYTHONPATH} /usr/bin/cmake --build /home/kyle/ros_ws/build/rm_serial_driver -- -j32 -l32
[0.955s] [ 20%] [32mBuilding CXX object CMakeFiles/rm_serial_driver.dir/src/rm_serial_driver.cpp.o[0m
[0.956s] [ 40%] [32mBuilding CXX object CMakeFiles/rm_serial_driver_node.dir/rclcpp_components/node_main_rm_serial_driver_node.cpp.o[0m
[0.956s] [ 60%] [32mBuilding CXX object CMakeFiles/rm_serial_driver.dir/src/crc.cpp.o[0m
[3.054s] [ 80%] [32m[1mLinking CXX executable rm_serial_driver_node[0m
[3.139s] [ 80%] Built target rm_serial_driver_node
[7.772s] [100%] [32m[1mLinking CXX shared library librm_serial_driver.so[0m
[8.148s] [100%] Built target rm_serial_driver
[8.160s] Invoked command in '/home/kyle/ros_ws/build/rm_serial_driver' returned '0': AMENT_PREFIX_PATH=/home/kyle/ros_ws/install/auto_aim_interfaces:${AMENT_PREFIX_PATH} CMAKE_PREFIX_PATH=/home/kyle/ros_ws/install/auto_aim_interfaces:/home/kyle/study/ROS/ws01_plumbing/install/cpp04_param:/home/kyle/study/ROS/ws01_plumbing/install/cpp03_action:/home/kyle/study/ROS/ws01_plumbing/install/cpp02_service:/home/kyle/study/ROS/ws01_plumbing/install/cpp01_topic:/home/kyle/study/ROS/ws01_plumbing/install/base_interfaces_demo:/home/kyle/study/ROS/ws01_plumbing/base_interfaces_demo/install/base_interfaces_demo:/home/kyle/study/ROS/ws00_helloworld/install/pkg01_helloworld_cpp:/home/kyle/study/ROS/ws00_helloworld/install/cpp01_topic:/opt/ros/humble LD_LIBRARY_PATH=/home/kyle/ros_ws/install/auto_aim_interfaces/lib:${LD_LIBRARY_PATH} PYTHONPATH=/home/kyle/ros_ws/install/auto_aim_interfaces/local/lib/python3.10/dist-packages:${PYTHONPATH} /usr/bin/cmake --build /home/kyle/ros_ws/build/rm_serial_driver -- -j32 -l32
[8.161s] Invoking command in '/home/kyle/ros_ws/build/rm_serial_driver': AMENT_PREFIX_PATH=/home/kyle/ros_ws/install/auto_aim_interfaces:${AMENT_PREFIX_PATH} CMAKE_PREFIX_PATH=/home/kyle/ros_ws/install/auto_aim_interfaces:/home/kyle/study/ROS/ws01_plumbing/install/cpp04_param:/home/kyle/study/ROS/ws01_plumbing/install/cpp03_action:/home/kyle/study/ROS/ws01_plumbing/install/cpp02_service:/home/kyle/study/ROS/ws01_plumbing/install/cpp01_topic:/home/kyle/study/ROS/ws01_plumbing/install/base_interfaces_demo:/home/kyle/study/ROS/ws01_plumbing/base_interfaces_demo/install/base_interfaces_demo:/home/kyle/study/ROS/ws00_helloworld/install/pkg01_helloworld_cpp:/home/kyle/study/ROS/ws00_helloworld/install/cpp01_topic:/opt/ros/humble LD_LIBRARY_PATH=/home/kyle/ros_ws/install/auto_aim_interfaces/lib:${LD_LIBRARY_PATH} PYTHONPATH=/home/kyle/ros_ws/install/auto_aim_interfaces/local/lib/python3.10/dist-packages:${PYTHONPATH} /usr/bin/cmake --install /home/kyle/ros_ws/build/rm_serial_driver
[8.166s] -- Install configuration: ""
[8.166s] -- Execute custom install script
[8.167s] -- Symlinking: /home/kyle/ros_ws/install/rm_serial_driver/lib/rm_serial_driver/rm_serial_driver_node
[8.173s] -- Symlinking: /home/kyle/ros_ws/install/rm_serial_driver/include/rm_serial_driver/crc.hpp
[8.179s] -- Symlinking: /home/kyle/ros_ws/install/rm_serial_driver/include/rm_serial_driver/packet.hpp
[8.184s] -- Symlinking: /home/kyle/ros_ws/install/rm_serial_driver/include/rm_serial_driver/rm_serial_driver.hpp
[8.188s] -- Symlinking: /home/kyle/ros_ws/install/rm_serial_driver/share/rm_serial_driver/environment/library_path.sh
[8.192s] -- Symlinking: /home/kyle/ros_ws/install/rm_serial_driver/share/rm_serial_driver/environment/library_path.dsv
[8.197s] -- Symlinking: /home/kyle/ros_ws/install/rm_serial_driver/lib/librm_serial_driver.so
[8.202s] -- Symlinking: /home/kyle/ros_ws/install/rm_serial_driver/share/rm_serial_driver/config/serial_driver.yaml
[8.209s] -- Symlinking: /home/kyle/ros_ws/install/rm_serial_driver/share/rm_serial_driver/launch/serial_driver.launch.py
[8.215s] -- Symlinking: /home/kyle/ros_ws/install/rm_serial_driver/share/ament_index/resource_index/package_run_dependencies/rm_serial_driver
[8.221s] -- Symlinking: /home/kyle/ros_ws/install/rm_serial_driver/share/ament_index/resource_index/parent_prefix_path/rm_serial_driver
[8.226s] -- Symlinking: /home/kyle/ros_ws/install/rm_serial_driver/share/rm_serial_driver/environment/ament_prefix_path.sh
[8.232s] -- Symlinking: /home/kyle/ros_ws/install/rm_serial_driver/share/rm_serial_driver/environment/ament_prefix_path.dsv
[8.239s] -- Symlinking: /home/kyle/ros_ws/install/rm_serial_driver/share/rm_serial_driver/environment/path.sh
[8.245s] -- Symlinking: /home/kyle/ros_ws/install/rm_serial_driver/share/rm_serial_driver/environment/path.dsv
[8.249s] -- Symlinking: /home/kyle/ros_ws/install/rm_serial_driver/share/rm_serial_driver/local_setup.bash
[8.254s] -- Symlinking: /home/kyle/ros_ws/install/rm_serial_driver/share/rm_serial_driver/local_setup.sh
[8.259s] -- Symlinking: /home/kyle/ros_ws/install/rm_serial_driver/share/rm_serial_driver/local_setup.zsh
[8.264s] -- Symlinking: /home/kyle/ros_ws/install/rm_serial_driver/share/rm_serial_driver/local_setup.dsv
[8.268s] -- Symlinking: /home/kyle/ros_ws/install/rm_serial_driver/share/rm_serial_driver/package.dsv
[8.272s] -- Symlinking: /home/kyle/ros_ws/install/rm_serial_driver/share/ament_index/resource_index/packages/rm_serial_driver
[8.277s] -- Symlinking: /home/kyle/ros_ws/install/rm_serial_driver/share/ament_index/resource_index/rclcpp_components/rm_serial_driver
[8.282s] -- Symlinking: /home/kyle/ros_ws/install/rm_serial_driver/share/rm_serial_driver/cmake/ament_cmake_export_dependencies-extras.cmake
[8.287s] -- Symlinking: /home/kyle/ros_ws/install/rm_serial_driver/share/rm_serial_driver/cmake/ament_cmake_export_include_directories-extras.cmake
[8.292s] -- Symlinking: /home/kyle/ros_ws/install/rm_serial_driver/share/rm_serial_driver/cmake/ament_cmake_export_libraries-extras.cmake
[8.297s] -- Symlinking: /home/kyle/ros_ws/install/rm_serial_driver/share/rm_serial_driver/cmake/rm_serial_driverConfig.cmake
[8.303s] -- Symlinking: /home/kyle/ros_ws/install/rm_serial_driver/share/rm_serial_driver/cmake/rm_serial_driverConfig-version.cmake
[8.307s] -- Symlinking: /home/kyle/ros_ws/install/rm_serial_driver/share/rm_serial_driver/package.xml
[8.313s] Invoked command in '/home/kyle/ros_ws/build/rm_serial_driver' returned '0': AMENT_PREFIX_PATH=/home/kyle/ros_ws/install/auto_aim_interfaces:${AMENT_PREFIX_PATH} CMAKE_PREFIX_PATH=/home/kyle/ros_ws/install/auto_aim_interfaces:/home/kyle/study/ROS/ws01_plumbing/install/cpp04_param:/home/kyle/study/ROS/ws01_plumbing/install/cpp03_action:/home/kyle/study/ROS/ws01_plumbing/install/cpp02_service:/home/kyle/study/ROS/ws01_plumbing/install/cpp01_topic:/home/kyle/study/ROS/ws01_plumbing/install/base_interfaces_demo:/home/kyle/study/ROS/ws01_plumbing/base_interfaces_demo/install/base_interfaces_demo:/home/kyle/study/ROS/ws00_helloworld/install/pkg01_helloworld_cpp:/home/kyle/study/ROS/ws00_helloworld/install/cpp01_topic:/opt/ros/humble LD_LIBRARY_PATH=/home/kyle/ros_ws/install/auto_aim_interfaces/lib:${LD_LIBRARY_PATH} PYTHONPATH=/home/kyle/ros_ws/install/auto_aim_interfaces/local/lib/python3.10/dist-packages:${PYTHONPATH} /usr/bin/cmake --install /home/kyle/ros_ws/build/rm_serial_driver
