[0.013s] Invoking command in '/home/kyle/RM/tracker_2024/build/armor_tracker': AMENT_PREFIX_PATH=/home/kyle/RM/tracker_2024/install/armor_executor:/home/kyle/RM/tracker_2024/install/auto_aim_interfaces:${AMENT_PREFIX_PATH} CMAKE_PREFIX_PATH=/home/kyle/RM/tracker_2024/install/armor_executor:/home/kyle/RM/tracker_2024/install/auto_aim_interfaces:/opt/ros/humble LD_LIBRARY_PATH=/home/kyle/RM/tracker_2024/install/armor_executor/lib:/home/kyle/RM/tracker_2024/install/auto_aim_interfaces/lib:/usr/lib/x86_64-linux-gnu/gazebo-11/plugins:/opt/ros/humble/opt/rviz_ogre_vendor/lib:/opt/ros/humble/lib/x86_64-linux-gnu:/opt/ros/humble/opt/openvdb_vendor/lib:/opt/ros/humble/lib:/usr/share/gazebo/../../lib/x86_64-linux-gnu/gazebo-11/plugins PYTHONPATH=/home/kyle/RM/tracker_2024/install/auto_aim_interfaces/local/lib/python3.10/dist-packages:${PYTHONPATH} /usr/bin/cmake /home/kyle/RM/tracker_2024/src/rm_auto_aim/armor_tracker -DCMAKE_INSTALL_PREFIX=/home/kyle/RM/tracker_2024/install/armor_tracker
[0.069s] -- The C compiler identification is GNU 11.4.0
[0.124s] -- The CXX compiler identification is GNU 11.4.0
[0.131s] -- Detecting C compiler ABI info
[0.200s] -- Detecting C compiler ABI info - done
[0.206s] -- Check for working C compiler: /usr/bin/cc - skipped
[0.207s] -- Detecting C compile features
[0.207s] -- Detecting C compile features - done
[0.209s] -- Detecting CXX compiler ABI info
[0.279s] -- Detecting CXX compiler ABI info - done
[0.285s] -- Check for working CXX compiler: /usr/bin/c++ - skipped
[0.285s] -- Detecting CXX compile features
[0.286s] -- Detecting CXX compile features - done
[0.287s] -- Found ament_cmake_auto: 1.3.11 (/opt/ros/humble/share/ament_cmake_auto/cmake)
[0.804s] -- Found Python3: /usr/bin/python3 (found version "3.10.12") found components: Interpreter 
[0.959s] -- Found rosidl_generator_c: 3.1.6 (/opt/ros/humble/share/rosidl_generator_c/cmake)
[0.962s] -- Found rosidl_adapter: 3.1.6 (/opt/ros/humble/share/rosidl_adapter/cmake)
[0.968s] -- Found rosidl_generator_cpp: 3.1.6 (/opt/ros/humble/share/rosidl_generator_cpp/cmake)
[0.977s] -- Using all available rosidl_typesupport_c: rosidl_typesupport_fastrtps_c;rosidl_typesupport_introspection_c
[0.988s] -- Using all available rosidl_typesupport_cpp: rosidl_typesupport_fastrtps_cpp;rosidl_typesupport_introspection_cpp
[1.020s] -- Found rmw_implementation_cmake: 6.1.2 (/opt/ros/humble/share/rmw_implementation_cmake/cmake)
[1.022s] -- Found rmw_fastrtps_cpp: 6.2.7 (/opt/ros/humble/share/rmw_fastrtps_cpp/cmake)
[1.097s] -- Found OpenSSL: /usr/lib/x86_64-linux-gnu/libcrypto.so (found version "3.0.2")  
[1.120s] -- Found FastRTPS: /opt/ros/humble/include  
[1.156s] -- Using RMW implementation 'rmw_fastrtps_cpp' as default
[1.164s] -- Looking for pthread.h
[1.227s] -- Looking for pthread.h - found
[1.228s] -- Performing Test CMAKE_HAVE_LIBC_PTHREAD
[1.300s] -- Performing Test CMAKE_HAVE_LIBC_PTHREAD - Success
[1.301s] -- Found Threads: TRUE  
[1.422s] -- Found eigen3_cmake_module: 0.1.1 (/opt/ros/humble/share/eigen3_cmake_module/cmake)
[1.423s] -- Found Eigen3: TRUE (found version "3.4.0") 
[1.423s] -- Ensuring Eigen3 include directory is part of orocos-kdl CMake target
[1.494s] -- Found ament_lint_auto: 0.12.11 (/opt/ros/humble/share/ament_lint_auto/cmake)
[1.509s] -- Added test 'cppcheck' to perform static code analysis on C / C++ code
[1.509s] -- Configured cppcheck include dirs: /home/kyle/RM/tracker_2024/src/rm_auto_aim/armor_tracker/include
[1.509s] -- Configured cppcheck exclude dirs and/or files: 
[1.510s] -- Added test 'lint_cmake' to check CMake code style
[1.510s] -- Added test 'xmllint' to check XML markup files
[1.510s] -- Added test 'clang_format' to check C / C++ code style
[1.512s] -- Configuring done
[1.525s] -- Generating done
[1.529s] -- Build files have been written to: /home/kyle/RM/tracker_2024/build/armor_tracker
[1.537s] Invoked command in '/home/kyle/RM/tracker_2024/build/armor_tracker' returned '0': AMENT_PREFIX_PATH=/home/kyle/RM/tracker_2024/install/armor_executor:/home/kyle/RM/tracker_2024/install/auto_aim_interfaces:${AMENT_PREFIX_PATH} CMAKE_PREFIX_PATH=/home/kyle/RM/tracker_2024/install/armor_executor:/home/kyle/RM/tracker_2024/install/auto_aim_interfaces:/opt/ros/humble LD_LIBRARY_PATH=/home/kyle/RM/tracker_2024/install/armor_executor/lib:/home/kyle/RM/tracker_2024/install/auto_aim_interfaces/lib:/usr/lib/x86_64-linux-gnu/gazebo-11/plugins:/opt/ros/humble/opt/rviz_ogre_vendor/lib:/opt/ros/humble/lib/x86_64-linux-gnu:/opt/ros/humble/opt/openvdb_vendor/lib:/opt/ros/humble/lib:/usr/share/gazebo/../../lib/x86_64-linux-gnu/gazebo-11/plugins PYTHONPATH=/home/kyle/RM/tracker_2024/install/auto_aim_interfaces/local/lib/python3.10/dist-packages:${PYTHONPATH} /usr/bin/cmake /home/kyle/RM/tracker_2024/src/rm_auto_aim/armor_tracker -DCMAKE_INSTALL_PREFIX=/home/kyle/RM/tracker_2024/install/armor_tracker
[1.538s] Invoking command in '/home/kyle/RM/tracker_2024/build/armor_tracker': AMENT_PREFIX_PATH=/home/kyle/RM/tracker_2024/install/armor_executor:/home/kyle/RM/tracker_2024/install/auto_aim_interfaces:${AMENT_PREFIX_PATH} CMAKE_PREFIX_PATH=/home/kyle/RM/tracker_2024/install/armor_executor:/home/kyle/RM/tracker_2024/install/auto_aim_interfaces:/opt/ros/humble LD_LIBRARY_PATH=/home/kyle/RM/tracker_2024/install/armor_executor/lib:/home/kyle/RM/tracker_2024/install/auto_aim_interfaces/lib:/usr/lib/x86_64-linux-gnu/gazebo-11/plugins:/opt/ros/humble/opt/rviz_ogre_vendor/lib:/opt/ros/humble/lib/x86_64-linux-gnu:/opt/ros/humble/opt/openvdb_vendor/lib:/opt/ros/humble/lib:/usr/share/gazebo/../../lib/x86_64-linux-gnu/gazebo-11/plugins PYTHONPATH=/home/kyle/RM/tracker_2024/install/auto_aim_interfaces/local/lib/python3.10/dist-packages:${PYTHONPATH} /usr/bin/cmake --build /home/kyle/RM/tracker_2024/build/armor_tracker -- -j32 -l32
[1.583s] [ 50%] [32mBuilding CXX object CMakeFiles/armor_tracker_node.dir/rclcpp_components/node_main_armor_tracker_node.cpp.o[0m
[1.583s] [ 50%] [32mBuilding CXX object CMakeFiles/armor_tracker.dir/src/tracker.cpp.o[0m
[1.583s] [ 50%] [32mBuilding CXX object CMakeFiles/armor_tracker.dir/src/extended_kalman_filter.cpp.o[0m
[1.583s] [ 66%] [32mBuilding CXX object CMakeFiles/armor_tracker.dir/src/tracker_node.cpp.o[0m
[3.887s] [ 83%] [32m[1mLinking CXX executable armor_tracker_node[0m
[4.018s] [ 83%] Built target armor_tracker_node
[13.081s] [100%] [32m[1mLinking CXX shared library libarmor_tracker.so[0m
[13.807s] [100%] Built target armor_tracker
[13.815s] Invoked command in '/home/kyle/RM/tracker_2024/build/armor_tracker' returned '0': AMENT_PREFIX_PATH=/home/kyle/RM/tracker_2024/install/armor_executor:/home/kyle/RM/tracker_2024/install/auto_aim_interfaces:${AMENT_PREFIX_PATH} CMAKE_PREFIX_PATH=/home/kyle/RM/tracker_2024/install/armor_executor:/home/kyle/RM/tracker_2024/install/auto_aim_interfaces:/opt/ros/humble LD_LIBRARY_PATH=/home/kyle/RM/tracker_2024/install/armor_executor/lib:/home/kyle/RM/tracker_2024/install/auto_aim_interfaces/lib:/usr/lib/x86_64-linux-gnu/gazebo-11/plugins:/opt/ros/humble/opt/rviz_ogre_vendor/lib:/opt/ros/humble/lib/x86_64-linux-gnu:/opt/ros/humble/opt/openvdb_vendor/lib:/opt/ros/humble/lib:/usr/share/gazebo/../../lib/x86_64-linux-gnu/gazebo-11/plugins PYTHONPATH=/home/kyle/RM/tracker_2024/install/auto_aim_interfaces/local/lib/python3.10/dist-packages:${PYTHONPATH} /usr/bin/cmake --build /home/kyle/RM/tracker_2024/build/armor_tracker -- -j32 -l32
[13.817s] Invoking command in '/home/kyle/RM/tracker_2024/build/armor_tracker': AMENT_PREFIX_PATH=/home/kyle/RM/tracker_2024/install/armor_executor:/home/kyle/RM/tracker_2024/install/auto_aim_interfaces:${AMENT_PREFIX_PATH} CMAKE_PREFIX_PATH=/home/kyle/RM/tracker_2024/install/armor_executor:/home/kyle/RM/tracker_2024/install/auto_aim_interfaces:/opt/ros/humble LD_LIBRARY_PATH=/home/kyle/RM/tracker_2024/install/armor_executor/lib:/home/kyle/RM/tracker_2024/install/auto_aim_interfaces/lib:/usr/lib/x86_64-linux-gnu/gazebo-11/plugins:/opt/ros/humble/opt/rviz_ogre_vendor/lib:/opt/ros/humble/lib/x86_64-linux-gnu:/opt/ros/humble/opt/openvdb_vendor/lib:/opt/ros/humble/lib:/usr/share/gazebo/../../lib/x86_64-linux-gnu/gazebo-11/plugins PYTHONPATH=/home/kyle/RM/tracker_2024/install/auto_aim_interfaces/local/lib/python3.10/dist-packages:${PYTHONPATH} /usr/bin/cmake --install /home/kyle/RM/tracker_2024/build/armor_tracker
[13.822s] -- Install configuration: ""
[13.822s] -- Installing: /home/kyle/RM/tracker_2024/install/armor_tracker/lib/armor_tracker/armor_tracker_node
[13.822s] -- Set runtime path of "/home/kyle/RM/tracker_2024/install/armor_tracker/lib/armor_tracker/armor_tracker_node" to ""
[13.822s] -- Installing: /home/kyle/RM/tracker_2024/install/armor_tracker/include
[13.822s] -- Installing: /home/kyle/RM/tracker_2024/install/armor_tracker/include/armor_tracker
[13.822s] -- Installing: /home/kyle/RM/tracker_2024/install/armor_tracker/include/armor_tracker/extended_kalman_filter.hpp
[13.822s] -- Installing: /home/kyle/RM/tracker_2024/install/armor_tracker/include/armor_tracker/tracker_node.hpp
[13.822s] -- Installing: /home/kyle/RM/tracker_2024/install/armor_tracker/include/armor_tracker/tracker.hpp
[13.822s] -- Installing: /home/kyle/RM/tracker_2024/install/armor_tracker/share/armor_tracker/environment/library_path.sh
[13.822s] -- Installing: /home/kyle/RM/tracker_2024/install/armor_tracker/share/armor_tracker/environment/library_path.dsv
[13.822s] -- Installing: /home/kyle/RM/tracker_2024/install/armor_tracker/lib/libarmor_tracker.so
[13.829s] -- Set runtime path of "/home/kyle/RM/tracker_2024/install/armor_tracker/lib/libarmor_tracker.so" to ""
[13.829s] -- Installing: /home/kyle/RM/tracker_2024/install/armor_tracker/share/ament_index/resource_index/package_run_dependencies/armor_tracker
[13.829s] -- Installing: /home/kyle/RM/tracker_2024/install/armor_tracker/share/ament_index/resource_index/parent_prefix_path/armor_tracker
[13.829s] -- Installing: /home/kyle/RM/tracker_2024/install/armor_tracker/share/armor_tracker/environment/ament_prefix_path.sh
[13.829s] -- Installing: /home/kyle/RM/tracker_2024/install/armor_tracker/share/armor_tracker/environment/ament_prefix_path.dsv
[13.829s] -- Installing: /home/kyle/RM/tracker_2024/install/armor_tracker/share/armor_tracker/environment/path.sh
[13.829s] -- Installing: /home/kyle/RM/tracker_2024/install/armor_tracker/share/armor_tracker/environment/path.dsv
[13.830s] -- Installing: /home/kyle/RM/tracker_2024/install/armor_tracker/share/armor_tracker/local_setup.bash
[13.830s] -- Installing: /home/kyle/RM/tracker_2024/install/armor_tracker/share/armor_tracker/local_setup.sh
[13.830s] -- Installing: /home/kyle/RM/tracker_2024/install/armor_tracker/share/armor_tracker/local_setup.zsh
[13.830s] -- Installing: /home/kyle/RM/tracker_2024/install/armor_tracker/share/armor_tracker/local_setup.dsv
[13.830s] -- Installing: /home/kyle/RM/tracker_2024/install/armor_tracker/share/armor_tracker/package.dsv
[13.830s] -- Installing: /home/kyle/RM/tracker_2024/install/armor_tracker/share/ament_index/resource_index/packages/armor_tracker
[13.830s] -- Installing: /home/kyle/RM/tracker_2024/install/armor_tracker/share/ament_index/resource_index/rclcpp_components/armor_tracker
[13.830s] -- Installing: /home/kyle/RM/tracker_2024/install/armor_tracker/share/armor_tracker/cmake/ament_cmake_export_dependencies-extras.cmake
[13.830s] -- Installing: /home/kyle/RM/tracker_2024/install/armor_tracker/share/armor_tracker/cmake/ament_cmake_export_include_directories-extras.cmake
[13.830s] -- Installing: /home/kyle/RM/tracker_2024/install/armor_tracker/share/armor_tracker/cmake/ament_cmake_export_libraries-extras.cmake
[13.830s] -- Installing: /home/kyle/RM/tracker_2024/install/armor_tracker/share/armor_tracker/cmake/armor_trackerConfig.cmake
[13.830s] -- Installing: /home/kyle/RM/tracker_2024/install/armor_tracker/share/armor_tracker/cmake/armor_trackerConfig-version.cmake
[13.830s] -- Installing: /home/kyle/RM/tracker_2024/install/armor_tracker/share/armor_tracker/package.xml
[13.831s] Invoked command in '/home/kyle/RM/tracker_2024/build/armor_tracker' returned '0': AMENT_PREFIX_PATH=/home/kyle/RM/tracker_2024/install/armor_executor:/home/kyle/RM/tracker_2024/install/auto_aim_interfaces:${AMENT_PREFIX_PATH} CMAKE_PREFIX_PATH=/home/kyle/RM/tracker_2024/install/armor_executor:/home/kyle/RM/tracker_2024/install/auto_aim_interfaces:/opt/ros/humble LD_LIBRARY_PATH=/home/kyle/RM/tracker_2024/install/armor_executor/lib:/home/kyle/RM/tracker_2024/install/auto_aim_interfaces/lib:/usr/lib/x86_64-linux-gnu/gazebo-11/plugins:/opt/ros/humble/opt/rviz_ogre_vendor/lib:/opt/ros/humble/lib/x86_64-linux-gnu:/opt/ros/humble/opt/openvdb_vendor/lib:/opt/ros/humble/lib:/usr/share/gazebo/../../lib/x86_64-linux-gnu/gazebo-11/plugins PYTHONPATH=/home/kyle/RM/tracker_2024/install/auto_aim_interfaces/local/lib/python3.10/dist-packages:${PYTHONPATH} /usr/bin/cmake --install /home/kyle/RM/tracker_2024/build/armor_tracker
