[0.015s] Invoking command in '/home/kyle/RM/tracker_2024/build/buff_interfaces': CMAKE_PREFIX_PATH=/opt/ros/humble /usr/bin/cmake /home/kyle/RM/tracker_2024/src/rm_buff-main/buff_interfaces -DCMAKE_INSTALL_PREFIX=/home/kyle/RM/tracker_2024/install/buff_interfaces
[0.075s] -- The C compiler identification is GNU 11.4.0
[0.120s] -- The CXX compiler identification is GNU 11.4.0
[0.127s] -- Detecting C compiler ABI info
[0.176s] -- Detecting C compiler ABI info - done
[0.184s] -- Check for working C compiler: /usr/bin/cc - skipped
[0.184s] -- Detecting C compile features
[0.184s] -- Detecting C compile features - done
[0.184s] -- Detecting CXX compiler ABI info
[0.235s] -- Detecting CXX compiler ABI info - done
[0.241s] -- Check for working CXX compiler: /usr/bin/c++ - skipped
[0.241s] -- Detecting CXX compile features
[0.241s] -- Detecting CXX compile features - done
[0.243s] -- Found ament_cmake: 1.3.11 (/opt/ros/humble/share/ament_cmake/cmake)
[0.600s] -- Found Python3: /usr/bin/python3 (found version "3.10.12") found components: Interpreter 
[0.650s] -- Found rosidl_default_generators: 1.2.0 (/opt/ros/humble/share/rosidl_default_generators/cmake)
[0.652s] -- Using all available rosidl_typesupport_c: rosidl_typesupport_fastrtps_c;rosidl_typesupport_introspection_c
[0.655s] -- Found rosidl_adapter: 3.1.6 (/opt/ros/humble/share/rosidl_adapter/cmake)
[0.694s] -- Using all available rosidl_typesupport_cpp: rosidl_typesupport_fastrtps_cpp;rosidl_typesupport_introspection_cpp
[0.720s] -- Found geometry_msgs: 4.2.4 (/opt/ros/humble/share/geometry_msgs/cmake)
[0.945s] -- Found ament_cmake_ros: 0.10.0 (/opt/ros/humble/share/ament_cmake_ros/cmake)
[1.093s] -- Using all available rosidl_typesupport_c: rosidl_typesupport_fastrtps_c;rosidl_typesupport_introspection_c
[1.297s] -- Using all available rosidl_typesupport_cpp: rosidl_typesupport_fastrtps_cpp;rosidl_typesupport_introspection_cpp
[1.315s] -- Found PythonInterp: /usr/bin/python3 (found suitable version "3.10.12", minimum required is "3.6") 
[1.315s] -- Found python_cmake_module: 0.10.0 (/opt/ros/humble/share/python_cmake_module/cmake)
[1.330s] -- Found PythonLibs: /usr/lib/x86_64-linux-gnu/libpython3.10.so (found suitable version "3.10.12", minimum required is "3.5") 
[1.330s] -- Using PYTHON_EXECUTABLE: /usr/bin/python3
[1.330s] -- Using PYTHON_INCLUDE_DIRS: /usr/include/python3.10
[1.331s] -- Using PYTHON_LIBRARIES: /usr/lib/x86_64-linux-gnu/libpython3.10.so
[1.345s] -- Found PythonExtra: .so  
[1.380s] -- Configuring done
[1.404s] -- Generating done
[1.412s] -- Build files have been written to: /home/kyle/RM/tracker_2024/build/buff_interfaces
[1.419s] Invoked command in '/home/kyle/RM/tracker_2024/build/buff_interfaces' returned '0': CMAKE_PREFIX_PATH=/opt/ros/humble /usr/bin/cmake /home/kyle/RM/tracker_2024/src/rm_buff-main/buff_interfaces -DCMAKE_INSTALL_PREFIX=/home/kyle/RM/tracker_2024/install/buff_interfaces
[1.420s] Invoking command in '/home/kyle/RM/tracker_2024/build/buff_interfaces': CMAKE_PREFIX_PATH=/opt/ros/humble /usr/bin/cmake --build /home/kyle/RM/tracker_2024/build/buff_interfaces -- -j32 -l32
[1.453s] [  1%] [34m[1mGenerating C code for ROS interfaces[0m
[1.460s] [  2%] [34m[1mGenerating C++ code for ROS interfaces[0m
[1.468s] [  2%] Built target ament_cmake_python_copy_buff_interfaces
[1.798s] running egg_info
[1.799s] creating buff_interfaces.egg-info
[1.807s] writing buff_interfaces.egg-info/PKG-INFO
[1.807s] writing dependency_links to buff_interfaces.egg-info/dependency_links.txt
[1.807s] writing top-level names to buff_interfaces.egg-info/top_level.txt
[1.807s] writing manifest file 'buff_interfaces.egg-info/SOURCES.txt'
[1.835s] reading manifest file 'buff_interfaces.egg-info/SOURCES.txt'
[1.835s] writing manifest file 'buff_interfaces.egg-info/SOURCES.txt'
[1.836s] [  3%] [32mBuilding C object CMakeFiles/buff_interfaces__rosidl_generator_c.dir/rosidl_generator_c/buff_interfaces/msg/detail/blade__functions.c.o[0m
[1.836s] [  5%] [32mBuilding C object CMakeFiles/buff_interfaces__rosidl_generator_c.dir/rosidl_generator_c/buff_interfaces/msg/detail/blade_array__functions.c.o[0m
[1.838s] [  6%] [32mBuilding C object CMakeFiles/buff_interfaces__rosidl_generator_c.dir/rosidl_generator_c/buff_interfaces/msg/detail/time_info__functions.c.o[0m
[1.838s] [  8%] [32mBuilding C object CMakeFiles/buff_interfaces__rosidl_generator_c.dir/rosidl_generator_c/buff_interfaces/msg/detail/debug_blade__functions.c.o[0m
[1.838s] [  8%] [32mBuilding C object CMakeFiles/buff_interfaces__rosidl_generator_c.dir/rosidl_generator_c/buff_interfaces/msg/detail/rune__functions.c.o[0m
[1.839s] [ 11%] [32mBuilding C object CMakeFiles/buff_interfaces__rosidl_generator_c.dir/rosidl_generator_c/buff_interfaces/msg/detail/debug_blade_array__functions.c.o[0m
[1.839s] [ 11%] [32mBuilding C object CMakeFiles/buff_interfaces__rosidl_generator_c.dir/rosidl_generator_c/buff_interfaces/msg/detail/rune_info__functions.c.o[0m
[1.862s] [ 11%] Built target ament_cmake_python_build_buff_interfaces_egg
[1.879s] [ 12%] [32m[1mLinking C shared library libbuff_interfaces__rosidl_generator_c.so[0m
[1.914s] [ 12%] Built target buff_interfaces__rosidl_generator_c
[1.922s] [ 13%] [34m[1mGenerating C introspection for ROS interfaces[0m
[1.922s] [ 15%] [34m[1mGenerating C type support for eProsima Fast-RTPS[0m
[1.922s] [ 16%] [34m[1mGenerating C type support dispatch for ROS interfaces[0m
[1.958s] [ 16%] Built target buff_interfaces__cpp
[1.966s] [ 18%] [34m[1mGenerating C++ introspection for ROS interfaces[0m
[1.966s] [ 18%] [34m[1mGenerating C++ type support dispatch for ROS interfaces[0m
[1.966s] [ 20%] [34m[1mGenerating C++ type support for eProsima Fast-RTPS[0m
[2.181s] [ 22%] [32mBuilding C object CMakeFiles/buff_interfaces__rosidl_typesupport_introspection_c.dir/rosidl_typesupport_introspection_c/buff_interfaces/msg/detail/debug_blade_array__type_support.c.o[0m
[2.181s] [ 22%] [32mBuilding C object CMakeFiles/buff_interfaces__rosidl_typesupport_introspection_c.dir/rosidl_typesupport_introspection_c/buff_interfaces/msg/detail/blade_array__type_support.c.o[0m
[2.182s] [ 24%] [32mBuilding C object CMakeFiles/buff_interfaces__rosidl_typesupport_introspection_c.dir/rosidl_typesupport_introspection_c/buff_interfaces/msg/detail/rune_info__type_support.c.o[0m
[2.183s] [ 25%] [32mBuilding C object CMakeFiles/buff_interfaces__rosidl_typesupport_introspection_c.dir/rosidl_typesupport_introspection_c/buff_interfaces/msg/detail/blade__type_support.c.o[0m
[2.183s] [ 26%] [32mBuilding C object CMakeFiles/buff_interfaces__rosidl_typesupport_introspection_c.dir/rosidl_typesupport_introspection_c/buff_interfaces/msg/detail/debug_blade__type_support.c.o[0m
[2.183s] [ 27%] [32mBuilding C object CMakeFiles/buff_interfaces__rosidl_typesupport_introspection_c.dir/rosidl_typesupport_introspection_c/buff_interfaces/msg/detail/rune__type_support.c.o[0m
[2.184s] [ 29%] [32mBuilding C object CMakeFiles/buff_interfaces__rosidl_typesupport_introspection_c.dir/rosidl_typesupport_introspection_c/buff_interfaces/msg/detail/time_info__type_support.c.o[0m
[2.206s] [ 30%] [32mBuilding CXX object CMakeFiles/buff_interfaces__rosidl_typesupport_c.dir/rosidl_typesupport_c/buff_interfaces/msg/time_info__type_support.cpp.o[0m
[2.206s] [ 31%] [32mBuilding CXX object CMakeFiles/buff_interfaces__rosidl_typesupport_c.dir/rosidl_typesupport_c/buff_interfaces/msg/blade_array__type_support.cpp.o[0m
[2.206s] [ 32%] [32mBuilding CXX object CMakeFiles/buff_interfaces__rosidl_typesupport_c.dir/rosidl_typesupport_c/buff_interfaces/msg/rune__type_support.cpp.o[0m
[2.206s] [ 34%] [32mBuilding CXX object CMakeFiles/buff_interfaces__rosidl_typesupport_c.dir/rosidl_typesupport_c/buff_interfaces/msg/blade__type_support.cpp.o[0m
[2.208s] [ 35%] [32mBuilding CXX object CMakeFiles/buff_interfaces__rosidl_typesupport_c.dir/rosidl_typesupport_c/buff_interfaces/msg/rune_info__type_support.cpp.o[0m
[2.208s] [ 36%] [32mBuilding CXX object CMakeFiles/buff_interfaces__rosidl_typesupport_c.dir/rosidl_typesupport_c/buff_interfaces/msg/debug_blade_array__type_support.cpp.o[0m
[2.208s] [ 37%] [32mBuilding CXX object CMakeFiles/buff_interfaces__rosidl_typesupport_c.dir/rosidl_typesupport_c/buff_interfaces/msg/debug_blade__type_support.cpp.o[0m
[2.217s] [ 39%] [32m[1mLinking C shared library libbuff_interfaces__rosidl_typesupport_introspection_c.so[0m
[2.232s] [ 40%] [32m[1mLinking CXX shared library libbuff_interfaces__rosidl_typesupport_c.so[0m
[2.241s] [ 40%] Built target buff_interfaces__rosidl_typesupport_introspection_c
[2.265s] [ 40%] Built target buff_interfaces__rosidl_typesupport_c
[2.286s] [ 43%] [32mBuilding CXX object CMakeFiles/buff_interfaces__rosidl_typesupport_introspection_cpp.dir/rosidl_typesupport_introspection_cpp/buff_interfaces/msg/detail/debug_blade_array__type_support.cpp.o[0m
[2.286s] [ 41%] [32mBuilding CXX object CMakeFiles/buff_interfaces__rosidl_typesupport_introspection_cpp.dir/rosidl_typesupport_introspection_cpp/buff_interfaces/msg/detail/blade__type_support.cpp.o[0m
[2.287s] [ 44%] [32mBuilding CXX object CMakeFiles/buff_interfaces__rosidl_typesupport_introspection_cpp.dir/rosidl_typesupport_introspection_cpp/buff_interfaces/msg/detail/debug_blade__type_support.cpp.o[0m
[2.287s] [ 45%] [32mBuilding CXX object CMakeFiles/buff_interfaces__rosidl_typesupport_introspection_cpp.dir/rosidl_typesupport_introspection_cpp/buff_interfaces/msg/detail/rune_info__type_support.cpp.o[0m
[2.287s] [ 46%] [32mBuilding CXX object CMakeFiles/buff_interfaces__rosidl_typesupport_introspection_cpp.dir/rosidl_typesupport_introspection_cpp/buff_interfaces/msg/detail/rune__type_support.cpp.o[0m
[2.287s] [ 48%] [32mBuilding CXX object CMakeFiles/buff_interfaces__rosidl_typesupport_introspection_cpp.dir/rosidl_typesupport_introspection_cpp/buff_interfaces/msg/detail/blade_array__type_support.cpp.o[0m
[2.288s] [ 49%] [32mBuilding CXX object CMakeFiles/buff_interfaces__rosidl_typesupport_fastrtps_cpp.dir/rosidl_typesupport_fastrtps_cpp/buff_interfaces/msg/detail/dds_fastrtps/blade__type_support.cpp.o[0m
[2.288s] [ 50%] [32mBuilding CXX object CMakeFiles/buff_interfaces__rosidl_typesupport_fastrtps_cpp.dir/rosidl_typesupport_fastrtps_cpp/buff_interfaces/msg/detail/dds_fastrtps/blade_array__type_support.cpp.o[0m
[2.288s] [ 51%] [32mBuilding CXX object CMakeFiles/buff_interfaces__rosidl_typesupport_introspection_cpp.dir/rosidl_typesupport_introspection_cpp/buff_interfaces/msg/detail/time_info__type_support.cpp.o[0m
[2.289s] [ 53%] [32mBuilding CXX object CMakeFiles/buff_interfaces__rosidl_typesupport_fastrtps_cpp.dir/rosidl_typesupport_fastrtps_cpp/buff_interfaces/msg/detail/dds_fastrtps/rune__type_support.cpp.o[0m
[2.289s] [ 54%] [32mBuilding CXX object CMakeFiles/buff_interfaces__rosidl_typesupport_fastrtps_cpp.dir/rosidl_typesupport_fastrtps_cpp/buff_interfaces/msg/detail/dds_fastrtps/time_info__type_support.cpp.o[0m
[2.290s] [ 56%] [32mBuilding CXX object CMakeFiles/buff_interfaces__rosidl_typesupport_fastrtps_cpp.dir/rosidl_typesupport_fastrtps_cpp/buff_interfaces/msg/detail/dds_fastrtps/debug_blade_array__type_support.cpp.o[0m
[2.290s] [ 56%] [32mBuilding CXX object CMakeFiles/buff_interfaces__rosidl_typesupport_fastrtps_cpp.dir/rosidl_typesupport_fastrtps_cpp/buff_interfaces/msg/detail/dds_fastrtps/rune_info__type_support.cpp.o[0m
[2.290s] [ 58%] [32mBuilding CXX object CMakeFiles/buff_interfaces__rosidl_typesupport_fastrtps_cpp.dir/rosidl_typesupport_fastrtps_cpp/buff_interfaces/msg/detail/dds_fastrtps/debug_blade__type_support.cpp.o[0m
[2.307s] [ 59%] [32mBuilding CXX object CMakeFiles/buff_interfaces__rosidl_typesupport_cpp.dir/rosidl_typesupport_cpp/buff_interfaces/msg/blade__type_support.cpp.o[0m
[2.307s] [ 60%] [32mBuilding CXX object CMakeFiles/buff_interfaces__rosidl_typesupport_cpp.dir/rosidl_typesupport_cpp/buff_interfaces/msg/rune__type_support.cpp.o[0m
[2.307s] [ 63%] [32mBuilding CXX object CMakeFiles/buff_interfaces__rosidl_typesupport_cpp.dir/rosidl_typesupport_cpp/buff_interfaces/msg/rune_info__type_support.cpp.o[0m
[2.307s] [ 63%] [32mBuilding CXX object CMakeFiles/buff_interfaces__rosidl_typesupport_cpp.dir/rosidl_typesupport_cpp/buff_interfaces/msg/blade_array__type_support.cpp.o[0m
[2.307s] [ 64%] [32mBuilding CXX object CMakeFiles/buff_interfaces__rosidl_typesupport_cpp.dir/rosidl_typesupport_cpp/buff_interfaces/msg/debug_blade_array__type_support.cpp.o[0m
[2.308s] [ 65%] [32mBuilding CXX object CMakeFiles/buff_interfaces__rosidl_typesupport_cpp.dir/rosidl_typesupport_cpp/buff_interfaces/msg/debug_blade__type_support.cpp.o[0m
[2.309s] [ 67%] [32mBuilding CXX object CMakeFiles/buff_interfaces__rosidl_typesupport_cpp.dir/rosidl_typesupport_cpp/buff_interfaces/msg/time_info__type_support.cpp.o[0m
[2.452s] [ 68%] [32mBuilding CXX object CMakeFiles/buff_interfaces__rosidl_typesupport_fastrtps_c.dir/rosidl_typesupport_fastrtps_c/buff_interfaces/msg/detail/blade__type_support_c.cpp.o[0m
[2.453s] [ 69%] [32mBuilding CXX object CMakeFiles/buff_interfaces__rosidl_typesupport_fastrtps_c.dir/rosidl_typesupport_fastrtps_c/buff_interfaces/msg/detail/blade_array__type_support_c.cpp.o[0m
[2.459s] [ 73%] [32mBuilding CXX object CMakeFiles/buff_interfaces__rosidl_typesupport_fastrtps_c.dir/rosidl_typesupport_fastrtps_c/buff_interfaces/msg/detail/rune_info__type_support_c.cpp.o[0m
[2.459s] [ 74%] [32mBuilding CXX object CMakeFiles/buff_interfaces__rosidl_typesupport_fastrtps_c.dir/rosidl_typesupport_fastrtps_c/buff_interfaces/msg/detail/debug_blade__type_support_c.cpp.o[0m
[2.459s] [ 74%] [32mBuilding CXX object CMakeFiles/buff_interfaces__rosidl_typesupport_fastrtps_c.dir/rosidl_typesupport_fastrtps_c/buff_interfaces/msg/detail/time_info__type_support_c.cpp.o[0m
[2.459s] [ 75%] [32mBuilding CXX object CMakeFiles/buff_interfaces__rosidl_typesupport_fastrtps_c.dir/rosidl_typesupport_fastrtps_c/buff_interfaces/msg/detail/debug_blade_array__type_support_c.cpp.o[0m
[2.466s] [ 75%] [32mBuilding CXX object CMakeFiles/buff_interfaces__rosidl_typesupport_fastrtps_c.dir/rosidl_typesupport_fastrtps_c/buff_interfaces/msg/detail/rune__type_support_c.cpp.o[0m
[2.666s] [ 77%] [32m[1mLinking CXX shared library libbuff_interfaces__rosidl_typesupport_cpp.so[0m
[2.763s] [ 77%] Built target buff_interfaces__rosidl_typesupport_cpp
[2.805s] [ 78%] [32m[1mLinking CXX shared library libbuff_interfaces__rosidl_typesupport_introspection_cpp.so[0m
[2.852s] [ 79%] [32m[1mLinking CXX shared library libbuff_interfaces__rosidl_typesupport_fastrtps_cpp.so[0m
[2.997s] [ 79%] Built target buff_interfaces__rosidl_typesupport_introspection_cpp
[3.038s] [ 79%] Built target buff_interfaces__rosidl_typesupport_fastrtps_cpp
[3.113s] [ 81%] [32m[1mLinking CXX shared library libbuff_interfaces__rosidl_typesupport_fastrtps_c.so[0m
[3.223s] [ 81%] Built target buff_interfaces__rosidl_typesupport_fastrtps_c
[3.246s] [ 81%] Built target buff_interfaces
[3.283s] [ 82%] [34m[1mGenerating Python code for ROS interfaces[0m
[3.824s] [ 82%] Built target buff_interfaces__py
[3.838s] [ 83%] [32mBuilding C object CMakeFiles/buff_interfaces__rosidl_generator_py.dir/rosidl_generator_py/buff_interfaces/msg/_time_info_s.c.o[0m
[3.839s] [ 84%] [32mBuilding C object CMakeFiles/buff_interfaces__rosidl_generator_py.dir/rosidl_generator_py/buff_interfaces/msg/_rune_info_s.c.o[0m
[3.839s] [ 86%] [32mBuilding C object CMakeFiles/buff_interfaces__rosidl_generator_py.dir/rosidl_generator_py/buff_interfaces/msg/_blade_s.c.o[0m
[3.839s] [ 87%] [32mBuilding C object CMakeFiles/buff_interfaces__rosidl_generator_py.dir/rosidl_generator_py/buff_interfaces/msg/_blade_array_s.c.o[0m
[3.839s] [ 88%] [32mBuilding C object CMakeFiles/buff_interfaces__rosidl_generator_py.dir/rosidl_generator_py/buff_interfaces/msg/_debug_blade_array_s.c.o[0m
[3.839s] [ 89%] [32mBuilding C object CMakeFiles/buff_interfaces__rosidl_generator_py.dir/rosidl_generator_py/buff_interfaces/msg/_debug_blade_s.c.o[0m
[3.840s] [ 91%] [32mBuilding C object CMakeFiles/buff_interfaces__rosidl_generator_py.dir/rosidl_generator_py/buff_interfaces/msg/_rune_s.c.o[0m
[3.919s] [ 92%] [32m[1mLinking C shared library rosidl_generator_py/buff_interfaces/libbuff_interfaces__rosidl_generator_py.so[0m
[3.951s] [ 92%] Built target buff_interfaces__rosidl_generator_py
[3.966s] [ 93%] [32mBuilding C object CMakeFiles/buff_interfaces__rosidl_typesupport_c__pyext.dir/rosidl_generator_py/buff_interfaces/_buff_interfaces_s.ep.rosidl_typesupport_c.c.o[0m
[3.967s] [ 94%] [32mBuilding C object CMakeFiles/buff_interfaces__rosidl_typesupport_fastrtps_c__pyext.dir/rosidl_generator_py/buff_interfaces/_buff_interfaces_s.ep.rosidl_typesupport_fastrtps_c.c.o[0m
[3.967s] [ 96%] [32mBuilding C object CMakeFiles/buff_interfaces__rosidl_typesupport_introspection_c__pyext.dir/rosidl_generator_py/buff_interfaces/_buff_interfaces_s.ep.rosidl_typesupport_introspection_c.c.o[0m
[4.026s] [ 97%] [32m[1mLinking C shared library rosidl_generator_py/buff_interfaces/buff_interfaces_s__rosidl_typesupport_introspection_c.cpython-310-x86_64-linux-gnu.so[0m
[4.026s] [100%] [32m[1mLinking C shared library rosidl_generator_py/buff_interfaces/buff_interfaces_s__rosidl_typesupport_fastrtps_c.cpython-310-x86_64-linux-gnu.so[0m
[4.026s] [100%] [32m[1mLinking C shared library rosidl_generator_py/buff_interfaces/buff_interfaces_s__rosidl_typesupport_c.cpython-310-x86_64-linux-gnu.so[0m
[4.056s] [100%] Built target buff_interfaces__rosidl_typesupport_introspection_c__pyext
[4.057s] [100%] Built target buff_interfaces__rosidl_typesupport_fastrtps_c__pyext
[4.057s] [100%] Built target buff_interfaces__rosidl_typesupport_c__pyext
[4.067s] Invoked command in '/home/kyle/RM/tracker_2024/build/buff_interfaces' returned '0': CMAKE_PREFIX_PATH=/opt/ros/humble /usr/bin/cmake --build /home/kyle/RM/tracker_2024/build/buff_interfaces -- -j32 -l32
[4.068s] Invoking command in '/home/kyle/RM/tracker_2024/build/buff_interfaces': CMAKE_PREFIX_PATH=/opt/ros/humble /usr/bin/cmake --install /home/kyle/RM/tracker_2024/build/buff_interfaces
[4.073s] -- Install configuration: ""
[4.073s] -- Installing: /home/kyle/RM/tracker_2024/install/buff_interfaces/share/ament_index/resource_index/rosidl_interfaces/buff_interfaces
[4.073s] -- Installing: /home/kyle/RM/tracker_2024/install/buff_interfaces/include/buff_interfaces/buff_interfaces
[4.073s] -- Installing: /home/kyle/RM/tracker_2024/install/buff_interfaces/include/buff_interfaces/buff_interfaces/msg
[4.073s] -- Installing: /home/kyle/RM/tracker_2024/install/buff_interfaces/include/buff_interfaces/buff_interfaces/msg/blade.h
[4.073s] -- Installing: /home/kyle/RM/tracker_2024/install/buff_interfaces/include/buff_interfaces/buff_interfaces/msg/rune_info.h
[4.073s] -- Installing: /home/kyle/RM/tracker_2024/install/buff_interfaces/include/buff_interfaces/buff_interfaces/msg/rune.h
[4.073s] -- Installing: /home/kyle/RM/tracker_2024/install/buff_interfaces/include/buff_interfaces/buff_interfaces/msg/debug_blade.h
[4.073s] -- Installing: /home/kyle/RM/tracker_2024/install/buff_interfaces/include/buff_interfaces/buff_interfaces/msg/time_info.h
[4.073s] -- Installing: /home/kyle/RM/tracker_2024/install/buff_interfaces/include/buff_interfaces/buff_interfaces/msg/rosidl_generator_c__visibility_control.h
[4.073s] -- Installing: /home/kyle/RM/tracker_2024/install/buff_interfaces/include/buff_interfaces/buff_interfaces/msg/blade_array.h
[4.073s] -- Installing: /home/kyle/RM/tracker_2024/install/buff_interfaces/include/buff_interfaces/buff_interfaces/msg/detail
[4.073s] -- Installing: /home/kyle/RM/tracker_2024/install/buff_interfaces/include/buff_interfaces/buff_interfaces/msg/detail/rune__functions.h
[4.073s] -- Installing: /home/kyle/RM/tracker_2024/install/buff_interfaces/include/buff_interfaces/buff_interfaces/msg/detail/rune_info__functions.h
[4.074s] -- Installing: /home/kyle/RM/tracker_2024/install/buff_interfaces/include/buff_interfaces/buff_interfaces/msg/detail/debug_blade_array__type_support.h
[4.074s] -- Installing: /home/kyle/RM/tracker_2024/install/buff_interfaces/include/buff_interfaces/buff_interfaces/msg/detail/debug_blade_array__struct.h
[4.074s] -- Installing: /home/kyle/RM/tracker_2024/install/buff_interfaces/include/buff_interfaces/buff_interfaces/msg/detail/rune__struct.h
[4.074s] -- Installing: /home/kyle/RM/tracker_2024/install/buff_interfaces/include/buff_interfaces/buff_interfaces/msg/detail/rune_info__struct.h
[4.074s] -- Installing: /home/kyle/RM/tracker_2024/install/buff_interfaces/include/buff_interfaces/buff_interfaces/msg/detail/rune_info__functions.c
[4.074s] -- Installing: /home/kyle/RM/tracker_2024/install/buff_interfaces/include/buff_interfaces/buff_interfaces/msg/detail/debug_blade_array__functions.h
[4.074s] -- Installing: /home/kyle/RM/tracker_2024/install/buff_interfaces/include/buff_interfaces/buff_interfaces/msg/detail/time_info__struct.h
[4.074s] -- Installing: /home/kyle/RM/tracker_2024/install/buff_interfaces/include/buff_interfaces/buff_interfaces/msg/detail/debug_blade__functions.h
[4.074s] -- Installing: /home/kyle/RM/tracker_2024/install/buff_interfaces/include/buff_interfaces/buff_interfaces/msg/detail/time_info__functions.c
[4.074s] -- Installing: /home/kyle/RM/tracker_2024/install/buff_interfaces/include/buff_interfaces/buff_interfaces/msg/detail/blade__type_support.h
[4.074s] -- Installing: /home/kyle/RM/tracker_2024/install/buff_interfaces/include/buff_interfaces/buff_interfaces/msg/detail/rune__functions.c
[4.074s] -- Installing: /home/kyle/RM/tracker_2024/install/buff_interfaces/include/buff_interfaces/buff_interfaces/msg/detail/blade__functions.h
[4.074s] -- Installing: /home/kyle/RM/tracker_2024/install/buff_interfaces/include/buff_interfaces/buff_interfaces/msg/detail/rune_info__type_support.h
[4.074s] -- Installing: /home/kyle/RM/tracker_2024/install/buff_interfaces/include/buff_interfaces/buff_interfaces/msg/detail/blade__struct.h
[4.074s] -- Installing: /home/kyle/RM/tracker_2024/install/buff_interfaces/include/buff_interfaces/buff_interfaces/msg/detail/blade_array__struct.h
[4.074s] -- Installing: /home/kyle/RM/tracker_2024/install/buff_interfaces/include/buff_interfaces/buff_interfaces/msg/detail/blade_array__functions.h
[4.074s] -- Installing: /home/kyle/RM/tracker_2024/install/buff_interfaces/include/buff_interfaces/buff_interfaces/msg/detail/time_info__functions.h
[4.075s] -- Installing: /home/kyle/RM/tracker_2024/install/buff_interfaces/include/buff_interfaces/buff_interfaces/msg/detail/debug_blade__functions.c
[4.075s] -- Installing: /home/kyle/RM/tracker_2024/install/buff_interfaces/include/buff_interfaces/buff_interfaces/msg/detail/blade_array__type_support.h
[4.075s] -- Installing: /home/kyle/RM/tracker_2024/install/buff_interfaces/include/buff_interfaces/buff_interfaces/msg/detail/blade_array__functions.c
[4.075s] -- Installing: /home/kyle/RM/tracker_2024/install/buff_interfaces/include/buff_interfaces/buff_interfaces/msg/detail/debug_blade__type_support.h
[4.075s] -- Installing: /home/kyle/RM/tracker_2024/install/buff_interfaces/include/buff_interfaces/buff_interfaces/msg/detail/time_info__type_support.h
[4.075s] -- Installing: /home/kyle/RM/tracker_2024/install/buff_interfaces/include/buff_interfaces/buff_interfaces/msg/detail/debug_blade__struct.h
[4.075s] -- Installing: /home/kyle/RM/tracker_2024/install/buff_interfaces/include/buff_interfaces/buff_interfaces/msg/detail/blade__functions.c
[4.075s] -- Installing: /home/kyle/RM/tracker_2024/install/buff_interfaces/include/buff_interfaces/buff_interfaces/msg/detail/rune__type_support.h
[4.075s] -- Installing: /home/kyle/RM/tracker_2024/install/buff_interfaces/include/buff_interfaces/buff_interfaces/msg/detail/debug_blade_array__functions.c
[4.075s] -- Installing: /home/kyle/RM/tracker_2024/install/buff_interfaces/include/buff_interfaces/buff_interfaces/msg/debug_blade_array.h
[4.075s] -- Installing: /home/kyle/RM/tracker_2024/install/buff_interfaces/share/buff_interfaces/environment/library_path.sh
[4.075s] -- Installing: /home/kyle/RM/tracker_2024/install/buff_interfaces/share/buff_interfaces/environment/library_path.dsv
[4.075s] -- Installing: /home/kyle/RM/tracker_2024/install/buff_interfaces/lib/libbuff_interfaces__rosidl_generator_c.so
[4.075s] -- Set runtime path of "/home/kyle/RM/tracker_2024/install/buff_interfaces/lib/libbuff_interfaces__rosidl_generator_c.so" to ""
[4.075s] -- Up-to-date: /home/kyle/RM/tracker_2024/install/buff_interfaces/include/buff_interfaces/buff_interfaces
[4.076s] -- Up-to-date: /home/kyle/RM/tracker_2024/install/buff_interfaces/include/buff_interfaces/buff_interfaces/msg
[4.076s] -- Up-to-date: /home/kyle/RM/tracker_2024/install/buff_interfaces/include/buff_interfaces/buff_interfaces/msg/detail
[4.076s] -- Installing: /home/kyle/RM/tracker_2024/install/buff_interfaces/include/buff_interfaces/buff_interfaces/msg/detail/rune_info__rosidl_typesupport_fastrtps_c.h
[4.076s] -- Installing: /home/kyle/RM/tracker_2024/install/buff_interfaces/include/buff_interfaces/buff_interfaces/msg/detail/debug_blade_array__rosidl_typesupport_fastrtps_c.h
[4.076s] -- Installing: /home/kyle/RM/tracker_2024/install/buff_interfaces/include/buff_interfaces/buff_interfaces/msg/detail/blade_array__rosidl_typesupport_fastrtps_c.h
[4.076s] -- Installing: /home/kyle/RM/tracker_2024/install/buff_interfaces/include/buff_interfaces/buff_interfaces/msg/detail/time_info__rosidl_typesupport_fastrtps_c.h
[4.076s] -- Installing: /home/kyle/RM/tracker_2024/install/buff_interfaces/include/buff_interfaces/buff_interfaces/msg/detail/debug_blade__rosidl_typesupport_fastrtps_c.h
[4.076s] -- Installing: /home/kyle/RM/tracker_2024/install/buff_interfaces/include/buff_interfaces/buff_interfaces/msg/detail/blade__rosidl_typesupport_fastrtps_c.h
[4.076s] -- Installing: /home/kyle/RM/tracker_2024/install/buff_interfaces/include/buff_interfaces/buff_interfaces/msg/detail/rune__rosidl_typesupport_fastrtps_c.h
[4.076s] -- Installing: /home/kyle/RM/tracker_2024/install/buff_interfaces/include/buff_interfaces/buff_interfaces/msg/rosidl_typesupport_fastrtps_c__visibility_control.h
[4.076s] -- Installing: /home/kyle/RM/tracker_2024/install/buff_interfaces/lib/libbuff_interfaces__rosidl_typesupport_fastrtps_c.so
[4.076s] -- Set runtime path of "/home/kyle/RM/tracker_2024/install/buff_interfaces/lib/libbuff_interfaces__rosidl_typesupport_fastrtps_c.so" to ""
[4.076s] -- Up-to-date: /home/kyle/RM/tracker_2024/install/buff_interfaces/include/buff_interfaces/buff_interfaces
[4.076s] -- Up-to-date: /home/kyle/RM/tracker_2024/install/buff_interfaces/include/buff_interfaces/buff_interfaces/msg
[4.076s] -- Installing: /home/kyle/RM/tracker_2024/install/buff_interfaces/include/buff_interfaces/buff_interfaces/msg/rosidl_typesupport_introspection_c__visibility_control.h
[4.076s] -- Up-to-date: /home/kyle/RM/tracker_2024/install/buff_interfaces/include/buff_interfaces/buff_interfaces/msg/detail
[4.077s] -- Installing: /home/kyle/RM/tracker_2024/install/buff_interfaces/include/buff_interfaces/buff_interfaces/msg/detail/time_info__type_support.c
[4.077s] -- Installing: /home/kyle/RM/tracker_2024/install/buff_interfaces/include/buff_interfaces/buff_interfaces/msg/detail/blade_array__rosidl_typesupport_introspection_c.h
[4.077s] -- Installing: /home/kyle/RM/tracker_2024/install/buff_interfaces/include/buff_interfaces/buff_interfaces/msg/detail/rune__type_support.c
[4.077s] -- Installing: /home/kyle/RM/tracker_2024/install/buff_interfaces/include/buff_interfaces/buff_interfaces/msg/detail/debug_blade__type_support.c
[4.077s] -- Installing: /home/kyle/RM/tracker_2024/install/buff_interfaces/include/buff_interfaces/buff_interfaces/msg/detail/time_info__rosidl_typesupport_introspection_c.h
[4.077s] -- Installing: /home/kyle/RM/tracker_2024/install/buff_interfaces/include/buff_interfaces/buff_interfaces/msg/detail/blade_array__type_support.c
[4.077s] -- Installing: /home/kyle/RM/tracker_2024/install/buff_interfaces/include/buff_interfaces/buff_interfaces/msg/detail/rune_info__rosidl_typesupport_introspection_c.h
[4.077s] -- Installing: /home/kyle/RM/tracker_2024/install/buff_interfaces/include/buff_interfaces/buff_interfaces/msg/detail/debug_blade_array__rosidl_typesupport_introspection_c.h
[4.077s] -- Installing: /home/kyle/RM/tracker_2024/install/buff_interfaces/include/buff_interfaces/buff_interfaces/msg/detail/debug_blade_array__type_support.c
[4.077s] -- Installing: /home/kyle/RM/tracker_2024/install/buff_interfaces/include/buff_interfaces/buff_interfaces/msg/detail/rune_info__type_support.c
[4.077s] -- Installing: /home/kyle/RM/tracker_2024/install/buff_interfaces/include/buff_interfaces/buff_interfaces/msg/detail/debug_blade__rosidl_typesupport_introspection_c.h
[4.077s] -- Installing: /home/kyle/RM/tracker_2024/install/buff_interfaces/include/buff_interfaces/buff_interfaces/msg/detail/rune__rosidl_typesupport_introspection_c.h
[4.077s] -- Installing: /home/kyle/RM/tracker_2024/install/buff_interfaces/include/buff_interfaces/buff_interfaces/msg/detail/blade__rosidl_typesupport_introspection_c.h
[4.077s] -- Installing: /home/kyle/RM/tracker_2024/install/buff_interfaces/include/buff_interfaces/buff_interfaces/msg/detail/blade__type_support.c
[4.077s] -- Installing: /home/kyle/RM/tracker_2024/install/buff_interfaces/lib/libbuff_interfaces__rosidl_typesupport_introspection_c.so
[4.077s] -- Set runtime path of "/home/kyle/RM/tracker_2024/install/buff_interfaces/lib/libbuff_interfaces__rosidl_typesupport_introspection_c.so" to ""
[4.078s] -- Installing: /home/kyle/RM/tracker_2024/install/buff_interfaces/lib/libbuff_interfaces__rosidl_typesupport_c.so
[4.078s] -- Set runtime path of "/home/kyle/RM/tracker_2024/install/buff_interfaces/lib/libbuff_interfaces__rosidl_typesupport_c.so" to ""
[4.078s] -- Up-to-date: /home/kyle/RM/tracker_2024/install/buff_interfaces/include/buff_interfaces/buff_interfaces
[4.078s] -- Up-to-date: /home/kyle/RM/tracker_2024/install/buff_interfaces/include/buff_interfaces/buff_interfaces/msg
[4.078s] -- Installing: /home/kyle/RM/tracker_2024/install/buff_interfaces/include/buff_interfaces/buff_interfaces/msg/debug_blade_array.hpp
[4.078s] -- Installing: /home/kyle/RM/tracker_2024/install/buff_interfaces/include/buff_interfaces/buff_interfaces/msg/rune.hpp
[4.078s] -- Installing: /home/kyle/RM/tracker_2024/install/buff_interfaces/include/buff_interfaces/buff_interfaces/msg/blade.hpp
[4.078s] -- Installing: /home/kyle/RM/tracker_2024/install/buff_interfaces/include/buff_interfaces/buff_interfaces/msg/rune_info.hpp
[4.078s] -- Installing: /home/kyle/RM/tracker_2024/install/buff_interfaces/include/buff_interfaces/buff_interfaces/msg/rosidl_generator_cpp__visibility_control.hpp
[4.078s] -- Installing: /home/kyle/RM/tracker_2024/install/buff_interfaces/include/buff_interfaces/buff_interfaces/msg/time_info.hpp
[4.078s] -- Installing: /home/kyle/RM/tracker_2024/install/buff_interfaces/include/buff_interfaces/buff_interfaces/msg/debug_blade.hpp
[4.078s] -- Installing: /home/kyle/RM/tracker_2024/install/buff_interfaces/include/buff_interfaces/buff_interfaces/msg/blade_array.hpp
[4.078s] -- Up-to-date: /home/kyle/RM/tracker_2024/install/buff_interfaces/include/buff_interfaces/buff_interfaces/msg/detail
[4.078s] -- Installing: /home/kyle/RM/tracker_2024/install/buff_interfaces/include/buff_interfaces/buff_interfaces/msg/detail/debug_blade__traits.hpp
[4.078s] -- Installing: /home/kyle/RM/tracker_2024/install/buff_interfaces/include/buff_interfaces/buff_interfaces/msg/detail/time_info__builder.hpp
[4.078s] -- Installing: /home/kyle/RM/tracker_2024/install/buff_interfaces/include/buff_interfaces/buff_interfaces/msg/detail/debug_blade_array__traits.hpp
[4.078s] -- Installing: /home/kyle/RM/tracker_2024/install/buff_interfaces/include/buff_interfaces/buff_interfaces/msg/detail/blade_array__type_support.hpp
[4.079s] -- Installing: /home/kyle/RM/tracker_2024/install/buff_interfaces/include/buff_interfaces/buff_interfaces/msg/detail/rune__struct.hpp
[4.079s] -- Installing: /home/kyle/RM/tracker_2024/install/buff_interfaces/include/buff_interfaces/buff_interfaces/msg/detail/blade__traits.hpp
[4.079s] -- Installing: /home/kyle/RM/tracker_2024/install/buff_interfaces/include/buff_interfaces/buff_interfaces/msg/detail/debug_blade_array__struct.hpp
[4.079s] -- Installing: /home/kyle/RM/tracker_2024/install/buff_interfaces/include/buff_interfaces/buff_interfaces/msg/detail/blade_array__struct.hpp
[4.079s] -- Installing: /home/kyle/RM/tracker_2024/install/buff_interfaces/include/buff_interfaces/buff_interfaces/msg/detail/blade__builder.hpp
[4.079s] -- Installing: /home/kyle/RM/tracker_2024/install/buff_interfaces/include/buff_interfaces/buff_interfaces/msg/detail/debug_blade_array__type_support.hpp
[4.079s] -- Installing: /home/kyle/RM/tracker_2024/install/buff_interfaces/include/buff_interfaces/buff_interfaces/msg/detail/time_info__type_support.hpp
[4.079s] -- Installing: /home/kyle/RM/tracker_2024/install/buff_interfaces/include/buff_interfaces/buff_interfaces/msg/detail/rune_info__builder.hpp
[4.079s] -- Installing: /home/kyle/RM/tracker_2024/install/buff_interfaces/include/buff_interfaces/buff_interfaces/msg/detail/rune__builder.hpp
[4.079s] -- Installing: /home/kyle/RM/tracker_2024/install/buff_interfaces/include/buff_interfaces/buff_interfaces/msg/detail/time_info__traits.hpp
[4.079s] -- Installing: /home/kyle/RM/tracker_2024/install/buff_interfaces/include/buff_interfaces/buff_interfaces/msg/detail/debug_blade_array__builder.hpp
[4.079s] -- Installing: /home/kyle/RM/tracker_2024/install/buff_interfaces/include/buff_interfaces/buff_interfaces/msg/detail/blade__type_support.hpp
[4.079s] -- Installing: /home/kyle/RM/tracker_2024/install/buff_interfaces/include/buff_interfaces/buff_interfaces/msg/detail/rune__traits.hpp
[4.079s] -- Installing: /home/kyle/RM/tracker_2024/install/buff_interfaces/include/buff_interfaces/buff_interfaces/msg/detail/time_info__struct.hpp
[4.079s] -- Installing: /home/kyle/RM/tracker_2024/install/buff_interfaces/include/buff_interfaces/buff_interfaces/msg/detail/debug_blade__builder.hpp
[4.079s] -- Installing: /home/kyle/RM/tracker_2024/install/buff_interfaces/include/buff_interfaces/buff_interfaces/msg/detail/blade__struct.hpp
[4.079s] -- Installing: /home/kyle/RM/tracker_2024/install/buff_interfaces/include/buff_interfaces/buff_interfaces/msg/detail/debug_blade__struct.hpp
[4.080s] -- Installing: /home/kyle/RM/tracker_2024/install/buff_interfaces/include/buff_interfaces/buff_interfaces/msg/detail/rune_info__type_support.hpp
[4.080s] -- Installing: /home/kyle/RM/tracker_2024/install/buff_interfaces/include/buff_interfaces/buff_interfaces/msg/detail/debug_blade__type_support.hpp
[4.080s] -- Installing: /home/kyle/RM/tracker_2024/install/buff_interfaces/include/buff_interfaces/buff_interfaces/msg/detail/blade_array__traits.hpp
[4.080s] -- Installing: /home/kyle/RM/tracker_2024/install/buff_interfaces/include/buff_interfaces/buff_interfaces/msg/detail/blade_array__builder.hpp
[4.080s] -- Installing: /home/kyle/RM/tracker_2024/install/buff_interfaces/include/buff_interfaces/buff_interfaces/msg/detail/rune__type_support.hpp
[4.080s] -- Installing: /home/kyle/RM/tracker_2024/install/buff_interfaces/include/buff_interfaces/buff_interfaces/msg/detail/rune_info__struct.hpp
[4.080s] -- Installing: /home/kyle/RM/tracker_2024/install/buff_interfaces/include/buff_interfaces/buff_interfaces/msg/detail/rune_info__traits.hpp
[4.080s] -- Up-to-date: /home/kyle/RM/tracker_2024/install/buff_interfaces/include/buff_interfaces/buff_interfaces
[4.080s] -- Up-to-date: /home/kyle/RM/tracker_2024/install/buff_interfaces/include/buff_interfaces/buff_interfaces/msg
[4.080s] -- Installing: /home/kyle/RM/tracker_2024/install/buff_interfaces/include/buff_interfaces/buff_interfaces/msg/rosidl_typesupport_fastrtps_cpp__visibility_control.h
[4.080s] -- Up-to-date: /home/kyle/RM/tracker_2024/install/buff_interfaces/include/buff_interfaces/buff_interfaces/msg/detail
[4.080s] -- Installing: /home/kyle/RM/tracker_2024/install/buff_interfaces/include/buff_interfaces/buff_interfaces/msg/detail/blade_array__rosidl_typesupport_fastrtps_cpp.hpp
[4.080s] -- Installing: /home/kyle/RM/tracker_2024/install/buff_interfaces/include/buff_interfaces/buff_interfaces/msg/detail/time_info__rosidl_typesupport_fastrtps_cpp.hpp
[4.080s] -- Installing: /home/kyle/RM/tracker_2024/install/buff_interfaces/include/buff_interfaces/buff_interfaces/msg/detail/rune_info__rosidl_typesupport_fastrtps_cpp.hpp
[4.080s] -- Installing: /home/kyle/RM/tracker_2024/install/buff_interfaces/include/buff_interfaces/buff_interfaces/msg/detail/dds_fastrtps
[4.080s] -- Installing: /home/kyle/RM/tracker_2024/install/buff_interfaces/include/buff_interfaces/buff_interfaces/msg/detail/debug_blade__rosidl_typesupport_fastrtps_cpp.hpp
[4.080s] -- Installing: /home/kyle/RM/tracker_2024/install/buff_interfaces/include/buff_interfaces/buff_interfaces/msg/detail/blade__rosidl_typesupport_fastrtps_cpp.hpp
[4.080s] -- Installing: /home/kyle/RM/tracker_2024/install/buff_interfaces/include/buff_interfaces/buff_interfaces/msg/detail/rune__rosidl_typesupport_fastrtps_cpp.hpp
[4.080s] -- Installing: /home/kyle/RM/tracker_2024/install/buff_interfaces/include/buff_interfaces/buff_interfaces/msg/detail/debug_blade_array__rosidl_typesupport_fastrtps_cpp.hpp
[4.081s] -- Installing: /home/kyle/RM/tracker_2024/install/buff_interfaces/lib/libbuff_interfaces__rosidl_typesupport_fastrtps_cpp.so
[4.081s] -- Set runtime path of "/home/kyle/RM/tracker_2024/install/buff_interfaces/lib/libbuff_interfaces__rosidl_typesupport_fastrtps_cpp.so" to ""
[4.081s] -- Up-to-date: /home/kyle/RM/tracker_2024/install/buff_interfaces/include/buff_interfaces/buff_interfaces
[4.081s] -- Up-to-date: /home/kyle/RM/tracker_2024/install/buff_interfaces/include/buff_interfaces/buff_interfaces/msg
[4.081s] -- Up-to-date: /home/kyle/RM/tracker_2024/install/buff_interfaces/include/buff_interfaces/buff_interfaces/msg/detail
[4.081s] -- Installing: /home/kyle/RM/tracker_2024/install/buff_interfaces/include/buff_interfaces/buff_interfaces/msg/detail/debug_blade_array__rosidl_typesupport_introspection_cpp.hpp
[4.081s] -- Installing: /home/kyle/RM/tracker_2024/install/buff_interfaces/include/buff_interfaces/buff_interfaces/msg/detail/debug_blade__rosidl_typesupport_introspection_cpp.hpp
[4.081s] -- Installing: /home/kyle/RM/tracker_2024/install/buff_interfaces/include/buff_interfaces/buff_interfaces/msg/detail/time_info__type_support.cpp
[4.081s] -- Installing: /home/kyle/RM/tracker_2024/install/buff_interfaces/include/buff_interfaces/buff_interfaces/msg/detail/blade_array__rosidl_typesupport_introspection_cpp.hpp
[4.081s] -- Installing: /home/kyle/RM/tracker_2024/install/buff_interfaces/include/buff_interfaces/buff_interfaces/msg/detail/blade_array__type_support.cpp
[4.081s] -- Installing: /home/kyle/RM/tracker_2024/install/buff_interfaces/include/buff_interfaces/buff_interfaces/msg/detail/rune__rosidl_typesupport_introspection_cpp.hpp
[4.081s] -- Installing: /home/kyle/RM/tracker_2024/install/buff_interfaces/include/buff_interfaces/buff_interfaces/msg/detail/blade__rosidl_typesupport_introspection_cpp.hpp
[4.081s] -- Installing: /home/kyle/RM/tracker_2024/install/buff_interfaces/include/buff_interfaces/buff_interfaces/msg/detail/rune_info__type_support.cpp
[4.081s] -- Installing: /home/kyle/RM/tracker_2024/install/buff_interfaces/include/buff_interfaces/buff_interfaces/msg/detail/time_info__rosidl_typesupport_introspection_cpp.hpp
[4.081s] -- Installing: /home/kyle/RM/tracker_2024/install/buff_interfaces/include/buff_interfaces/buff_interfaces/msg/detail/debug_blade__type_support.cpp
[4.081s] -- Installing: /home/kyle/RM/tracker_2024/install/buff_interfaces/include/buff_interfaces/buff_interfaces/msg/detail/rune_info__rosidl_typesupport_introspection_cpp.hpp
[4.081s] -- Installing: /home/kyle/RM/tracker_2024/install/buff_interfaces/include/buff_interfaces/buff_interfaces/msg/detail/blade__type_support.cpp
[4.081s] -- Installing: /home/kyle/RM/tracker_2024/install/buff_interfaces/include/buff_interfaces/buff_interfaces/msg/detail/rune__type_support.cpp
[4.081s] -- Installing: /home/kyle/RM/tracker_2024/install/buff_interfaces/include/buff_interfaces/buff_interfaces/msg/detail/debug_blade_array__type_support.cpp
[4.081s] -- Installing: /home/kyle/RM/tracker_2024/install/buff_interfaces/lib/libbuff_interfaces__rosidl_typesupport_introspection_cpp.so
[4.082s] -- Set runtime path of "/home/kyle/RM/tracker_2024/install/buff_interfaces/lib/libbuff_interfaces__rosidl_typesupport_introspection_cpp.so" to ""
[4.082s] -- Installing: /home/kyle/RM/tracker_2024/install/buff_interfaces/lib/libbuff_interfaces__rosidl_typesupport_cpp.so
[4.082s] -- Set runtime path of "/home/kyle/RM/tracker_2024/install/buff_interfaces/lib/libbuff_interfaces__rosidl_typesupport_cpp.so" to ""
[4.082s] -- Installing: /home/kyle/RM/tracker_2024/install/buff_interfaces/share/buff_interfaces/environment/pythonpath.sh
[4.082s] -- Installing: /home/kyle/RM/tracker_2024/install/buff_interfaces/share/buff_interfaces/environment/pythonpath.dsv
[4.082s] -- Installing: /home/kyle/RM/tracker_2024/install/buff_interfaces/local/lib/python3.10/dist-packages/buff_interfaces-1.0.0-py3.10.egg-info
[4.082s] -- Installing: /home/kyle/RM/tracker_2024/install/buff_interfaces/local/lib/python3.10/dist-packages/buff_interfaces-1.0.0-py3.10.egg-info/dependency_links.txt
[4.082s] -- Installing: /home/kyle/RM/tracker_2024/install/buff_interfaces/local/lib/python3.10/dist-packages/buff_interfaces-1.0.0-py3.10.egg-info/PKG-INFO
[4.082s] -- Installing: /home/kyle/RM/tracker_2024/install/buff_interfaces/local/lib/python3.10/dist-packages/buff_interfaces-1.0.0-py3.10.egg-info/SOURCES.txt
[4.082s] -- Installing: /home/kyle/RM/tracker_2024/install/buff_interfaces/local/lib/python3.10/dist-packages/buff_interfaces-1.0.0-py3.10.egg-info/top_level.txt
[4.082s] -- Installing: /home/kyle/RM/tracker_2024/install/buff_interfaces/local/lib/python3.10/dist-packages/buff_interfaces
[4.082s] -- Installing: /home/kyle/RM/tracker_2024/install/buff_interfaces/local/lib/python3.10/dist-packages/buff_interfaces/libbuff_interfaces__rosidl_generator_py.so
[4.082s] -- Installing: /home/kyle/RM/tracker_2024/install/buff_interfaces/local/lib/python3.10/dist-packages/buff_interfaces/_buff_interfaces_s.ep.rosidl_typesupport_c.c
[4.082s] -- Installing: /home/kyle/RM/tracker_2024/install/buff_interfaces/local/lib/python3.10/dist-packages/buff_interfaces/buff_interfaces_s__rosidl_typesupport_fastrtps_c.cpython-310-x86_64-linux-gnu.so
[4.082s] -- Installing: /home/kyle/RM/tracker_2024/install/buff_interfaces/local/lib/python3.10/dist-packages/buff_interfaces/__init__.py
[4.082s] -- Installing: /home/kyle/RM/tracker_2024/install/buff_interfaces/local/lib/python3.10/dist-packages/buff_interfaces/_buff_interfaces_s.ep.rosidl_typesupport_fastrtps_c.c
[4.082s] -- Installing: /home/kyle/RM/tracker_2024/install/buff_interfaces/local/lib/python3.10/dist-packages/buff_interfaces/msg
[4.082s] -- Installing: /home/kyle/RM/tracker_2024/install/buff_interfaces/local/lib/python3.10/dist-packages/buff_interfaces/msg/_blade_array.py
[4.082s] -- Installing: /home/kyle/RM/tracker_2024/install/buff_interfaces/local/lib/python3.10/dist-packages/buff_interfaces/msg/_debug_blade.py
[4.082s] -- Installing: /home/kyle/RM/tracker_2024/install/buff_interfaces/local/lib/python3.10/dist-packages/buff_interfaces/msg/_rune.py
[4.083s] -- Installing: /home/kyle/RM/tracker_2024/install/buff_interfaces/local/lib/python3.10/dist-packages/buff_interfaces/msg/_time_info.py
[4.083s] -- Installing: /home/kyle/RM/tracker_2024/install/buff_interfaces/local/lib/python3.10/dist-packages/buff_interfaces/msg/_rune_info_s.c
[4.083s] -- Installing: /home/kyle/RM/tracker_2024/install/buff_interfaces/local/lib/python3.10/dist-packages/buff_interfaces/msg/_time_info_s.c
[4.083s] -- Installing: /home/kyle/RM/tracker_2024/install/buff_interfaces/local/lib/python3.10/dist-packages/buff_interfaces/msg/_blade_array_s.c
[4.083s] -- Installing: /home/kyle/RM/tracker_2024/install/buff_interfaces/local/lib/python3.10/dist-packages/buff_interfaces/msg/_debug_blade_s.c
[4.083s] -- Installing: /home/kyle/RM/tracker_2024/install/buff_interfaces/local/lib/python3.10/dist-packages/buff_interfaces/msg/__init__.py
[4.083s] -- Installing: /home/kyle/RM/tracker_2024/install/buff_interfaces/local/lib/python3.10/dist-packages/buff_interfaces/msg/_blade_s.c
[4.083s] -- Installing: /home/kyle/RM/tracker_2024/install/buff_interfaces/local/lib/python3.10/dist-packages/buff_interfaces/msg/_rune_s.c
[4.083s] -- Installing: /home/kyle/RM/tracker_2024/install/buff_interfaces/local/lib/python3.10/dist-packages/buff_interfaces/msg/_rune_info.py
[4.083s] -- Installing: /home/kyle/RM/tracker_2024/install/buff_interfaces/local/lib/python3.10/dist-packages/buff_interfaces/msg/_debug_blade_array.py
[4.083s] -- Installing: /home/kyle/RM/tracker_2024/install/buff_interfaces/local/lib/python3.10/dist-packages/buff_interfaces/msg/_debug_blade_array_s.c
[4.083s] -- Installing: /home/kyle/RM/tracker_2024/install/buff_interfaces/local/lib/python3.10/dist-packages/buff_interfaces/msg/_blade.py
[4.083s] -- Installing: /home/kyle/RM/tracker_2024/install/buff_interfaces/local/lib/python3.10/dist-packages/buff_interfaces/_buff_interfaces_s.ep.rosidl_typesupport_introspection_c.c
[4.083s] -- Installing: /home/kyle/RM/tracker_2024/install/buff_interfaces/local/lib/python3.10/dist-packages/buff_interfaces/buff_interfaces_s__rosidl_typesupport_c.cpython-310-x86_64-linux-gnu.so
[4.083s] -- Installing: /home/kyle/RM/tracker_2024/install/buff_interfaces/local/lib/python3.10/dist-packages/buff_interfaces/buff_interfaces_s__rosidl_typesupport_introspection_c.cpython-310-x86_64-linux-gnu.so
[4.104s] Listing '/home/kyle/RM/tracker_2024/install/buff_interfaces/local/lib/python3.10/dist-packages/buff_interfaces'...
[4.104s] Compiling '/home/kyle/RM/tracker_2024/install/buff_interfaces/local/lib/python3.10/dist-packages/buff_interfaces/__init__.py'...
[4.104s] Listing '/home/kyle/RM/tracker_2024/install/buff_interfaces/local/lib/python3.10/dist-packages/buff_interfaces/msg'...
[4.104s] Compiling '/home/kyle/RM/tracker_2024/install/buff_interfaces/local/lib/python3.10/dist-packages/buff_interfaces/msg/__init__.py'...
[4.104s] Compiling '/home/kyle/RM/tracker_2024/install/buff_interfaces/local/lib/python3.10/dist-packages/buff_interfaces/msg/_blade.py'...
[4.104s] Compiling '/home/kyle/RM/tracker_2024/install/buff_interfaces/local/lib/python3.10/dist-packages/buff_interfaces/msg/_blade_array.py'...
[4.104s] Compiling '/home/kyle/RM/tracker_2024/install/buff_interfaces/local/lib/python3.10/dist-packages/buff_interfaces/msg/_debug_blade.py'...
[4.104s] Compiling '/home/kyle/RM/tracker_2024/install/buff_interfaces/local/lib/python3.10/dist-packages/buff_interfaces/msg/_debug_blade_array.py'...
[4.104s] Compiling '/home/kyle/RM/tracker_2024/install/buff_interfaces/local/lib/python3.10/dist-packages/buff_interfaces/msg/_rune.py'...
[4.104s] Compiling '/home/kyle/RM/tracker_2024/install/buff_interfaces/local/lib/python3.10/dist-packages/buff_interfaces/msg/_rune_info.py'...
[4.105s] Compiling '/home/kyle/RM/tracker_2024/install/buff_interfaces/local/lib/python3.10/dist-packages/buff_interfaces/msg/_time_info.py'...
[4.107s] -- Installing: /home/kyle/RM/tracker_2024/install/buff_interfaces/local/lib/python3.10/dist-packages/buff_interfaces/buff_interfaces_s__rosidl_typesupport_fastrtps_c.cpython-310-x86_64-linux-gnu.so
[4.107s] -- Set runtime path of "/home/kyle/RM/tracker_2024/install/buff_interfaces/local/lib/python3.10/dist-packages/buff_interfaces/buff_interfaces_s__rosidl_typesupport_fastrtps_c.cpython-310-x86_64-linux-gnu.so" to ""
[4.107s] -- Installing: /home/kyle/RM/tracker_2024/install/buff_interfaces/local/lib/python3.10/dist-packages/buff_interfaces/buff_interfaces_s__rosidl_typesupport_introspection_c.cpython-310-x86_64-linux-gnu.so
[4.107s] -- Set runtime path of "/home/kyle/RM/tracker_2024/install/buff_interfaces/local/lib/python3.10/dist-packages/buff_interfaces/buff_interfaces_s__rosidl_typesupport_introspection_c.cpython-310-x86_64-linux-gnu.so" to ""
[4.107s] -- Installing: /home/kyle/RM/tracker_2024/install/buff_interfaces/local/lib/python3.10/dist-packages/buff_interfaces/buff_interfaces_s__rosidl_typesupport_c.cpython-310-x86_64-linux-gnu.so
[4.107s] -- Set runtime path of "/home/kyle/RM/tracker_2024/install/buff_interfaces/local/lib/python3.10/dist-packages/buff_interfaces/buff_interfaces_s__rosidl_typesupport_c.cpython-310-x86_64-linux-gnu.so" to ""
[4.107s] -- Installing: /home/kyle/RM/tracker_2024/install/buff_interfaces/lib/libbuff_interfaces__rosidl_generator_py.so
[4.107s] -- Set runtime path of "/home/kyle/RM/tracker_2024/install/buff_interfaces/lib/libbuff_interfaces__rosidl_generator_py.so" to ""
[4.107s] -- Installing: /home/kyle/RM/tracker_2024/install/buff_interfaces/share/buff_interfaces/msg/Blade.idl
[4.107s] -- Installing: /home/kyle/RM/tracker_2024/install/buff_interfaces/share/buff_interfaces/msg/BladeArray.idl
[4.108s] -- Installing: /home/kyle/RM/tracker_2024/install/buff_interfaces/share/buff_interfaces/msg/DebugBlade.idl
[4.108s] -- Installing: /home/kyle/RM/tracker_2024/install/buff_interfaces/share/buff_interfaces/msg/DebugBladeArray.idl
[4.108s] -- Installing: /home/kyle/RM/tracker_2024/install/buff_interfaces/share/buff_interfaces/msg/Rune.idl
[4.108s] -- Installing: /home/kyle/RM/tracker_2024/install/buff_interfaces/share/buff_interfaces/msg/RuneInfo.idl
[4.108s] -- Installing: /home/kyle/RM/tracker_2024/install/buff_interfaces/share/buff_interfaces/msg/TimeInfo.idl
[4.108s] -- Installing: /home/kyle/RM/tracker_2024/install/buff_interfaces/share/buff_interfaces/msg/Blade.msg
[4.108s] -- Installing: /home/kyle/RM/tracker_2024/install/buff_interfaces/share/buff_interfaces/msg/BladeArray.msg
[4.108s] -- Installing: /home/kyle/RM/tracker_2024/install/buff_interfaces/share/buff_interfaces/msg/DebugBlade.msg
[4.108s] -- Installing: /home/kyle/RM/tracker_2024/install/buff_interfaces/share/buff_interfaces/msg/DebugBladeArray.msg
[4.108s] -- Installing: /home/kyle/RM/tracker_2024/install/buff_interfaces/share/buff_interfaces/msg/Rune.msg
[4.108s] -- Installing: /home/kyle/RM/tracker_2024/install/buff_interfaces/share/buff_interfaces/msg/RuneInfo.msg
[4.108s] -- Installing: /home/kyle/RM/tracker_2024/install/buff_interfaces/share/buff_interfaces/msg/TimeInfo.msg
[4.108s] -- Installing: /home/kyle/RM/tracker_2024/install/buff_interfaces/share/ament_index/resource_index/package_run_dependencies/buff_interfaces
[4.108s] -- Installing: /home/kyle/RM/tracker_2024/install/buff_interfaces/share/ament_index/resource_index/parent_prefix_path/buff_interfaces
[4.108s] -- Installing: /home/kyle/RM/tracker_2024/install/buff_interfaces/share/buff_interfaces/environment/ament_prefix_path.sh
[4.108s] -- Installing: /home/kyle/RM/tracker_2024/install/buff_interfaces/share/buff_interfaces/environment/ament_prefix_path.dsv
[4.108s] -- Installing: /home/kyle/RM/tracker_2024/install/buff_interfaces/share/buff_interfaces/environment/path.sh
[4.108s] -- Installing: /home/kyle/RM/tracker_2024/install/buff_interfaces/share/buff_interfaces/environment/path.dsv
[4.108s] -- Installing: /home/kyle/RM/tracker_2024/install/buff_interfaces/share/buff_interfaces/local_setup.bash
[4.108s] -- Installing: /home/kyle/RM/tracker_2024/install/buff_interfaces/share/buff_interfaces/local_setup.sh
[4.108s] -- Installing: /home/kyle/RM/tracker_2024/install/buff_interfaces/share/buff_interfaces/local_setup.zsh
[4.108s] -- Installing: /home/kyle/RM/tracker_2024/install/buff_interfaces/share/buff_interfaces/local_setup.dsv
[4.108s] -- Installing: /home/kyle/RM/tracker_2024/install/buff_interfaces/share/buff_interfaces/package.dsv
[4.108s] -- Installing: /home/kyle/RM/tracker_2024/install/buff_interfaces/share/ament_index/resource_index/packages/buff_interfaces
[4.108s] -- Installing: /home/kyle/RM/tracker_2024/install/buff_interfaces/share/buff_interfaces/cmake/export_buff_interfaces__rosidl_generator_cExport.cmake
[4.108s] -- Installing: /home/kyle/RM/tracker_2024/install/buff_interfaces/share/buff_interfaces/cmake/export_buff_interfaces__rosidl_generator_cExport-noconfig.cmake
[4.108s] -- Installing: /home/kyle/RM/tracker_2024/install/buff_interfaces/share/buff_interfaces/cmake/export_buff_interfaces__rosidl_typesupport_fastrtps_cExport.cmake
[4.108s] -- Installing: /home/kyle/RM/tracker_2024/install/buff_interfaces/share/buff_interfaces/cmake/export_buff_interfaces__rosidl_typesupport_fastrtps_cExport-noconfig.cmake
[4.108s] -- Installing: /home/kyle/RM/tracker_2024/install/buff_interfaces/share/buff_interfaces/cmake/buff_interfaces__rosidl_typesupport_introspection_cExport.cmake
[4.109s] -- Installing: /home/kyle/RM/tracker_2024/install/buff_interfaces/share/buff_interfaces/cmake/buff_interfaces__rosidl_typesupport_introspection_cExport-noconfig.cmake
[4.109s] -- Installing: /home/kyle/RM/tracker_2024/install/buff_interfaces/share/buff_interfaces/cmake/buff_interfaces__rosidl_typesupport_cExport.cmake
[4.109s] -- Installing: /home/kyle/RM/tracker_2024/install/buff_interfaces/share/buff_interfaces/cmake/buff_interfaces__rosidl_typesupport_cExport-noconfig.cmake
[4.109s] -- Installing: /home/kyle/RM/tracker_2024/install/buff_interfaces/share/buff_interfaces/cmake/export_buff_interfaces__rosidl_generator_cppExport.cmake
[4.109s] -- Installing: /home/kyle/RM/tracker_2024/install/buff_interfaces/share/buff_interfaces/cmake/export_buff_interfaces__rosidl_typesupport_fastrtps_cppExport.cmake
[4.109s] -- Installing: /home/kyle/RM/tracker_2024/install/buff_interfaces/share/buff_interfaces/cmake/export_buff_interfaces__rosidl_typesupport_fastrtps_cppExport-noconfig.cmake
[4.109s] -- Installing: /home/kyle/RM/tracker_2024/install/buff_interfaces/share/buff_interfaces/cmake/buff_interfaces__rosidl_typesupport_introspection_cppExport.cmake
[4.109s] -- Installing: /home/kyle/RM/tracker_2024/install/buff_interfaces/share/buff_interfaces/cmake/buff_interfaces__rosidl_typesupport_introspection_cppExport-noconfig.cmake
[4.109s] -- Installing: /home/kyle/RM/tracker_2024/install/buff_interfaces/share/buff_interfaces/cmake/buff_interfaces__rosidl_typesupport_cppExport.cmake
[4.109s] -- Installing: /home/kyle/RM/tracker_2024/install/buff_interfaces/share/buff_interfaces/cmake/buff_interfaces__rosidl_typesupport_cppExport-noconfig.cmake
[4.109s] -- Installing: /home/kyle/RM/tracker_2024/install/buff_interfaces/share/buff_interfaces/cmake/export_buff_interfaces__rosidl_generator_pyExport.cmake
[4.109s] -- Installing: /home/kyle/RM/tracker_2024/install/buff_interfaces/share/buff_interfaces/cmake/export_buff_interfaces__rosidl_generator_pyExport-noconfig.cmake
[4.109s] -- Installing: /home/kyle/RM/tracker_2024/install/buff_interfaces/share/buff_interfaces/cmake/rosidl_cmake-extras.cmake
[4.109s] -- Installing: /home/kyle/RM/tracker_2024/install/buff_interfaces/share/buff_interfaces/cmake/ament_cmake_export_dependencies-extras.cmake
[4.109s] -- Installing: /home/kyle/RM/tracker_2024/install/buff_interfaces/share/buff_interfaces/cmake/ament_cmake_export_include_directories-extras.cmake
[4.109s] -- Installing: /home/kyle/RM/tracker_2024/install/buff_interfaces/share/buff_interfaces/cmake/ament_cmake_export_libraries-extras.cmake
[4.109s] -- Installing: /home/kyle/RM/tracker_2024/install/buff_interfaces/share/buff_interfaces/cmake/ament_cmake_export_targets-extras.cmake
[4.109s] -- Installing: /home/kyle/RM/tracker_2024/install/buff_interfaces/share/buff_interfaces/cmake/rosidl_cmake_export_typesupport_targets-extras.cmake
[4.109s] -- Installing: /home/kyle/RM/tracker_2024/install/buff_interfaces/share/buff_interfaces/cmake/rosidl_cmake_export_typesupport_libraries-extras.cmake
[4.109s] -- Installing: /home/kyle/RM/tracker_2024/install/buff_interfaces/share/buff_interfaces/cmake/buff_interfacesConfig.cmake
[4.109s] -- Installing: /home/kyle/RM/tracker_2024/install/buff_interfaces/share/buff_interfaces/cmake/buff_interfacesConfig-version.cmake
[4.109s] -- Installing: /home/kyle/RM/tracker_2024/install/buff_interfaces/share/buff_interfaces/package.xml
[4.111s] Invoked command in '/home/kyle/RM/tracker_2024/build/buff_interfaces' returned '0': CMAKE_PREFIX_PATH=/opt/ros/humble /usr/bin/cmake --install /home/kyle/RM/tracker_2024/build/buff_interfaces
