[0.007s] Invoking command in '/home/kyle/ros_ws/build/armor_detector': AMENT_PREFIX_PATH=/home/kyle/ros_ws/install/auto_aim_interfaces:${AMENT_PREFIX_PATH} CMAKE_PREFIX_PATH=/home/kyle/ros_ws/install/auto_aim_interfaces:/home/kyle/study/ROS/ws01_plumbing/install/cpp04_param:/home/kyle/study/ROS/ws01_plumbing/install/cpp03_action:/home/kyle/study/ROS/ws01_plumbing/install/cpp02_service:/home/kyle/study/ROS/ws01_plumbing/install/cpp01_topic:/home/kyle/study/ROS/ws01_plumbing/install/base_interfaces_demo:/home/kyle/study/ROS/ws01_plumbing/base_interfaces_demo/install/base_interfaces_demo:/home/kyle/study/ROS/ws00_helloworld/install/pkg01_helloworld_cpp:/home/kyle/study/ROS/ws00_helloworld/install/cpp01_topic:/opt/ros/humble LD_LIBRARY_PATH=/home/kyle/ros_ws/install/auto_aim_interfaces/lib:${LD_LIBRARY_PATH} PYTHONPATH=/home/kyle/ros_ws/install/auto_aim_interfaces/local/lib/python3.10/dist-packages:${PYTHONPATH} /usr/bin/cmake /home/kyle/ros_ws/rm_auto_aim/armor_detector -DAMENT_CMAKE_SYMLINK_INSTALL=1 -DCMAKE_INSTALL_PREFIX=/home/kyle/ros_ws/install/armor_detector
[0.042s] -- The C compiler identification is GNU 11.4.0
[0.078s] -- The CXX compiler identification is GNU 11.4.0
[0.082s] -- Detecting C compiler ABI info
[0.125s] -- Detecting C compiler ABI info - done
[0.129s] -- Check for working C compiler: /usr/bin/cc - skipped
[0.129s] -- Detecting C compile features
[0.129s] -- Detecting C compile features - done
[0.131s] -- Detecting CXX compiler ABI info
[0.185s] -- Detecting CXX compiler ABI info - done
[0.190s] -- Check for working CXX compiler: /usr/bin/c++ - skipped
[0.190s] -- Detecting CXX compile features
[0.190s] -- Detecting CXX compile features - done
[0.191s] -- Found ament_cmake_auto: 1.3.11 (/opt/ros/humble/share/ament_cmake_auto/cmake)
[0.280s] -- Found Python3: /usr/bin/python3 (found version "3.10.12") found components: Interpreter 
[0.314s] -- Override CMake install command with custom implementation using symlinks instead of copying resources
[0.347s] -- Found OpenCV: /home/kyle/environment (found version "4.5.4") 
[0.409s] -- Found rosidl_generator_c: 3.1.6 (/opt/ros/humble/share/rosidl_generator_c/cmake)
[0.412s] -- Found rosidl_adapter: 3.1.6 (/opt/ros/humble/share/rosidl_adapter/cmake)
[0.417s] -- Found rosidl_generator_cpp: 3.1.6 (/opt/ros/humble/share/rosidl_generator_cpp/cmake)
[0.424s] -- Using all available rosidl_typesupport_c: rosidl_typesupport_fastrtps_c;rosidl_typesupport_introspection_c
[0.433s] -- Using all available rosidl_typesupport_cpp: rosidl_typesupport_fastrtps_cpp;rosidl_typesupport_introspection_cpp
[0.458s] -- Found rmw_implementation_cmake: 6.1.2 (/opt/ros/humble/share/rmw_implementation_cmake/cmake)
[0.460s] -- Found rmw_fastrtps_cpp: 6.2.7 (/opt/ros/humble/share/rmw_fastrtps_cpp/cmake)
[0.518s] -- Found OpenSSL: /usr/lib/x86_64-linux-gnu/libcrypto.so (found version "3.0.2")  
[0.536s] -- Found FastRTPS: /opt/ros/humble/include  
[0.558s] -- Using RMW implementation 'rmw_fastrtps_cpp' as default
[0.562s] -- Looking for pthread.h
[0.614s] -- Looking for pthread.h - found
[0.614s] -- Performing Test CMAKE_HAVE_LIBC_PTHREAD
[0.667s] -- Performing Test CMAKE_HAVE_LIBC_PTHREAD - Success
[0.668s] -- Found Threads: TRUE  
[0.764s] -- Found eigen3_cmake_module: 0.1.1 (/opt/ros/humble/share/eigen3_cmake_module/cmake)
[0.764s] -- Found Eigen3: TRUE (found version "3.4.0") 
[0.764s] -- Ensuring Eigen3 include directory is part of orocos-kdl CMake target
[0.802s] -- Found ament_lint_auto: 0.12.11 (/opt/ros/humble/share/ament_lint_auto/cmake)
[0.813s] -- Found ament_cmake_gtest: 1.3.11 (/opt/ros/humble/share/ament_cmake_gtest/cmake)
[0.815s] -- Found gtest sources under '/opt/ros/humble/src/gtest_vendor': C++ tests using 'Google Test' will be built
[0.822s] -- Added test 'cppcheck' to perform static code analysis on C / C++ code
[0.822s] -- Configured cppcheck include dirs: /home/kyle/ros_ws/rm_auto_aim/armor_detector/include
[0.822s] -- Configured cppcheck exclude dirs and/or files: 
[0.823s] -- Added test 'lint_cmake' to check CMake code style
[0.823s] -- Added test 'xmllint' to check XML markup files
[0.824s] -- Added test 'clang_format' to check C / C++ code style
[0.825s] -- Configuring done
[0.840s] -- Generating done
[0.845s] -- Build files have been written to: /home/kyle/ros_ws/build/armor_detector
[0.852s] Invoked command in '/home/kyle/ros_ws/build/armor_detector' returned '0': AMENT_PREFIX_PATH=/home/kyle/ros_ws/install/auto_aim_interfaces:${AMENT_PREFIX_PATH} CMAKE_PREFIX_PATH=/home/kyle/ros_ws/install/auto_aim_interfaces:/home/kyle/study/ROS/ws01_plumbing/install/cpp04_param:/home/kyle/study/ROS/ws01_plumbing/install/cpp03_action:/home/kyle/study/ROS/ws01_plumbing/install/cpp02_service:/home/kyle/study/ROS/ws01_plumbing/install/cpp01_topic:/home/kyle/study/ROS/ws01_plumbing/install/base_interfaces_demo:/home/kyle/study/ROS/ws01_plumbing/base_interfaces_demo/install/base_interfaces_demo:/home/kyle/study/ROS/ws00_helloworld/install/pkg01_helloworld_cpp:/home/kyle/study/ROS/ws00_helloworld/install/cpp01_topic:/opt/ros/humble LD_LIBRARY_PATH=/home/kyle/ros_ws/install/auto_aim_interfaces/lib:${LD_LIBRARY_PATH} PYTHONPATH=/home/kyle/ros_ws/install/auto_aim_interfaces/local/lib/python3.10/dist-packages:${PYTHONPATH} /usr/bin/cmake /home/kyle/ros_ws/rm_auto_aim/armor_detector -DAMENT_CMAKE_SYMLINK_INSTALL=1 -DCMAKE_INSTALL_PREFIX=/home/kyle/ros_ws/install/armor_detector
[0.853s] Invoking command in '/home/kyle/ros_ws/build/armor_detector': AMENT_PREFIX_PATH=/home/kyle/ros_ws/install/auto_aim_interfaces:${AMENT_PREFIX_PATH} CMAKE_PREFIX_PATH=/home/kyle/ros_ws/install/auto_aim_interfaces:/home/kyle/study/ROS/ws01_plumbing/install/cpp04_param:/home/kyle/study/ROS/ws01_plumbing/install/cpp03_action:/home/kyle/study/ROS/ws01_plumbing/install/cpp02_service:/home/kyle/study/ROS/ws01_plumbing/install/cpp01_topic:/home/kyle/study/ROS/ws01_plumbing/install/base_interfaces_demo:/home/kyle/study/ROS/ws01_plumbing/base_interfaces_demo/install/base_interfaces_demo:/home/kyle/study/ROS/ws00_helloworld/install/pkg01_helloworld_cpp:/home/kyle/study/ROS/ws00_helloworld/install/cpp01_topic:/opt/ros/humble LD_LIBRARY_PATH=/home/kyle/ros_ws/install/auto_aim_interfaces/lib:${LD_LIBRARY_PATH} PYTHONPATH=/home/kyle/ros_ws/install/auto_aim_interfaces/local/lib/python3.10/dist-packages:${PYTHONPATH} /usr/bin/cmake --build /home/kyle/ros_ws/build/armor_detector -- -j32 -l32
[0.884s] [  6%] [32mBuilding CXX object CMakeFiles/armor_detector.dir/src/detector.cpp.o[0m
[0.885s] [ 13%] [32mBuilding CXX object CMakeFiles/armor_detector.dir/src/detector_node.cpp.o[0m
[0.885s] [ 20%] [32mBuilding CXX object CMakeFiles/armor_detector_node.dir/rclcpp_components/node_main_armor_detector_node.cpp.o[0m
[0.886s] [ 26%] [32mBuilding CXX object CMakeFiles/armor_detector.dir/src/number_classifier.cpp.o[0m
[0.887s] [ 33%] [32mBuilding CXX object CMakeFiles/armor_detector.dir/src/pnp_solver.cpp.o[0m
[0.887s] [ 40%] [32mBuilding CXX object gtest/CMakeFiles/gtest_main.dir/src/gtest_main.cc.o[0m
[0.890s] [ 46%] [32mBuilding CXX object gtest/CMakeFiles/gtest.dir/src/gtest-all.cc.o[0m
[1.516s] [ 53%] [32m[1mLinking CXX static library libgtest_main.a[0m
[1.587s] [ 53%] Built target gtest_main
[2.934s] [ 60%] [32m[1mLinking CXX static library libgtest.a[0m
[3.016s] [ 60%] Built target gtest
[3.359s] [ 66%] [32m[1mLinking CXX executable armor_detector_node[0m
[3.442s] [ 66%] Built target armor_detector_node
[10.717s] [ 73%] [32m[1mLinking CXX shared library libarmor_detector.so[0m
[11.206s] [ 73%] Built target armor_detector
[11.221s] [ 80%] [32mBuilding CXX object CMakeFiles/test_number_cls.dir/test/test_number_cls.cpp.o[0m
[11.223s] [ 86%] [32mBuilding CXX object CMakeFiles/test_node_startup.dir/test/test_node_startup.cpp.o[0m
[12.216s] [ 93%] [32m[1mLinking CXX executable test_number_cls[0m
[12.433s] /usr/bin/ld: warning: libopencv_core.so.4.5d, needed by /opt/ros/humble/lib/libcv_bridge.so, may conflict with libopencv_core.so.4.5
[12.631s] [ 93%] Built target test_number_cls
[13.555s] [100%] [32m[1mLinking CXX executable test_node_startup[0m
[13.925s] [100%] Built target test_node_startup
[13.937s] Invoked command in '/home/kyle/ros_ws/build/armor_detector' returned '0': AMENT_PREFIX_PATH=/home/kyle/ros_ws/install/auto_aim_interfaces:${AMENT_PREFIX_PATH} CMAKE_PREFIX_PATH=/home/kyle/ros_ws/install/auto_aim_interfaces:/home/kyle/study/ROS/ws01_plumbing/install/cpp04_param:/home/kyle/study/ROS/ws01_plumbing/install/cpp03_action:/home/kyle/study/ROS/ws01_plumbing/install/cpp02_service:/home/kyle/study/ROS/ws01_plumbing/install/cpp01_topic:/home/kyle/study/ROS/ws01_plumbing/install/base_interfaces_demo:/home/kyle/study/ROS/ws01_plumbing/base_interfaces_demo/install/base_interfaces_demo:/home/kyle/study/ROS/ws00_helloworld/install/pkg01_helloworld_cpp:/home/kyle/study/ROS/ws00_helloworld/install/cpp01_topic:/opt/ros/humble LD_LIBRARY_PATH=/home/kyle/ros_ws/install/auto_aim_interfaces/lib:${LD_LIBRARY_PATH} PYTHONPATH=/home/kyle/ros_ws/install/auto_aim_interfaces/local/lib/python3.10/dist-packages:${PYTHONPATH} /usr/bin/cmake --build /home/kyle/ros_ws/build/armor_detector -- -j32 -l32
[13.938s] Invoking command in '/home/kyle/ros_ws/build/armor_detector': AMENT_PREFIX_PATH=/home/kyle/ros_ws/install/auto_aim_interfaces:${AMENT_PREFIX_PATH} CMAKE_PREFIX_PATH=/home/kyle/ros_ws/install/auto_aim_interfaces:/home/kyle/study/ROS/ws01_plumbing/install/cpp04_param:/home/kyle/study/ROS/ws01_plumbing/install/cpp03_action:/home/kyle/study/ROS/ws01_plumbing/install/cpp02_service:/home/kyle/study/ROS/ws01_plumbing/install/cpp01_topic:/home/kyle/study/ROS/ws01_plumbing/install/base_interfaces_demo:/home/kyle/study/ROS/ws01_plumbing/base_interfaces_demo/install/base_interfaces_demo:/home/kyle/study/ROS/ws00_helloworld/install/pkg01_helloworld_cpp:/home/kyle/study/ROS/ws00_helloworld/install/cpp01_topic:/opt/ros/humble LD_LIBRARY_PATH=/home/kyle/ros_ws/install/auto_aim_interfaces/lib:${LD_LIBRARY_PATH} PYTHONPATH=/home/kyle/ros_ws/install/auto_aim_interfaces/local/lib/python3.10/dist-packages:${PYTHONPATH} /usr/bin/cmake --install /home/kyle/ros_ws/build/armor_detector
[13.945s] -- Install configuration: ""
[13.946s] -- Execute custom install script
[13.946s] -- Symlinking: /home/kyle/ros_ws/install/armor_detector/lib/armor_detector/armor_detector_node
[13.956s] -- Symlinking: /home/kyle/ros_ws/install/armor_detector/include/armor_detector/armor.hpp
[13.966s] -- Symlinking: /home/kyle/ros_ws/install/armor_detector/include/armor_detector/detector.hpp
[13.976s] -- Symlinking: /home/kyle/ros_ws/install/armor_detector/include/armor_detector/detector_node.hpp
[13.984s] -- Symlinking: /home/kyle/ros_ws/install/armor_detector/include/armor_detector/number_classifier.hpp
[13.992s] -- Symlinking: /home/kyle/ros_ws/install/armor_detector/include/armor_detector/pnp_solver.hpp
[14.000s] -- Symlinking: /home/kyle/ros_ws/install/armor_detector/share/armor_detector/environment/library_path.sh
[14.009s] -- Symlinking: /home/kyle/ros_ws/install/armor_detector/share/armor_detector/environment/library_path.dsv
[14.018s] -- Symlinking: /home/kyle/ros_ws/install/armor_detector/lib/libarmor_detector.so
[14.027s] -- Symlinking: /home/kyle/ros_ws/install/armor_detector/share/armor_detector/model/label.txt
[14.035s] -- Symlinking: /home/kyle/ros_ws/install/armor_detector/share/armor_detector/model/mlp.onnx
[14.044s] -- Symlinking: /home/kyle/ros_ws/install/armor_detector/share/ament_index/resource_index/package_run_dependencies/armor_detector
[14.054s] -- Symlinking: /home/kyle/ros_ws/install/armor_detector/share/ament_index/resource_index/parent_prefix_path/armor_detector
[14.063s] -- Symlinking: /home/kyle/ros_ws/install/armor_detector/share/armor_detector/environment/ament_prefix_path.sh
[14.071s] -- Symlinking: /home/kyle/ros_ws/install/armor_detector/share/armor_detector/environment/ament_prefix_path.dsv
[14.080s] -- Symlinking: /home/kyle/ros_ws/install/armor_detector/share/armor_detector/environment/path.sh
[14.088s] -- Symlinking: /home/kyle/ros_ws/install/armor_detector/share/armor_detector/environment/path.dsv
[14.096s] -- Symlinking: /home/kyle/ros_ws/install/armor_detector/share/armor_detector/local_setup.bash
[14.105s] -- Symlinking: /home/kyle/ros_ws/install/armor_detector/share/armor_detector/local_setup.sh
[14.113s] -- Symlinking: /home/kyle/ros_ws/install/armor_detector/share/armor_detector/local_setup.zsh
[14.121s] -- Symlinking: /home/kyle/ros_ws/install/armor_detector/share/armor_detector/local_setup.dsv
[14.129s] -- Symlinking: /home/kyle/ros_ws/install/armor_detector/share/armor_detector/package.dsv
[14.138s] -- Symlinking: /home/kyle/ros_ws/install/armor_detector/share/ament_index/resource_index/packages/armor_detector
[14.149s] -- Symlinking: /home/kyle/ros_ws/install/armor_detector/share/ament_index/resource_index/rclcpp_components/armor_detector
[14.159s] -- Symlinking: /home/kyle/ros_ws/install/armor_detector/share/armor_detector/cmake/ament_cmake_export_dependencies-extras.cmake
[14.169s] -- Symlinking: /home/kyle/ros_ws/install/armor_detector/share/armor_detector/cmake/ament_cmake_export_include_directories-extras.cmake
[14.177s] -- Symlinking: /home/kyle/ros_ws/install/armor_detector/share/armor_detector/cmake/ament_cmake_export_libraries-extras.cmake
[14.186s] -- Symlinking: /home/kyle/ros_ws/install/armor_detector/share/armor_detector/cmake/armor_detectorConfig.cmake
[14.195s] -- Symlinking: /home/kyle/ros_ws/install/armor_detector/share/armor_detector/cmake/armor_detectorConfig-version.cmake
[14.203s] -- Symlinking: /home/kyle/ros_ws/install/armor_detector/share/armor_detector/package.xml
[14.214s] Invoked command in '/home/kyle/ros_ws/build/armor_detector' returned '0': AMENT_PREFIX_PATH=/home/kyle/ros_ws/install/auto_aim_interfaces:${AMENT_PREFIX_PATH} CMAKE_PREFIX_PATH=/home/kyle/ros_ws/install/auto_aim_interfaces:/home/kyle/study/ROS/ws01_plumbing/install/cpp04_param:/home/kyle/study/ROS/ws01_plumbing/install/cpp03_action:/home/kyle/study/ROS/ws01_plumbing/install/cpp02_service:/home/kyle/study/ROS/ws01_plumbing/install/cpp01_topic:/home/kyle/study/ROS/ws01_plumbing/install/base_interfaces_demo:/home/kyle/study/ROS/ws01_plumbing/base_interfaces_demo/install/base_interfaces_demo:/home/kyle/study/ROS/ws00_helloworld/install/pkg01_helloworld_cpp:/home/kyle/study/ROS/ws00_helloworld/install/cpp01_topic:/opt/ros/humble LD_LIBRARY_PATH=/home/kyle/ros_ws/install/auto_aim_interfaces/lib:${LD_LIBRARY_PATH} PYTHONPATH=/home/kyle/ros_ws/install/auto_aim_interfaces/local/lib/python3.10/dist-packages:${PYTHONPATH} /usr/bin/cmake --install /home/kyle/ros_ws/build/armor_detector
