[0.549s] Invoking command in '/home/kyle/RM/tracker_2024/src/video_recognition': PYTHONPATH=/home/kyle/RM/tracker_2024/build/video_recognition/prefix_override:/usr/lib/python3/dist-packages/colcon_core/task/python/colcon_distutils_commands:/home/kyle/RM/tracker_2024/install/video_recognition/lib/python3.10/site-packages:${PYTHONPATH} /usr/bin/python3 -W ignore:setup.py install is deprecated -W ignore:easy_install command is deprecated setup.py egg_info --egg-base ../../build/video_recognition build --build-base /home/kyle/RM/tracker_2024/build/video_recognition/build install --record /home/kyle/RM/tracker_2024/build/video_recognition/install.log --single-version-externally-managed install_data
[0.739s] running egg_info
[0.740s] creating ../../build/video_recognition/video_recognition.egg-info
[0.747s] writing ../../build/video_recognition/video_recognition.egg-info/PKG-INFO
[0.747s] writing dependency_links to ../../build/video_recognition/video_recognition.egg-info/dependency_links.txt
[0.747s] writing requirements to ../../build/video_recognition/video_recognition.egg-info/requires.txt
[0.747s] writing top-level names to ../../build/video_recognition/video_recognition.egg-info/top_level.txt
[0.747s] writing manifest file '../../build/video_recognition/video_recognition.egg-info/SOURCES.txt'
[0.755s] reading manifest file '../../build/video_recognition/video_recognition.egg-info/SOURCES.txt'
[0.755s] writing manifest file '../../build/video_recognition/video_recognition.egg-info/SOURCES.txt'
[0.755s] running build
[0.755s] running install
[0.758s] running install_data
[0.758s] creating /home/kyle/RM/tracker_2024/install/video_recognition/share/ament_index
[0.758s] creating /home/kyle/RM/tracker_2024/install/video_recognition/share/ament_index/resource_index
[0.758s] creating /home/kyle/RM/tracker_2024/install/video_recognition/share/ament_index/resource_index/packages
[0.758s] copying resource/video_recognition -> /home/kyle/RM/tracker_2024/install/video_recognition/share/ament_index/resource_index/packages
[0.758s] copying package.xml -> /home/kyle/RM/tracker_2024/install/video_recognition/share/video_recognition
[0.758s] running install_egg_info
[0.775s] Copying ../../build/video_recognition/video_recognition.egg-info to /home/kyle/RM/tracker_2024/install/video_recognition/lib/python3.10/site-packages/video_recognition-0.0.0-py3.10.egg-info
[0.775s] running install_scripts
[0.810s] writing list of installed files to '/home/kyle/RM/tracker_2024/build/video_recognition/install.log'
[0.829s] Invoked command in '/home/kyle/RM/tracker_2024/src/video_recognition' returned '0': PYTHONPATH=/home/kyle/RM/tracker_2024/build/video_recognition/prefix_override:/usr/lib/python3/dist-packages/colcon_core/task/python/colcon_distutils_commands:/home/kyle/RM/tracker_2024/install/video_recognition/lib/python3.10/site-packages:${PYTHONPATH} /usr/bin/python3 -W ignore:setup.py install is deprecated -W ignore:easy_install command is deprecated setup.py egg_info --egg-base ../../build/video_recognition build --build-base /home/kyle/RM/tracker_2024/build/video_recognition/build install --record /home/kyle/RM/tracker_2024/build/video_recognition/install.log --single-version-externally-managed install_data
