[0.011s] Invoking command in '/home/kyle/RM/tracker_2024/build/rm_buff': AMENT_PREFIX_PATH=/home/kyle/RM/tracker_2024/install/buff_tracker:/home/kyle/RM/tracker_2024/install/buff_detector:/home/kyle/RM/tracker_2024/install/buff_interfaces:${AMENT_PREFIX_PATH} CMAKE_PREFIX_PATH=/home/kyle/RM/tracker_2024/install/buff_tracker:/home/kyle/RM/tracker_2024/install/buff_detector:/home/kyle/RM/tracker_2024/install/buff_interfaces:/opt/ros/humble LD_LIBRARY_PATH=/home/kyle/RM/tracker_2024/install/buff_tracker/lib:/home/kyle/RM/tracker_2024/install/buff_detector/lib:/home/kyle/RM/tracker_2024/install/buff_interfaces/lib:/usr/lib/x86_64-linux-gnu/gazebo-11/plugins:/opt/ros/humble/opt/rviz_ogre_vendor/lib:/opt/ros/humble/lib/x86_64-linux-gnu:/opt/ros/humble/opt/openvdb_vendor/lib:/opt/ros/humble/lib:/usr/share/gazebo/../../lib/x86_64-linux-gnu/gazebo-11/plugins PYTHONPATH=/home/kyle/RM/tracker_2024/install/buff_interfaces/local/lib/python3.10/dist-packages:${PYTHONPATH} /usr/bin/cmake /home/kyle/RM/tracker_2024/src/rm_buff-main/rm_buff -DCMAKE_INSTALL_PREFIX=/home/kyle/RM/tracker_2024/install/rm_buff
[0.061s] -- The C compiler identification is GNU 11.4.0
[0.104s] -- The CXX compiler identification is GNU 11.4.0
[0.110s] -- Detecting C compiler ABI info
[0.174s] -- Detecting C compiler ABI info - done
[0.179s] -- Check for working C compiler: /usr/bin/cc - skipped
[0.179s] -- Detecting C compile features
[0.179s] -- Detecting C compile features - done
[0.181s] -- Detecting CXX compiler ABI info
[0.249s] -- Detecting CXX compiler ABI info - done
[0.254s] -- Check for working CXX compiler: /usr/bin/c++ - skipped
[0.254s] -- Detecting CXX compile features
[0.254s] -- Detecting CXX compile features - done
[0.256s] -- Found ament_cmake_auto: 1.3.11 (/opt/ros/humble/share/ament_cmake_auto/cmake)
[0.715s] -- Found Python3: /usr/bin/python3 (found version "3.10.12") found components: Interpreter 
[0.785s] -- Found ament_lint_auto: 0.12.11 (/opt/ros/humble/share/ament_lint_auto/cmake)
[0.850s] -- Added test 'lint_cmake' to check CMake code style
[0.850s] -- Added test 'xmllint' to check XML markup files
[0.851s] -- Configuring done
[0.853s] -- Generating done
[0.854s] -- Build files have been written to: /home/kyle/RM/tracker_2024/build/rm_buff
[0.858s] Invoked command in '/home/kyle/RM/tracker_2024/build/rm_buff' returned '0': AMENT_PREFIX_PATH=/home/kyle/RM/tracker_2024/install/buff_tracker:/home/kyle/RM/tracker_2024/install/buff_detector:/home/kyle/RM/tracker_2024/install/buff_interfaces:${AMENT_PREFIX_PATH} CMAKE_PREFIX_PATH=/home/kyle/RM/tracker_2024/install/buff_tracker:/home/kyle/RM/tracker_2024/install/buff_detector:/home/kyle/RM/tracker_2024/install/buff_interfaces:/opt/ros/humble LD_LIBRARY_PATH=/home/kyle/RM/tracker_2024/install/buff_tracker/lib:/home/kyle/RM/tracker_2024/install/buff_detector/lib:/home/kyle/RM/tracker_2024/install/buff_interfaces/lib:/usr/lib/x86_64-linux-gnu/gazebo-11/plugins:/opt/ros/humble/opt/rviz_ogre_vendor/lib:/opt/ros/humble/lib/x86_64-linux-gnu:/opt/ros/humble/opt/openvdb_vendor/lib:/opt/ros/humble/lib:/usr/share/gazebo/../../lib/x86_64-linux-gnu/gazebo-11/plugins PYTHONPATH=/home/kyle/RM/tracker_2024/install/buff_interfaces/local/lib/python3.10/dist-packages:${PYTHONPATH} /usr/bin/cmake /home/kyle/RM/tracker_2024/src/rm_buff-main/rm_buff -DCMAKE_INSTALL_PREFIX=/home/kyle/RM/tracker_2024/install/rm_buff
[0.859s] Invoking command in '/home/kyle/RM/tracker_2024/build/rm_buff': AMENT_PREFIX_PATH=/home/kyle/RM/tracker_2024/install/buff_tracker:/home/kyle/RM/tracker_2024/install/buff_detector:/home/kyle/RM/tracker_2024/install/buff_interfaces:${AMENT_PREFIX_PATH} CMAKE_PREFIX_PATH=/home/kyle/RM/tracker_2024/install/buff_tracker:/home/kyle/RM/tracker_2024/install/buff_detector:/home/kyle/RM/tracker_2024/install/buff_interfaces:/opt/ros/humble LD_LIBRARY_PATH=/home/kyle/RM/tracker_2024/install/buff_tracker/lib:/home/kyle/RM/tracker_2024/install/buff_detector/lib:/home/kyle/RM/tracker_2024/install/buff_interfaces/lib:/usr/lib/x86_64-linux-gnu/gazebo-11/plugins:/opt/ros/humble/opt/rviz_ogre_vendor/lib:/opt/ros/humble/lib/x86_64-linux-gnu:/opt/ros/humble/opt/openvdb_vendor/lib:/opt/ros/humble/lib:/usr/share/gazebo/../../lib/x86_64-linux-gnu/gazebo-11/plugins PYTHONPATH=/home/kyle/RM/tracker_2024/install/buff_interfaces/local/lib/python3.10/dist-packages:${PYTHONPATH} /usr/bin/cmake --build /home/kyle/RM/tracker_2024/build/rm_buff -- -j32 -l32
[0.901s] Invoked command in '/home/kyle/RM/tracker_2024/build/rm_buff' returned '0': AMENT_PREFIX_PATH=/home/kyle/RM/tracker_2024/install/buff_tracker:/home/kyle/RM/tracker_2024/install/buff_detector:/home/kyle/RM/tracker_2024/install/buff_interfaces:${AMENT_PREFIX_PATH} CMAKE_PREFIX_PATH=/home/kyle/RM/tracker_2024/install/buff_tracker:/home/kyle/RM/tracker_2024/install/buff_detector:/home/kyle/RM/tracker_2024/install/buff_interfaces:/opt/ros/humble LD_LIBRARY_PATH=/home/kyle/RM/tracker_2024/install/buff_tracker/lib:/home/kyle/RM/tracker_2024/install/buff_detector/lib:/home/kyle/RM/tracker_2024/install/buff_interfaces/lib:/usr/lib/x86_64-linux-gnu/gazebo-11/plugins:/opt/ros/humble/opt/rviz_ogre_vendor/lib:/opt/ros/humble/lib/x86_64-linux-gnu:/opt/ros/humble/opt/openvdb_vendor/lib:/opt/ros/humble/lib:/usr/share/gazebo/../../lib/x86_64-linux-gnu/gazebo-11/plugins PYTHONPATH=/home/kyle/RM/tracker_2024/install/buff_interfaces/local/lib/python3.10/dist-packages:${PYTHONPATH} /usr/bin/cmake --build /home/kyle/RM/tracker_2024/build/rm_buff -- -j32 -l32
[0.903s] Invoking command in '/home/kyle/RM/tracker_2024/build/rm_buff': AMENT_PREFIX_PATH=/home/kyle/RM/tracker_2024/install/buff_tracker:/home/kyle/RM/tracker_2024/install/buff_detector:/home/kyle/RM/tracker_2024/install/buff_interfaces:${AMENT_PREFIX_PATH} CMAKE_PREFIX_PATH=/home/kyle/RM/tracker_2024/install/buff_tracker:/home/kyle/RM/tracker_2024/install/buff_detector:/home/kyle/RM/tracker_2024/install/buff_interfaces:/opt/ros/humble LD_LIBRARY_PATH=/home/kyle/RM/tracker_2024/install/buff_tracker/lib:/home/kyle/RM/tracker_2024/install/buff_detector/lib:/home/kyle/RM/tracker_2024/install/buff_interfaces/lib:/usr/lib/x86_64-linux-gnu/gazebo-11/plugins:/opt/ros/humble/opt/rviz_ogre_vendor/lib:/opt/ros/humble/lib/x86_64-linux-gnu:/opt/ros/humble/opt/openvdb_vendor/lib:/opt/ros/humble/lib:/usr/share/gazebo/../../lib/x86_64-linux-gnu/gazebo-11/plugins PYTHONPATH=/home/kyle/RM/tracker_2024/install/buff_interfaces/local/lib/python3.10/dist-packages:${PYTHONPATH} /usr/bin/cmake --install /home/kyle/RM/tracker_2024/build/rm_buff
[0.911s] -- Install configuration: ""
[0.911s] -- Installing: /home/kyle/RM/tracker_2024/install/rm_buff/share/ament_index/resource_index/package_run_dependencies/rm_buff
[0.911s] -- Installing: /home/kyle/RM/tracker_2024/install/rm_buff/share/ament_index/resource_index/parent_prefix_path/rm_buff
[0.911s] -- Installing: /home/kyle/RM/tracker_2024/install/rm_buff/share/rm_buff/environment/ament_prefix_path.sh
[0.911s] -- Installing: /home/kyle/RM/tracker_2024/install/rm_buff/share/rm_buff/environment/ament_prefix_path.dsv
[0.912s] -- Installing: /home/kyle/RM/tracker_2024/install/rm_buff/share/rm_buff/environment/path.sh
[0.912s] -- Installing: /home/kyle/RM/tracker_2024/install/rm_buff/share/rm_buff/environment/path.dsv
[0.912s] -- Installing: /home/kyle/RM/tracker_2024/install/rm_buff/share/rm_buff/local_setup.bash
[0.912s] -- Installing: /home/kyle/RM/tracker_2024/install/rm_buff/share/rm_buff/local_setup.sh
[0.912s] -- Installing: /home/kyle/RM/tracker_2024/install/rm_buff/share/rm_buff/local_setup.zsh
[0.912s] -- Installing: /home/kyle/RM/tracker_2024/install/rm_buff/share/rm_buff/local_setup.dsv
[0.912s] -- Installing: /home/kyle/RM/tracker_2024/install/rm_buff/share/rm_buff/package.dsv
[0.912s] -- Installing: /home/kyle/RM/tracker_2024/install/rm_buff/share/ament_index/resource_index/packages/rm_buff
[0.912s] -- Installing: /home/kyle/RM/tracker_2024/install/rm_buff/share/rm_buff/cmake/rm_buffConfig.cmake
[0.912s] -- Installing: /home/kyle/RM/tracker_2024/install/rm_buff/share/rm_buff/cmake/rm_buffConfig-version.cmake
[0.912s] -- Installing: /home/kyle/RM/tracker_2024/install/rm_buff/share/rm_buff/package.xml
[0.914s] Invoked command in '/home/kyle/RM/tracker_2024/build/rm_buff' returned '0': AMENT_PREFIX_PATH=/home/kyle/RM/tracker_2024/install/buff_tracker:/home/kyle/RM/tracker_2024/install/buff_detector:/home/kyle/RM/tracker_2024/install/buff_interfaces:${AMENT_PREFIX_PATH} CMAKE_PREFIX_PATH=/home/kyle/RM/tracker_2024/install/buff_tracker:/home/kyle/RM/tracker_2024/install/buff_detector:/home/kyle/RM/tracker_2024/install/buff_interfaces:/opt/ros/humble LD_LIBRARY_PATH=/home/kyle/RM/tracker_2024/install/buff_tracker/lib:/home/kyle/RM/tracker_2024/install/buff_detector/lib:/home/kyle/RM/tracker_2024/install/buff_interfaces/lib:/usr/lib/x86_64-linux-gnu/gazebo-11/plugins:/opt/ros/humble/opt/rviz_ogre_vendor/lib:/opt/ros/humble/lib/x86_64-linux-gnu:/opt/ros/humble/opt/openvdb_vendor/lib:/opt/ros/humble/lib:/usr/share/gazebo/../../lib/x86_64-linux-gnu/gazebo-11/plugins PYTHONPATH=/home/kyle/RM/tracker_2024/install/buff_interfaces/local/lib/python3.10/dist-packages:${PYTHONPATH} /usr/bin/cmake --install /home/kyle/RM/tracker_2024/build/rm_buff
