[0.007s] Invoking command in '/home/kyle/RM/tracker_2024/build/buff_tracker': AMENT_PREFIX_PATH=/home/kyle/RM/tracker_2024/install/buff_interfaces:${AMENT_PREFIX_PATH} CMAKE_PREFIX_PATH=/home/kyle/RM/tracker_2024/install/buff_interfaces:/opt/ros/humble LD_LIBRARY_PATH=/home/kyle/RM/tracker_2024/install/buff_interfaces/lib:/usr/lib/x86_64-linux-gnu/gazebo-11/plugins:/opt/ros/humble/opt/rviz_ogre_vendor/lib:/opt/ros/humble/lib/x86_64-linux-gnu:/opt/ros/humble/opt/openvdb_vendor/lib:/opt/ros/humble/lib:/usr/share/gazebo/../../lib/x86_64-linux-gnu/gazebo-11/plugins PYTHONPATH=/home/kyle/RM/tracker_2024/install/buff_interfaces/local/lib/python3.10/dist-packages:${PYTHONPATH} /usr/bin/cmake /home/kyle/RM/tracker_2024/src/rm_buff-main/buff_tracker -DCMAKE_INSTALL_PREFIX=/home/kyle/RM/tracker_2024/install/buff_tracker
[0.047s] -- The C compiler identification is GNU 11.4.0
[0.089s] -- The CXX compiler identification is GNU 11.4.0
[0.094s] -- Detecting C compiler ABI info
[0.139s] -- Detecting C compiler ABI info - done
[0.146s] -- Check for working C compiler: /usr/bin/cc - skipped
[0.146s] -- Detecting C compile features
[0.146s] -- Detecting C compile features - done
[0.149s] -- Detecting CXX compiler ABI info
[0.204s] -- Detecting CXX compiler ABI info - done
[0.211s] -- Check for working CXX compiler: /usr/bin/c++ - skipped
[0.211s] -- Detecting CXX compile features
[0.212s] -- Detecting CXX compile features - done
[0.213s] -- Found ament_cmake_auto: 1.3.11 (/opt/ros/humble/share/ament_cmake_auto/cmake)
[0.576s] -- Found Python3: /usr/bin/python3 (found version "3.10.12") found components: Interpreter 
[0.644s] -- Found OpenCV: /home/kyle/environment (found version "4.5.4") 
[0.717s] -- Found rosidl_generator_c: 3.1.6 (/opt/ros/humble/share/rosidl_generator_c/cmake)
[0.720s] -- Found rosidl_adapter: 3.1.6 (/opt/ros/humble/share/rosidl_adapter/cmake)
[0.725s] -- Found rosidl_generator_cpp: 3.1.6 (/opt/ros/humble/share/rosidl_generator_cpp/cmake)
[0.731s] -- Using all available rosidl_typesupport_c: rosidl_typesupport_fastrtps_c;rosidl_typesupport_introspection_c
[0.740s] -- Using all available rosidl_typesupport_cpp: rosidl_typesupport_fastrtps_cpp;rosidl_typesupport_introspection_cpp
[0.762s] -- Found rmw_implementation_cmake: 6.1.2 (/opt/ros/humble/share/rmw_implementation_cmake/cmake)
[0.763s] -- Found rmw_fastrtps_cpp: 6.2.7 (/opt/ros/humble/share/rmw_fastrtps_cpp/cmake)
[0.822s] -- Found OpenSSL: /usr/lib/x86_64-linux-gnu/libcrypto.so (found version "3.0.2")  
[0.842s] -- Found FastRTPS: /opt/ros/humble/include  
[0.871s] -- Using RMW implementation 'rmw_fastrtps_cpp' as default
[0.879s] -- Looking for pthread.h
[0.940s] -- Looking for pthread.h - found
[0.941s] -- Performing Test CMAKE_HAVE_LIBC_PTHREAD
[0.996s] -- Performing Test CMAKE_HAVE_LIBC_PTHREAD - Success
[0.997s] -- Found Threads: TRUE  
[1.112s] -- Found eigen3_cmake_module: 0.1.1 (/opt/ros/humble/share/eigen3_cmake_module/cmake)
[1.112s] -- Found Eigen3: TRUE (found version "3.4.0") 
[1.113s] -- Ensuring Eigen3 include directory is part of orocos-kdl CMake target
[1.183s] -- Found ament_lint_auto: 0.12.11 (/opt/ros/humble/share/ament_lint_auto/cmake)
[1.200s] -- Added test 'cppcheck' to perform static code analysis on C / C++ code
[1.201s] -- Configured cppcheck include dirs: /home/kyle/RM/tracker_2024/src/rm_buff-main/buff_tracker/include
[1.201s] -- Configured cppcheck exclude dirs and/or files: 
[1.201s] -- Added test 'lint_cmake' to check CMake code style
[1.202s] -- Added test 'xmllint' to check XML markup files
[1.204s] -- Configuring done
[1.218s] -- Generating done
[1.223s] -- Build files have been written to: /home/kyle/RM/tracker_2024/build/buff_tracker
[1.233s] Invoked command in '/home/kyle/RM/tracker_2024/build/buff_tracker' returned '0': AMENT_PREFIX_PATH=/home/kyle/RM/tracker_2024/install/buff_interfaces:${AMENT_PREFIX_PATH} CMAKE_PREFIX_PATH=/home/kyle/RM/tracker_2024/install/buff_interfaces:/opt/ros/humble LD_LIBRARY_PATH=/home/kyle/RM/tracker_2024/install/buff_interfaces/lib:/usr/lib/x86_64-linux-gnu/gazebo-11/plugins:/opt/ros/humble/opt/rviz_ogre_vendor/lib:/opt/ros/humble/lib/x86_64-linux-gnu:/opt/ros/humble/opt/openvdb_vendor/lib:/opt/ros/humble/lib:/usr/share/gazebo/../../lib/x86_64-linux-gnu/gazebo-11/plugins PYTHONPATH=/home/kyle/RM/tracker_2024/install/buff_interfaces/local/lib/python3.10/dist-packages:${PYTHONPATH} /usr/bin/cmake /home/kyle/RM/tracker_2024/src/rm_buff-main/buff_tracker -DCMAKE_INSTALL_PREFIX=/home/kyle/RM/tracker_2024/install/buff_tracker
[1.235s] Invoking command in '/home/kyle/RM/tracker_2024/build/buff_tracker': AMENT_PREFIX_PATH=/home/kyle/RM/tracker_2024/install/buff_interfaces:${AMENT_PREFIX_PATH} CMAKE_PREFIX_PATH=/home/kyle/RM/tracker_2024/install/buff_interfaces:/opt/ros/humble LD_LIBRARY_PATH=/home/kyle/RM/tracker_2024/install/buff_interfaces/lib:/usr/lib/x86_64-linux-gnu/gazebo-11/plugins:/opt/ros/humble/opt/rviz_ogre_vendor/lib:/opt/ros/humble/lib/x86_64-linux-gnu:/opt/ros/humble/opt/openvdb_vendor/lib:/opt/ros/humble/lib:/usr/share/gazebo/../../lib/x86_64-linux-gnu/gazebo-11/plugins PYTHONPATH=/home/kyle/RM/tracker_2024/install/buff_interfaces/local/lib/python3.10/dist-packages:${PYTHONPATH} /usr/bin/cmake --build /home/kyle/RM/tracker_2024/build/buff_tracker -- -j32 -l32
[1.271s] [ 14%] [32mBuilding CXX object CMakeFiles/buff_tracker.dir/src/gauss_newton_solver.cpp.o[0m
[1.272s] [ 42%] [32mBuilding CXX object CMakeFiles/buff_tracker_node.dir/rclcpp_components/node_main_buff_tracker_node.cpp.o[0m
[1.272s] [ 42%] [32mBuilding CXX object CMakeFiles/buff_tracker.dir/src/extended_kalman_filter.cpp.o[0m
[1.272s] [ 71%] [32mBuilding CXX object CMakeFiles/buff_tracker.dir/src/tracker_node.cpp.o[0m
[1.272s] [ 71%] [32mBuilding CXX object CMakeFiles/buff_tracker.dir/src/tracker.cpp.o[0m
[3.190s] [ 85%] [32m[1mLinking CXX executable buff_tracker_node[0m
[3.274s] [ 85%] Built target buff_tracker_node
[13.872s] [100%] [32m[1mLinking CXX shared library libbuff_tracker.so[0m
[14.665s] [100%] Built target buff_tracker
[14.675s] Invoked command in '/home/kyle/RM/tracker_2024/build/buff_tracker' returned '0': AMENT_PREFIX_PATH=/home/kyle/RM/tracker_2024/install/buff_interfaces:${AMENT_PREFIX_PATH} CMAKE_PREFIX_PATH=/home/kyle/RM/tracker_2024/install/buff_interfaces:/opt/ros/humble LD_LIBRARY_PATH=/home/kyle/RM/tracker_2024/install/buff_interfaces/lib:/usr/lib/x86_64-linux-gnu/gazebo-11/plugins:/opt/ros/humble/opt/rviz_ogre_vendor/lib:/opt/ros/humble/lib/x86_64-linux-gnu:/opt/ros/humble/opt/openvdb_vendor/lib:/opt/ros/humble/lib:/usr/share/gazebo/../../lib/x86_64-linux-gnu/gazebo-11/plugins PYTHONPATH=/home/kyle/RM/tracker_2024/install/buff_interfaces/local/lib/python3.10/dist-packages:${PYTHONPATH} /usr/bin/cmake --build /home/kyle/RM/tracker_2024/build/buff_tracker -- -j32 -l32
[14.677s] Invoking command in '/home/kyle/RM/tracker_2024/build/buff_tracker': AMENT_PREFIX_PATH=/home/kyle/RM/tracker_2024/install/buff_interfaces:${AMENT_PREFIX_PATH} CMAKE_PREFIX_PATH=/home/kyle/RM/tracker_2024/install/buff_interfaces:/opt/ros/humble LD_LIBRARY_PATH=/home/kyle/RM/tracker_2024/install/buff_interfaces/lib:/usr/lib/x86_64-linux-gnu/gazebo-11/plugins:/opt/ros/humble/opt/rviz_ogre_vendor/lib:/opt/ros/humble/lib/x86_64-linux-gnu:/opt/ros/humble/opt/openvdb_vendor/lib:/opt/ros/humble/lib:/usr/share/gazebo/../../lib/x86_64-linux-gnu/gazebo-11/plugins PYTHONPATH=/home/kyle/RM/tracker_2024/install/buff_interfaces/local/lib/python3.10/dist-packages:${PYTHONPATH} /usr/bin/cmake --install /home/kyle/RM/tracker_2024/build/buff_tracker
[14.682s] -- Install configuration: ""
[14.682s] -- Installing: /home/kyle/RM/tracker_2024/install/buff_tracker/lib/buff_tracker/buff_tracker_node
[14.683s] -- Set runtime path of "/home/kyle/RM/tracker_2024/install/buff_tracker/lib/buff_tracker/buff_tracker_node" to ""
[14.683s] -- Installing: /home/kyle/RM/tracker_2024/install/buff_tracker/include
[14.683s] -- Installing: /home/kyle/RM/tracker_2024/install/buff_tracker/include/buff_tracker
[14.683s] -- Installing: /home/kyle/RM/tracker_2024/install/buff_tracker/include/buff_tracker/extended_kalman_filter.hpp
[14.683s] -- Installing: /home/kyle/RM/tracker_2024/install/buff_tracker/include/buff_tracker/tracker_node.hpp
[14.683s] -- Installing: /home/kyle/RM/tracker_2024/install/buff_tracker/include/buff_tracker/tracker.hpp
[14.683s] -- Installing: /home/kyle/RM/tracker_2024/install/buff_tracker/include/buff_tracker/gauss_newton_solver.hpp
[14.683s] -- Installing: /home/kyle/RM/tracker_2024/install/buff_tracker/share/buff_tracker/environment/library_path.sh
[14.683s] -- Installing: /home/kyle/RM/tracker_2024/install/buff_tracker/share/buff_tracker/environment/library_path.dsv
[14.684s] -- Installing: /home/kyle/RM/tracker_2024/install/buff_tracker/lib/libbuff_tracker.so
[14.691s] -- Set runtime path of "/home/kyle/RM/tracker_2024/install/buff_tracker/lib/libbuff_tracker.so" to ""
[14.691s] -- Installing: /home/kyle/RM/tracker_2024/install/buff_tracker/share/ament_index/resource_index/package_run_dependencies/buff_tracker
[14.691s] -- Installing: /home/kyle/RM/tracker_2024/install/buff_tracker/share/ament_index/resource_index/parent_prefix_path/buff_tracker
[14.692s] -- Installing: /home/kyle/RM/tracker_2024/install/buff_tracker/share/buff_tracker/environment/ament_prefix_path.sh
[14.692s] -- Installing: /home/kyle/RM/tracker_2024/install/buff_tracker/share/buff_tracker/environment/ament_prefix_path.dsv
[14.692s] -- Installing: /home/kyle/RM/tracker_2024/install/buff_tracker/share/buff_tracker/environment/path.sh
[14.692s] -- Installing: /home/kyle/RM/tracker_2024/install/buff_tracker/share/buff_tracker/environment/path.dsv
[14.692s] -- Installing: /home/kyle/RM/tracker_2024/install/buff_tracker/share/buff_tracker/local_setup.bash
[14.692s] -- Installing: /home/kyle/RM/tracker_2024/install/buff_tracker/share/buff_tracker/local_setup.sh
[14.692s] -- Installing: /home/kyle/RM/tracker_2024/install/buff_tracker/share/buff_tracker/local_setup.zsh
[14.692s] -- Installing: /home/kyle/RM/tracker_2024/install/buff_tracker/share/buff_tracker/local_setup.dsv
[14.692s] -- Installing: /home/kyle/RM/tracker_2024/install/buff_tracker/share/buff_tracker/package.dsv
[14.692s] -- Installing: /home/kyle/RM/tracker_2024/install/buff_tracker/share/ament_index/resource_index/packages/buff_tracker
[14.692s] -- Installing: /home/kyle/RM/tracker_2024/install/buff_tracker/share/ament_index/resource_index/rclcpp_components/buff_tracker
[14.692s] -- Installing: /home/kyle/RM/tracker_2024/install/buff_tracker/share/buff_tracker/cmake/ament_cmake_export_dependencies-extras.cmake
[14.693s] -- Installing: /home/kyle/RM/tracker_2024/install/buff_tracker/share/buff_tracker/cmake/ament_cmake_export_include_directories-extras.cmake
[14.693s] -- Installing: /home/kyle/RM/tracker_2024/install/buff_tracker/share/buff_tracker/cmake/ament_cmake_export_libraries-extras.cmake
[14.693s] -- Installing: /home/kyle/RM/tracker_2024/install/buff_tracker/share/buff_tracker/cmake/buff_trackerConfig.cmake
[14.693s] -- Installing: /home/kyle/RM/tracker_2024/install/buff_tracker/share/buff_tracker/cmake/buff_trackerConfig-version.cmake
[14.693s] -- Installing: /home/kyle/RM/tracker_2024/install/buff_tracker/share/buff_tracker/package.xml
[14.694s] Invoked command in '/home/kyle/RM/tracker_2024/build/buff_tracker' returned '0': AMENT_PREFIX_PATH=/home/kyle/RM/tracker_2024/install/buff_interfaces:${AMENT_PREFIX_PATH} CMAKE_PREFIX_PATH=/home/kyle/RM/tracker_2024/install/buff_interfaces:/opt/ros/humble LD_LIBRARY_PATH=/home/kyle/RM/tracker_2024/install/buff_interfaces/lib:/usr/lib/x86_64-linux-gnu/gazebo-11/plugins:/opt/ros/humble/opt/rviz_ogre_vendor/lib:/opt/ros/humble/lib/x86_64-linux-gnu:/opt/ros/humble/opt/openvdb_vendor/lib:/opt/ros/humble/lib:/usr/share/gazebo/../../lib/x86_64-linux-gnu/gazebo-11/plugins PYTHONPATH=/home/kyle/RM/tracker_2024/install/buff_interfaces/local/lib/python3.10/dist-packages:${PYTHONPATH} /usr/bin/cmake --install /home/kyle/RM/tracker_2024/build/buff_tracker
