[0.007s] Invoking command in '/home/kyle/RM/tracker_2024/build/rm_serial_driver': AMENT_PREFIX_PATH=/home/kyle/RM/tracker_2024/install/buff_interfaces:/home/kyle/RM/tracker_2024/install/auto_aim_interfaces:${AMENT_PREFIX_PATH} CMAKE_PREFIX_PATH=/home/kyle/RM/tracker_2024/install/buff_interfaces:/home/kyle/RM/tracker_2024/install/auto_aim_interfaces:/opt/ros/humble LD_LIBRARY_PATH=/home/kyle/RM/tracker_2024/install/buff_interfaces/lib:/home/kyle/RM/tracker_2024/install/auto_aim_interfaces/lib:/usr/lib/x86_64-linux-gnu/gazebo-11/plugins:/opt/ros/humble/opt/rviz_ogre_vendor/lib:/opt/ros/humble/lib/x86_64-linux-gnu:/opt/ros/humble/opt/openvdb_vendor/lib:/opt/ros/humble/lib:/usr/share/gazebo/../../lib/x86_64-linux-gnu/gazebo-11/plugins PYTHONPATH=/home/kyle/RM/tracker_2024/install/buff_interfaces/local/lib/python3.10/dist-packages:/home/kyle/RM/tracker_2024/install/auto_aim_interfaces/local/lib/python3.10/dist-packages:${PYTHONPATH} /usr/bin/cmake /home/kyle/RM/tracker_2024/src/rm_serial_driver-main -DCMAKE_INSTALL_PREFIX=/home/kyle/RM/tracker_2024/install/rm_serial_driver
[0.048s] -- The C compiler identification is GNU 11.4.0
[0.082s] -- The CXX compiler identification is GNU 11.4.0
[0.088s] -- Detecting C compiler ABI info
[0.138s] -- Detecting C compiler ABI info - done
[0.144s] -- Check for working C compiler: /usr/bin/cc - skipped
[0.144s] -- Detecting C compile features
[0.144s] -- Detecting C compile features - done
[0.147s] -- Detecting CXX compiler ABI info
[0.197s] -- Detecting CXX compiler ABI info - done
[0.201s] -- Check for working CXX compiler: /usr/bin/c++ - skipped
[0.201s] -- Detecting CXX compile features
[0.201s] -- Detecting CXX compile features - done
[0.202s] -- Found ament_cmake_auto: 1.3.11 (/opt/ros/humble/share/ament_cmake_auto/cmake)
[0.588s] -- Found Python3: /usr/bin/python3 (found version "3.10.12") found components: Interpreter 
[0.707s] -- Found rosidl_generator_c: 3.1.6 (/opt/ros/humble/share/rosidl_generator_c/cmake)
[0.710s] -- Found rosidl_adapter: 3.1.6 (/opt/ros/humble/share/rosidl_adapter/cmake)
[0.714s] -- Found rosidl_generator_cpp: 3.1.6 (/opt/ros/humble/share/rosidl_generator_cpp/cmake)
[0.721s] -- Using all available rosidl_typesupport_c: rosidl_typesupport_fastrtps_c;rosidl_typesupport_introspection_c
[0.729s] -- Using all available rosidl_typesupport_cpp: rosidl_typesupport_fastrtps_cpp;rosidl_typesupport_introspection_cpp
[0.753s] -- Found rmw_implementation_cmake: 6.1.2 (/opt/ros/humble/share/rmw_implementation_cmake/cmake)
[0.754s] -- Found rmw_fastrtps_cpp: 6.2.7 (/opt/ros/humble/share/rmw_fastrtps_cpp/cmake)
[0.813s] -- Found OpenSSL: /usr/lib/x86_64-linux-gnu/libcrypto.so (found version "3.0.2")  
[0.839s] -- Found FastRTPS: /opt/ros/humble/include  
[0.873s] -- Using RMW implementation 'rmw_fastrtps_cpp' as default
[0.881s] -- Looking for pthread.h
[0.938s] -- Looking for pthread.h - found
[0.938s] -- Performing Test CMAKE_HAVE_LIBC_PTHREAD
[1.009s] -- Performing Test CMAKE_HAVE_LIBC_PTHREAD - Success
[1.010s] -- Found Threads: TRUE  
[1.088s] -- Found asio_cmake_module: 1.2.0 (/opt/ros/humble/share/asio_cmake_module/cmake)
[1.089s] -- Found ASIO: /usr/include  
[1.216s] -- Found eigen3_cmake_module: 0.1.1 (/opt/ros/humble/share/eigen3_cmake_module/cmake)
[1.217s] -- Found Eigen3: TRUE (found version "3.4.0") 
[1.217s] -- Ensuring Eigen3 include directory is part of orocos-kdl CMake target
[1.302s] -- Found ament_lint_auto: 0.12.11 (/opt/ros/humble/share/ament_lint_auto/cmake)
[1.324s] -- Added test 'cppcheck' to perform static code analysis on C / C++ code
[1.325s] -- Configured cppcheck include dirs: /home/kyle/RM/tracker_2024/src/rm_serial_driver-main/include
[1.325s] -- Configured cppcheck exclude dirs and/or files: 
[1.326s] -- Added test 'cpplint' to check C / C++ code against the Google style
[1.326s] -- Configured cpplint exclude dirs and/or files: 
[1.326s] -- Added test 'flake8' to check Python code syntax and style conventions
[1.327s] -- Added test 'lint_cmake' to check CMake code style
[1.327s] -- Added test 'pep257' to check Python code against some of the docstring style conventions in PEP 257
[1.327s] -- Added test 'xmllint' to check XML markup files
[1.328s] -- Added test 'clang_format' to check C / C++ code style
[1.330s] -- Configuring done
[1.359s] -- Generating done
[1.366s] -- Build files have been written to: /home/kyle/RM/tracker_2024/build/rm_serial_driver
[1.380s] Invoked command in '/home/kyle/RM/tracker_2024/build/rm_serial_driver' returned '0': AMENT_PREFIX_PATH=/home/kyle/RM/tracker_2024/install/buff_interfaces:/home/kyle/RM/tracker_2024/install/auto_aim_interfaces:${AMENT_PREFIX_PATH} CMAKE_PREFIX_PATH=/home/kyle/RM/tracker_2024/install/buff_interfaces:/home/kyle/RM/tracker_2024/install/auto_aim_interfaces:/opt/ros/humble LD_LIBRARY_PATH=/home/kyle/RM/tracker_2024/install/buff_interfaces/lib:/home/kyle/RM/tracker_2024/install/auto_aim_interfaces/lib:/usr/lib/x86_64-linux-gnu/gazebo-11/plugins:/opt/ros/humble/opt/rviz_ogre_vendor/lib:/opt/ros/humble/lib/x86_64-linux-gnu:/opt/ros/humble/opt/openvdb_vendor/lib:/opt/ros/humble/lib:/usr/share/gazebo/../../lib/x86_64-linux-gnu/gazebo-11/plugins PYTHONPATH=/home/kyle/RM/tracker_2024/install/buff_interfaces/local/lib/python3.10/dist-packages:/home/kyle/RM/tracker_2024/install/auto_aim_interfaces/local/lib/python3.10/dist-packages:${PYTHONPATH} /usr/bin/cmake /home/kyle/RM/tracker_2024/src/rm_serial_driver-main -DCMAKE_INSTALL_PREFIX=/home/kyle/RM/tracker_2024/install/rm_serial_driver
[1.382s] Invoking command in '/home/kyle/RM/tracker_2024/build/rm_serial_driver': AMENT_PREFIX_PATH=/home/kyle/RM/tracker_2024/install/buff_interfaces:/home/kyle/RM/tracker_2024/install/auto_aim_interfaces:${AMENT_PREFIX_PATH} CMAKE_PREFIX_PATH=/home/kyle/RM/tracker_2024/install/buff_interfaces:/home/kyle/RM/tracker_2024/install/auto_aim_interfaces:/opt/ros/humble LD_LIBRARY_PATH=/home/kyle/RM/tracker_2024/install/buff_interfaces/lib:/home/kyle/RM/tracker_2024/install/auto_aim_interfaces/lib:/usr/lib/x86_64-linux-gnu/gazebo-11/plugins:/opt/ros/humble/opt/rviz_ogre_vendor/lib:/opt/ros/humble/lib/x86_64-linux-gnu:/opt/ros/humble/opt/openvdb_vendor/lib:/opt/ros/humble/lib:/usr/share/gazebo/../../lib/x86_64-linux-gnu/gazebo-11/plugins PYTHONPATH=/home/kyle/RM/tracker_2024/install/buff_interfaces/local/lib/python3.10/dist-packages:/home/kyle/RM/tracker_2024/install/auto_aim_interfaces/local/lib/python3.10/dist-packages:${PYTHONPATH} /usr/bin/cmake --build /home/kyle/RM/tracker_2024/build/rm_serial_driver -- -j32 -l32
[1.435s] [ 60%] [32mBuilding CXX object CMakeFiles/rm_serial_driver.dir/src/crc.cpp.o[0m
[1.435s] [ 60%] [32mBuilding CXX object CMakeFiles/rm_serial_driver.dir/src/rm_serial_driver.cpp.o[0m
[1.435s] [ 60%] [32mBuilding CXX object CMakeFiles/rm_serial_driver_node.dir/rclcpp_components/node_main_rm_serial_driver_node.cpp.o[0m
[3.988s] [ 80%] [32m[1mLinking CXX executable rm_serial_driver_node[0m
[4.089s] [ 80%] Built target rm_serial_driver_node
[21.815s] [100%] [32m[1mLinking CXX shared library librm_serial_driver.so[0m
[22.989s] [100%] Built target rm_serial_driver
[22.996s] Invoked command in '/home/kyle/RM/tracker_2024/build/rm_serial_driver' returned '0': AMENT_PREFIX_PATH=/home/kyle/RM/tracker_2024/install/buff_interfaces:/home/kyle/RM/tracker_2024/install/auto_aim_interfaces:${AMENT_PREFIX_PATH} CMAKE_PREFIX_PATH=/home/kyle/RM/tracker_2024/install/buff_interfaces:/home/kyle/RM/tracker_2024/install/auto_aim_interfaces:/opt/ros/humble LD_LIBRARY_PATH=/home/kyle/RM/tracker_2024/install/buff_interfaces/lib:/home/kyle/RM/tracker_2024/install/auto_aim_interfaces/lib:/usr/lib/x86_64-linux-gnu/gazebo-11/plugins:/opt/ros/humble/opt/rviz_ogre_vendor/lib:/opt/ros/humble/lib/x86_64-linux-gnu:/opt/ros/humble/opt/openvdb_vendor/lib:/opt/ros/humble/lib:/usr/share/gazebo/../../lib/x86_64-linux-gnu/gazebo-11/plugins PYTHONPATH=/home/kyle/RM/tracker_2024/install/buff_interfaces/local/lib/python3.10/dist-packages:/home/kyle/RM/tracker_2024/install/auto_aim_interfaces/local/lib/python3.10/dist-packages:${PYTHONPATH} /usr/bin/cmake --build /home/kyle/RM/tracker_2024/build/rm_serial_driver -- -j32 -l32
[22.997s] Invoking command in '/home/kyle/RM/tracker_2024/build/rm_serial_driver': AMENT_PREFIX_PATH=/home/kyle/RM/tracker_2024/install/buff_interfaces:/home/kyle/RM/tracker_2024/install/auto_aim_interfaces:${AMENT_PREFIX_PATH} CMAKE_PREFIX_PATH=/home/kyle/RM/tracker_2024/install/buff_interfaces:/home/kyle/RM/tracker_2024/install/auto_aim_interfaces:/opt/ros/humble LD_LIBRARY_PATH=/home/kyle/RM/tracker_2024/install/buff_interfaces/lib:/home/kyle/RM/tracker_2024/install/auto_aim_interfaces/lib:/usr/lib/x86_64-linux-gnu/gazebo-11/plugins:/opt/ros/humble/opt/rviz_ogre_vendor/lib:/opt/ros/humble/lib/x86_64-linux-gnu:/opt/ros/humble/opt/openvdb_vendor/lib:/opt/ros/humble/lib:/usr/share/gazebo/../../lib/x86_64-linux-gnu/gazebo-11/plugins PYTHONPATH=/home/kyle/RM/tracker_2024/install/buff_interfaces/local/lib/python3.10/dist-packages:/home/kyle/RM/tracker_2024/install/auto_aim_interfaces/local/lib/python3.10/dist-packages:${PYTHONPATH} /usr/bin/cmake --install /home/kyle/RM/tracker_2024/build/rm_serial_driver
[23.001s] -- Install configuration: ""
[23.001s] -- Installing: /home/kyle/RM/tracker_2024/install/rm_serial_driver/lib/rm_serial_driver/rm_serial_driver_node
[23.002s] -- Set runtime path of "/home/kyle/RM/tracker_2024/install/rm_serial_driver/lib/rm_serial_driver/rm_serial_driver_node" to ""
[23.002s] -- Installing: /home/kyle/RM/tracker_2024/install/rm_serial_driver/include
[23.002s] -- Installing: /home/kyle/RM/tracker_2024/install/rm_serial_driver/include/rm_serial_driver
[23.002s] -- Installing: /home/kyle/RM/tracker_2024/install/rm_serial_driver/include/rm_serial_driver/crc.hpp
[23.002s] -- Installing: /home/kyle/RM/tracker_2024/install/rm_serial_driver/include/rm_serial_driver/packet.hpp
[23.002s] -- Installing: /home/kyle/RM/tracker_2024/install/rm_serial_driver/include/rm_serial_driver/rm_serial_driver.hpp
[23.002s] -- Installing: /home/kyle/RM/tracker_2024/install/rm_serial_driver/share/rm_serial_driver/environment/library_path.sh
[23.002s] -- Installing: /home/kyle/RM/tracker_2024/install/rm_serial_driver/share/rm_serial_driver/environment/library_path.dsv
[23.002s] -- Installing: /home/kyle/RM/tracker_2024/install/rm_serial_driver/lib/librm_serial_driver.so
[23.013s] -- Set runtime path of "/home/kyle/RM/tracker_2024/install/rm_serial_driver/lib/librm_serial_driver.so" to ""
[23.013s] -- Installing: /home/kyle/RM/tracker_2024/install/rm_serial_driver/share/rm_serial_driver/config
[23.013s] -- Installing: /home/kyle/RM/tracker_2024/install/rm_serial_driver/share/rm_serial_driver/config/serial_driver.yaml
[23.014s] -- Installing: /home/kyle/RM/tracker_2024/install/rm_serial_driver/share/rm_serial_driver/launch
[23.014s] -- Installing: /home/kyle/RM/tracker_2024/install/rm_serial_driver/share/rm_serial_driver/launch/serial_driver.launch.py
[23.014s] -- Installing: /home/kyle/RM/tracker_2024/install/rm_serial_driver/share/ament_index/resource_index/package_run_dependencies/rm_serial_driver
[23.014s] -- Installing: /home/kyle/RM/tracker_2024/install/rm_serial_driver/share/ament_index/resource_index/parent_prefix_path/rm_serial_driver
[23.014s] -- Installing: /home/kyle/RM/tracker_2024/install/rm_serial_driver/share/rm_serial_driver/environment/ament_prefix_path.sh
[23.014s] -- Installing: /home/kyle/RM/tracker_2024/install/rm_serial_driver/share/rm_serial_driver/environment/ament_prefix_path.dsv
[23.014s] -- Installing: /home/kyle/RM/tracker_2024/install/rm_serial_driver/share/rm_serial_driver/environment/path.sh
[23.014s] -- Installing: /home/kyle/RM/tracker_2024/install/rm_serial_driver/share/rm_serial_driver/environment/path.dsv
[23.014s] -- Installing: /home/kyle/RM/tracker_2024/install/rm_serial_driver/share/rm_serial_driver/local_setup.bash
[23.014s] -- Installing: /home/kyle/RM/tracker_2024/install/rm_serial_driver/share/rm_serial_driver/local_setup.sh
[23.014s] -- Installing: /home/kyle/RM/tracker_2024/install/rm_serial_driver/share/rm_serial_driver/local_setup.zsh
[23.014s] -- Installing: /home/kyle/RM/tracker_2024/install/rm_serial_driver/share/rm_serial_driver/local_setup.dsv
[23.014s] -- Installing: /home/kyle/RM/tracker_2024/install/rm_serial_driver/share/rm_serial_driver/package.dsv
[23.014s] -- Installing: /home/kyle/RM/tracker_2024/install/rm_serial_driver/share/ament_index/resource_index/packages/rm_serial_driver
[23.014s] -- Installing: /home/kyle/RM/tracker_2024/install/rm_serial_driver/share/ament_index/resource_index/rclcpp_components/rm_serial_driver
[23.014s] -- Installing: /home/kyle/RM/tracker_2024/install/rm_serial_driver/share/rm_serial_driver/cmake/ament_cmake_export_dependencies-extras.cmake
[23.014s] -- Installing: /home/kyle/RM/tracker_2024/install/rm_serial_driver/share/rm_serial_driver/cmake/ament_cmake_export_include_directories-extras.cmake
[23.014s] -- Installing: /home/kyle/RM/tracker_2024/install/rm_serial_driver/share/rm_serial_driver/cmake/ament_cmake_export_libraries-extras.cmake
[23.014s] -- Installing: /home/kyle/RM/tracker_2024/install/rm_serial_driver/share/rm_serial_driver/cmake/rm_serial_driverConfig.cmake
[23.014s] -- Installing: /home/kyle/RM/tracker_2024/install/rm_serial_driver/share/rm_serial_driver/cmake/rm_serial_driverConfig-version.cmake
[23.014s] -- Installing: /home/kyle/RM/tracker_2024/install/rm_serial_driver/share/rm_serial_driver/package.xml
[23.016s] Invoked command in '/home/kyle/RM/tracker_2024/build/rm_serial_driver' returned '0': AMENT_PREFIX_PATH=/home/kyle/RM/tracker_2024/install/buff_interfaces:/home/kyle/RM/tracker_2024/install/auto_aim_interfaces:${AMENT_PREFIX_PATH} CMAKE_PREFIX_PATH=/home/kyle/RM/tracker_2024/install/buff_interfaces:/home/kyle/RM/tracker_2024/install/auto_aim_interfaces:/opt/ros/humble LD_LIBRARY_PATH=/home/kyle/RM/tracker_2024/install/buff_interfaces/lib:/home/kyle/RM/tracker_2024/install/auto_aim_interfaces/lib:/usr/lib/x86_64-linux-gnu/gazebo-11/plugins:/opt/ros/humble/opt/rviz_ogre_vendor/lib:/opt/ros/humble/lib/x86_64-linux-gnu:/opt/ros/humble/opt/openvdb_vendor/lib:/opt/ros/humble/lib:/usr/share/gazebo/../../lib/x86_64-linux-gnu/gazebo-11/plugins PYTHONPATH=/home/kyle/RM/tracker_2024/install/buff_interfaces/local/lib/python3.10/dist-packages:/home/kyle/RM/tracker_2024/install/auto_aim_interfaces/local/lib/python3.10/dist-packages:${PYTHONPATH} /usr/bin/cmake --install /home/kyle/RM/tracker_2024/build/rm_serial_driver
