[0.006s] Invoking command in '/home/kyle/ros_ws/build/armor_tracker': AMENT_PREFIX_PATH=/home/kyle/ros_ws/install/auto_aim_interfaces:${AMENT_PREFIX_PATH} CMAKE_PREFIX_PATH=/home/kyle/ros_ws/install/auto_aim_interfaces:/home/kyle/study/ROS/ws01_plumbing/install/cpp04_param:/home/kyle/study/ROS/ws01_plumbing/install/cpp03_action:/home/kyle/study/ROS/ws01_plumbing/install/cpp02_service:/home/kyle/study/ROS/ws01_plumbing/install/cpp01_topic:/home/kyle/study/ROS/ws01_plumbing/install/base_interfaces_demo:/home/kyle/study/ROS/ws01_plumbing/base_interfaces_demo/install/base_interfaces_demo:/home/kyle/study/ROS/ws00_helloworld/install/pkg01_helloworld_cpp:/home/kyle/study/ROS/ws00_helloworld/install/cpp01_topic:/opt/ros/humble LD_LIBRARY_PATH=/home/kyle/ros_ws/install/auto_aim_interfaces/lib:${LD_LIBRARY_PATH} PYTHONPATH=/home/kyle/ros_ws/install/auto_aim_interfaces/local/lib/python3.10/dist-packages:${PYTHONPATH} /usr/bin/cmake /home/kyle/ros_ws/rm_auto_aim/armor_tracker -DAMENT_CMAKE_SYMLINK_INSTALL=1 -DCMAKE_INSTALL_PREFIX=/home/kyle/ros_ws/install/armor_tracker
[0.042s] -- The C compiler identification is GNU 11.4.0
[0.076s] -- The CXX compiler identification is GNU 11.4.0
[0.080s] -- Detecting C compiler ABI info
[0.124s] -- Detecting C compiler ABI info - done
[0.128s] -- Check for working C compiler: /usr/bin/cc - skipped
[0.128s] -- Detecting C compile features
[0.128s] -- Detecting C compile features - done
[0.130s] -- Detecting CXX compiler ABI info
[0.181s] -- Detecting CXX compiler ABI info - done
[0.185s] -- Check for working CXX compiler: /usr/bin/c++ - skipped
[0.185s] -- Detecting CXX compile features
[0.185s] -- Detecting CXX compile features - done
[0.186s] -- Found ament_cmake_auto: 1.3.11 (/opt/ros/humble/share/ament_cmake_auto/cmake)
[0.284s] -- Found Python3: /usr/bin/python3 (found version "3.10.12") found components: Interpreter 
[0.319s] -- Override CMake install command with custom implementation using symlinks instead of copying resources
[0.397s] -- Found rosidl_generator_c: 3.1.6 (/opt/ros/humble/share/rosidl_generator_c/cmake)
[0.400s] -- Found rosidl_adapter: 3.1.6 (/opt/ros/humble/share/rosidl_adapter/cmake)
[0.405s] -- Found rosidl_generator_cpp: 3.1.6 (/opt/ros/humble/share/rosidl_generator_cpp/cmake)
[0.412s] -- Using all available rosidl_typesupport_c: rosidl_typesupport_fastrtps_c;rosidl_typesupport_introspection_c
[0.420s] -- Using all available rosidl_typesupport_cpp: rosidl_typesupport_fastrtps_cpp;rosidl_typesupport_introspection_cpp
[0.446s] -- Found rmw_implementation_cmake: 6.1.2 (/opt/ros/humble/share/rmw_implementation_cmake/cmake)
[0.447s] -- Found rmw_fastrtps_cpp: 6.2.7 (/opt/ros/humble/share/rmw_fastrtps_cpp/cmake)
[0.506s] -- Found OpenSSL: /usr/lib/x86_64-linux-gnu/libcrypto.so (found version "3.0.2")  
[0.523s] -- Found FastRTPS: /opt/ros/humble/include  
[0.550s] -- Using RMW implementation 'rmw_fastrtps_cpp' as default
[0.554s] -- Looking for pthread.h
[0.603s] -- Looking for pthread.h - found
[0.603s] -- Performing Test CMAKE_HAVE_LIBC_PTHREAD
[0.655s] -- Performing Test CMAKE_HAVE_LIBC_PTHREAD - Success
[0.656s] -- Found Threads: TRUE  
[0.753s] -- Found eigen3_cmake_module: 0.1.1 (/opt/ros/humble/share/eigen3_cmake_module/cmake)
[0.754s] -- Found Eigen3: TRUE (found version "3.4.0") 
[0.754s] -- Ensuring Eigen3 include directory is part of orocos-kdl CMake target
[0.803s] -- Found ament_lint_auto: 0.12.11 (/opt/ros/humble/share/ament_lint_auto/cmake)
[0.816s] -- Added test 'cppcheck' to perform static code analysis on C / C++ code
[0.816s] -- Configured cppcheck include dirs: /home/kyle/ros_ws/rm_auto_aim/armor_tracker/include
[0.816s] -- Configured cppcheck exclude dirs and/or files: 
[0.817s] -- Added test 'lint_cmake' to check CMake code style
[0.817s] -- Added test 'xmllint' to check XML markup files
[0.818s] -- Added test 'clang_format' to check C / C++ code style
[0.819s] -- Configuring done
[0.827s] -- Generating done
[0.830s] -- Build files have been written to: /home/kyle/ros_ws/build/armor_tracker
[0.835s] Invoked command in '/home/kyle/ros_ws/build/armor_tracker' returned '0': AMENT_PREFIX_PATH=/home/kyle/ros_ws/install/auto_aim_interfaces:${AMENT_PREFIX_PATH} CMAKE_PREFIX_PATH=/home/kyle/ros_ws/install/auto_aim_interfaces:/home/kyle/study/ROS/ws01_plumbing/install/cpp04_param:/home/kyle/study/ROS/ws01_plumbing/install/cpp03_action:/home/kyle/study/ROS/ws01_plumbing/install/cpp02_service:/home/kyle/study/ROS/ws01_plumbing/install/cpp01_topic:/home/kyle/study/ROS/ws01_plumbing/install/base_interfaces_demo:/home/kyle/study/ROS/ws01_plumbing/base_interfaces_demo/install/base_interfaces_demo:/home/kyle/study/ROS/ws00_helloworld/install/pkg01_helloworld_cpp:/home/kyle/study/ROS/ws00_helloworld/install/cpp01_topic:/opt/ros/humble LD_LIBRARY_PATH=/home/kyle/ros_ws/install/auto_aim_interfaces/lib:${LD_LIBRARY_PATH} PYTHONPATH=/home/kyle/ros_ws/install/auto_aim_interfaces/local/lib/python3.10/dist-packages:${PYTHONPATH} /usr/bin/cmake /home/kyle/ros_ws/rm_auto_aim/armor_tracker -DAMENT_CMAKE_SYMLINK_INSTALL=1 -DCMAKE_INSTALL_PREFIX=/home/kyle/ros_ws/install/armor_tracker
[0.837s] Invoking command in '/home/kyle/ros_ws/build/armor_tracker': AMENT_PREFIX_PATH=/home/kyle/ros_ws/install/auto_aim_interfaces:${AMENT_PREFIX_PATH} CMAKE_PREFIX_PATH=/home/kyle/ros_ws/install/auto_aim_interfaces:/home/kyle/study/ROS/ws01_plumbing/install/cpp04_param:/home/kyle/study/ROS/ws01_plumbing/install/cpp03_action:/home/kyle/study/ROS/ws01_plumbing/install/cpp02_service:/home/kyle/study/ROS/ws01_plumbing/install/cpp01_topic:/home/kyle/study/ROS/ws01_plumbing/install/base_interfaces_demo:/home/kyle/study/ROS/ws01_plumbing/base_interfaces_demo/install/base_interfaces_demo:/home/kyle/study/ROS/ws00_helloworld/install/pkg01_helloworld_cpp:/home/kyle/study/ROS/ws00_helloworld/install/cpp01_topic:/opt/ros/humble LD_LIBRARY_PATH=/home/kyle/ros_ws/install/auto_aim_interfaces/lib:${LD_LIBRARY_PATH} PYTHONPATH=/home/kyle/ros_ws/install/auto_aim_interfaces/local/lib/python3.10/dist-packages:${PYTHONPATH} /usr/bin/cmake --build /home/kyle/ros_ws/build/armor_tracker -- -j32 -l32
[0.870s] [ 66%] [32mBuilding CXX object CMakeFiles/armor_tracker.dir/src/extended_kalman_filter.cpp.o[0m
[0.870s] [ 66%] [32mBuilding CXX object CMakeFiles/armor_tracker.dir/src/tracker_node.cpp.o[0m
[0.870s] [ 66%] [32mBuilding CXX object CMakeFiles/armor_tracker_node.dir/rclcpp_components/node_main_armor_tracker_node.cpp.o[0m
[0.870s] [ 66%] [32mBuilding CXX object CMakeFiles/armor_tracker.dir/src/tracker.cpp.o[0m
[3.046s] [ 83%] [32m[1mLinking CXX executable armor_tracker_node[0m
[3.136s] [ 83%] Built target armor_tracker_node
[8.381s] [100%] [32m[1mLinking CXX shared library libarmor_tracker.so[0m
[8.824s] [100%] Built target armor_tracker
[8.831s] Invoked command in '/home/kyle/ros_ws/build/armor_tracker' returned '0': AMENT_PREFIX_PATH=/home/kyle/ros_ws/install/auto_aim_interfaces:${AMENT_PREFIX_PATH} CMAKE_PREFIX_PATH=/home/kyle/ros_ws/install/auto_aim_interfaces:/home/kyle/study/ROS/ws01_plumbing/install/cpp04_param:/home/kyle/study/ROS/ws01_plumbing/install/cpp03_action:/home/kyle/study/ROS/ws01_plumbing/install/cpp02_service:/home/kyle/study/ROS/ws01_plumbing/install/cpp01_topic:/home/kyle/study/ROS/ws01_plumbing/install/base_interfaces_demo:/home/kyle/study/ROS/ws01_plumbing/base_interfaces_demo/install/base_interfaces_demo:/home/kyle/study/ROS/ws00_helloworld/install/pkg01_helloworld_cpp:/home/kyle/study/ROS/ws00_helloworld/install/cpp01_topic:/opt/ros/humble LD_LIBRARY_PATH=/home/kyle/ros_ws/install/auto_aim_interfaces/lib:${LD_LIBRARY_PATH} PYTHONPATH=/home/kyle/ros_ws/install/auto_aim_interfaces/local/lib/python3.10/dist-packages:${PYTHONPATH} /usr/bin/cmake --build /home/kyle/ros_ws/build/armor_tracker -- -j32 -l32
[8.832s] Invoking command in '/home/kyle/ros_ws/build/armor_tracker': AMENT_PREFIX_PATH=/home/kyle/ros_ws/install/auto_aim_interfaces:${AMENT_PREFIX_PATH} CMAKE_PREFIX_PATH=/home/kyle/ros_ws/install/auto_aim_interfaces:/home/kyle/study/ROS/ws01_plumbing/install/cpp04_param:/home/kyle/study/ROS/ws01_plumbing/install/cpp03_action:/home/kyle/study/ROS/ws01_plumbing/install/cpp02_service:/home/kyle/study/ROS/ws01_plumbing/install/cpp01_topic:/home/kyle/study/ROS/ws01_plumbing/install/base_interfaces_demo:/home/kyle/study/ROS/ws01_plumbing/base_interfaces_demo/install/base_interfaces_demo:/home/kyle/study/ROS/ws00_helloworld/install/pkg01_helloworld_cpp:/home/kyle/study/ROS/ws00_helloworld/install/cpp01_topic:/opt/ros/humble LD_LIBRARY_PATH=/home/kyle/ros_ws/install/auto_aim_interfaces/lib:${LD_LIBRARY_PATH} PYTHONPATH=/home/kyle/ros_ws/install/auto_aim_interfaces/local/lib/python3.10/dist-packages:${PYTHONPATH} /usr/bin/cmake --install /home/kyle/ros_ws/build/armor_tracker
[8.837s] -- Install configuration: ""
[8.837s] -- Execute custom install script
[8.837s] -- Symlinking: /home/kyle/ros_ws/install/armor_tracker/lib/armor_tracker/armor_tracker_node
[8.842s] -- Symlinking: /home/kyle/ros_ws/install/armor_tracker/include/armor_tracker/extended_kalman_filter.hpp
[8.848s] -- Symlinking: /home/kyle/ros_ws/install/armor_tracker/include/armor_tracker/tracker.hpp
[8.852s] -- Symlinking: /home/kyle/ros_ws/install/armor_tracker/include/armor_tracker/tracker_node.hpp
[8.857s] -- Symlinking: /home/kyle/ros_ws/install/armor_tracker/share/armor_tracker/environment/library_path.sh
[8.862s] -- Symlinking: /home/kyle/ros_ws/install/armor_tracker/share/armor_tracker/environment/library_path.dsv
[8.867s] -- Symlinking: /home/kyle/ros_ws/install/armor_tracker/lib/libarmor_tracker.so
[8.871s] -- Symlinking: /home/kyle/ros_ws/install/armor_tracker/share/ament_index/resource_index/package_run_dependencies/armor_tracker
[8.875s] -- Symlinking: /home/kyle/ros_ws/install/armor_tracker/share/ament_index/resource_index/parent_prefix_path/armor_tracker
[8.880s] -- Symlinking: /home/kyle/ros_ws/install/armor_tracker/share/armor_tracker/environment/ament_prefix_path.sh
[8.886s] -- Symlinking: /home/kyle/ros_ws/install/armor_tracker/share/armor_tracker/environment/ament_prefix_path.dsv
[8.891s] -- Symlinking: /home/kyle/ros_ws/install/armor_tracker/share/armor_tracker/environment/path.sh
[8.897s] -- Symlinking: /home/kyle/ros_ws/install/armor_tracker/share/armor_tracker/environment/path.dsv
[8.901s] -- Symlinking: /home/kyle/ros_ws/install/armor_tracker/share/armor_tracker/local_setup.bash
[8.907s] -- Symlinking: /home/kyle/ros_ws/install/armor_tracker/share/armor_tracker/local_setup.sh
[8.912s] -- Symlinking: /home/kyle/ros_ws/install/armor_tracker/share/armor_tracker/local_setup.zsh
[8.918s] -- Symlinking: /home/kyle/ros_ws/install/armor_tracker/share/armor_tracker/local_setup.dsv
[8.923s] -- Symlinking: /home/kyle/ros_ws/install/armor_tracker/share/armor_tracker/package.dsv
[8.927s] -- Symlinking: /home/kyle/ros_ws/install/armor_tracker/share/ament_index/resource_index/packages/armor_tracker
[8.932s] -- Symlinking: /home/kyle/ros_ws/install/armor_tracker/share/ament_index/resource_index/rclcpp_components/armor_tracker
[8.936s] -- Symlinking: /home/kyle/ros_ws/install/armor_tracker/share/armor_tracker/cmake/ament_cmake_export_dependencies-extras.cmake
[8.942s] -- Symlinking: /home/kyle/ros_ws/install/armor_tracker/share/armor_tracker/cmake/ament_cmake_export_include_directories-extras.cmake
[8.946s] -- Symlinking: /home/kyle/ros_ws/install/armor_tracker/share/armor_tracker/cmake/ament_cmake_export_libraries-extras.cmake
[8.951s] -- Symlinking: /home/kyle/ros_ws/install/armor_tracker/share/armor_tracker/cmake/armor_trackerConfig.cmake
[8.956s] -- Symlinking: /home/kyle/ros_ws/install/armor_tracker/share/armor_tracker/cmake/armor_trackerConfig-version.cmake
[8.962s] -- Symlinking: /home/kyle/ros_ws/install/armor_tracker/share/armor_tracker/package.xml
[8.968s] Invoked command in '/home/kyle/ros_ws/build/armor_tracker' returned '0': AMENT_PREFIX_PATH=/home/kyle/ros_ws/install/auto_aim_interfaces:${AMENT_PREFIX_PATH} CMAKE_PREFIX_PATH=/home/kyle/ros_ws/install/auto_aim_interfaces:/home/kyle/study/ROS/ws01_plumbing/install/cpp04_param:/home/kyle/study/ROS/ws01_plumbing/install/cpp03_action:/home/kyle/study/ROS/ws01_plumbing/install/cpp02_service:/home/kyle/study/ROS/ws01_plumbing/install/cpp01_topic:/home/kyle/study/ROS/ws01_plumbing/install/base_interfaces_demo:/home/kyle/study/ROS/ws01_plumbing/base_interfaces_demo/install/base_interfaces_demo:/home/kyle/study/ROS/ws00_helloworld/install/pkg01_helloworld_cpp:/home/kyle/study/ROS/ws00_helloworld/install/cpp01_topic:/opt/ros/humble LD_LIBRARY_PATH=/home/kyle/ros_ws/install/auto_aim_interfaces/lib:${LD_LIBRARY_PATH} PYTHONPATH=/home/kyle/ros_ws/install/auto_aim_interfaces/local/lib/python3.10/dist-packages:${PYTHONPATH} /usr/bin/cmake --install /home/kyle/ros_ws/build/armor_tracker
