[0.016s] Invoking command in '/home/kyle/ros_ws/build/hik_camera': CMAKE_PREFIX_PATH=${CMAKE_PREFIX_PATH}:/opt/ros/humble /usr/bin/cmake /home/kyle/ros_ws/ros2_hik_camera -DAMENT_CMAKE_SYMLINK_INSTALL=1 -DCMAKE_INSTALL_PREFIX=/home/kyle/ros_ws/install/hik_camera
[0.120s] -- The C compiler identification is GNU 11.4.0
[0.207s] -- The CXX compiler identification is GNU 11.4.0
[0.219s] -- Detecting C compiler ABI info
[0.309s] -- Detecting C compiler ABI info - done
[0.317s] -- Check for working C compiler: /usr/bin/cc - skipped
[0.318s] -- Detecting C compile features
[0.318s] -- Detecting C compile features - done
[0.322s] -- Detecting CXX compiler ABI info
[0.433s] -- Detecting CXX compiler ABI info - done
[0.442s] -- Check for working CXX compiler: /usr/bin/c++ - skipped
[0.442s] -- Detecting CXX compile features
[0.443s] -- Detecting CXX compile features - done
[0.445s] -- Found ament_cmake_auto: 1.3.11 (/opt/ros/humble/share/ament_cmake_auto/cmake)
[0.639s] -- Found Python3: /usr/bin/python3 (found version "3.10.12") found components: Interpreter 
[0.715s] -- Override CMake install command with custom implementation using symlinks instead of copying resources
[0.891s] -- Found rosidl_generator_c: 3.1.6 (/opt/ros/humble/share/rosidl_generator_c/cmake)
[0.897s] -- Found rosidl_adapter: 3.1.6 (/opt/ros/humble/share/rosidl_adapter/cmake)
[0.906s] -- Found rosidl_generator_cpp: 3.1.6 (/opt/ros/humble/share/rosidl_generator_cpp/cmake)
[0.921s] -- Using all available rosidl_typesupport_c: rosidl_typesupport_fastrtps_c;rosidl_typesupport_introspection_c
[0.939s] -- Using all available rosidl_typesupport_cpp: rosidl_typesupport_fastrtps_cpp;rosidl_typesupport_introspection_cpp
[0.999s] -- Found rmw_implementation_cmake: 6.1.2 (/opt/ros/humble/share/rmw_implementation_cmake/cmake)
[1.004s] -- Found rmw_fastrtps_cpp: 6.2.7 (/opt/ros/humble/share/rmw_fastrtps_cpp/cmake)
[1.135s] -- Found OpenSSL: /usr/lib/x86_64-linux-gnu/libcrypto.so (found version "3.0.2")  
[1.170s] -- Found FastRTPS: /opt/ros/humble/include  
[1.219s] -- Using RMW implementation 'rmw_fastrtps_cpp' as default
[1.241s] -- Looking for pthread.h
[1.329s] -- Looking for pthread.h - found
[1.329s] -- Performing Test CMAKE_HAVE_LIBC_PTHREAD
[1.419s] -- Performing Test CMAKE_HAVE_LIBC_PTHREAD - Success
[1.420s] -- Found Threads: TRUE  
[1.644s] -- Found ament_lint_auto: 0.12.11 (/opt/ros/humble/share/ament_lint_auto/cmake)
[1.673s] -- Added test 'cppcheck' to perform static code analysis on C / C++ code
[1.673s] -- Configured cppcheck include dirs: /home/kyle/ros_ws/ros2_hik_camera/hikSDK/include
[1.673s] -- Configured cppcheck exclude dirs and/or files: 
[1.674s] -- Added test 'flake8' to check Python code syntax and style conventions
[1.675s] -- Added test 'lint_cmake' to check CMake code style
[1.676s] -- Added test 'pep257' to check Python code against some of the docstring style conventions in PEP 257
[1.677s] -- Added test 'xmllint' to check XML markup files
[1.680s] -- Configuring done
[1.694s] -- Generating done
[1.699s] -- Build files have been written to: /home/kyle/ros_ws/build/hik_camera
[1.711s] Invoked command in '/home/kyle/ros_ws/build/hik_camera' returned '0': CMAKE_PREFIX_PATH=${CMAKE_PREFIX_PATH}:/opt/ros/humble /usr/bin/cmake /home/kyle/ros_ws/ros2_hik_camera -DAMENT_CMAKE_SYMLINK_INSTALL=1 -DCMAKE_INSTALL_PREFIX=/home/kyle/ros_ws/install/hik_camera
[1.712s] Invoking command in '/home/kyle/ros_ws/build/hik_camera': CMAKE_PREFIX_PATH=${CMAKE_PREFIX_PATH}:/opt/ros/humble /usr/bin/cmake --build /home/kyle/ros_ws/build/hik_camera -- -j32 -l32
[1.770s] [ 25%] [32mBuilding CXX object CMakeFiles/hik_camera_node.dir/rclcpp_components/node_main_hik_camera_node.cpp.o[0m
[1.775s] [ 50%] [32mBuilding CXX object CMakeFiles/hik_camera.dir/src/hik_camera_node.cpp.o[0m
[5.372s] [ 75%] [32m[1mLinking CXX executable hik_camera_node[0m
[5.517s] [ 75%] Built target hik_camera_node
[5.597s] [100%] [32m[1mLinking CXX shared library libhik_camera.so[0m
[5.759s] [100%] Built target hik_camera
[5.773s] Invoked command in '/home/kyle/ros_ws/build/hik_camera' returned '0': CMAKE_PREFIX_PATH=${CMAKE_PREFIX_PATH}:/opt/ros/humble /usr/bin/cmake --build /home/kyle/ros_ws/build/hik_camera -- -j32 -l32
[5.775s] Invoking command in '/home/kyle/ros_ws/build/hik_camera': CMAKE_PREFIX_PATH=${CMAKE_PREFIX_PATH}:/opt/ros/humble /usr/bin/cmake --install /home/kyle/ros_ws/build/hik_camera
[5.781s] -- Install configuration: ""
[5.781s] -- Execute custom install script
[5.781s] -- Symlinking: /home/kyle/ros_ws/install/hik_camera/lib/libFormatConversion.so
[5.792s] -- Symlinking: /home/kyle/ros_ws/install/hik_camera/lib/libMVRender.so
[5.805s] -- Symlinking: /home/kyle/ros_ws/install/hik_camera/lib/libMediaProcess.so
[5.815s] -- Symlinking: /home/kyle/ros_ws/install/hik_camera/lib/libMvCameraControl.so
[5.824s] -- Symlinking: /home/kyle/ros_ws/install/hik_camera/lib/libMvUsb3vTL.so
[5.840s] -- Symlinking: /home/kyle/ros_ws/install/hik_camera/lib/hik_camera/hik_camera_node
[5.854s] -- Symlinking: /home/kyle/ros_ws/install/hik_camera/share/hik_camera/environment/library_path.sh
[5.865s] -- Symlinking: /home/kyle/ros_ws/install/hik_camera/share/hik_camera/environment/library_path.dsv
[5.875s] -- Symlinking: /home/kyle/ros_ws/install/hik_camera/lib/libhik_camera.so
[5.886s] -- Symlinking: /home/kyle/ros_ws/install/hik_camera/share/hik_camera/config/camera_info.yaml
[5.901s] -- Symlinking: /home/kyle/ros_ws/install/hik_camera/share/hik_camera/config/camera_params.yaml
[5.915s] -- Symlinking: /home/kyle/ros_ws/install/hik_camera/share/hik_camera/launch/hik_camera.launch.py
[5.927s] -- Symlinking: /home/kyle/ros_ws/install/hik_camera/share/ament_index/resource_index/package_run_dependencies/hik_camera
[5.937s] -- Symlinking: /home/kyle/ros_ws/install/hik_camera/share/ament_index/resource_index/parent_prefix_path/hik_camera
[5.948s] -- Symlinking: /home/kyle/ros_ws/install/hik_camera/share/hik_camera/environment/ament_prefix_path.sh
[5.959s] -- Symlinking: /home/kyle/ros_ws/install/hik_camera/share/hik_camera/environment/ament_prefix_path.dsv
[5.970s] -- Symlinking: /home/kyle/ros_ws/install/hik_camera/share/hik_camera/environment/path.sh
[5.979s] -- Symlinking: /home/kyle/ros_ws/install/hik_camera/share/hik_camera/environment/path.dsv
[5.992s] -- Symlinking: /home/kyle/ros_ws/install/hik_camera/share/hik_camera/local_setup.bash
[6.003s] -- Symlinking: /home/kyle/ros_ws/install/hik_camera/share/hik_camera/local_setup.sh
[6.013s] -- Symlinking: /home/kyle/ros_ws/install/hik_camera/share/hik_camera/local_setup.zsh
[6.022s] -- Symlinking: /home/kyle/ros_ws/install/hik_camera/share/hik_camera/local_setup.dsv
[6.033s] -- Symlinking: /home/kyle/ros_ws/install/hik_camera/share/hik_camera/package.dsv
[6.044s] -- Symlinking: /home/kyle/ros_ws/install/hik_camera/share/ament_index/resource_index/packages/hik_camera
[6.052s] -- Symlinking: /home/kyle/ros_ws/install/hik_camera/share/ament_index/resource_index/rclcpp_components/hik_camera
[6.061s] -- Symlinking: /home/kyle/ros_ws/install/hik_camera/share/hik_camera/cmake/ament_cmake_export_dependencies-extras.cmake
[6.072s] -- Symlinking: /home/kyle/ros_ws/install/hik_camera/share/hik_camera/cmake/ament_cmake_export_libraries-extras.cmake
[6.083s] -- Symlinking: /home/kyle/ros_ws/install/hik_camera/share/hik_camera/cmake/hik_cameraConfig.cmake
[6.096s] -- Symlinking: /home/kyle/ros_ws/install/hik_camera/share/hik_camera/cmake/hik_cameraConfig-version.cmake
[6.106s] -- Symlinking: /home/kyle/ros_ws/install/hik_camera/share/hik_camera/package.xml
[6.118s] Invoked command in '/home/kyle/ros_ws/build/hik_camera' returned '0': CMAKE_PREFIX_PATH=${CMAKE_PREFIX_PATH}:/opt/ros/humble /usr/bin/cmake --install /home/kyle/ros_ws/build/hik_camera
